<?xml version="1.0" encoding="UTF-8"?>
<coverage generated="1509630213363" clover="3.2.0">
  <project timestamp="1509630213364" name="All files">
    <metrics statements="4102" coveredstatements="2392" conditionals="2367" coveredconditionals="918" methods="1430" coveredmethods="507" elements="7899" coveredelements="3817" complexity="0" loc="4102" ncloc="4102" packages="179" files="388" classes="388">
      <package name="src">
        <metrics statements="2" coveredstatements="2" conditionals="4" coveredconditionals="2" methods="0" coveredmethods="0"/>
        <file name="config.js" path="/Users/vg/Documents/Work/froodwebapp/src/config.js">
          <metrics statements="2" coveredstatements="2" conditionals="4" coveredconditionals="2" methods="0" coveredmethods="0"/>
          <line num="1" count="20" type="stmt"/>
          <line num="14" count="20" type="stmt"/>
        </file>
      </package>
      <package name="src.components">
        <metrics statements="0" coveredstatements="0" conditionals="0" coveredconditionals="0" methods="0" coveredmethods="0"/>
        <file name="index.js" path="/Users/vg/Documents/Work/froodwebapp/src/components/index.js">
          <metrics statements="0" coveredstatements="0" conditionals="0" coveredconditionals="0" methods="0" coveredmethods="0"/>
        </file>
      </package>
      <package name="src.components.Breadcrumb">
        <metrics statements="5" coveredstatements="5" conditionals="2" coveredconditionals="2" methods="3" coveredmethods="3"/>
        <file name="Breadcrumb.jsx" path="/Users/vg/Documents/Work/froodwebapp/src/components/Breadcrumb/Breadcrumb.jsx">
          <metrics statements="5" coveredstatements="5" conditionals="2" coveredconditionals="2" methods="3" coveredmethods="3"/>
          <line num="9" count="135" type="stmt"/>
          <line num="10" count="2" type="stmt"/>
          <line num="14" count="3" type="stmt"/>
          <line num="15" count="3" type="stmt"/>
          <line num="24" count="135" type="stmt"/>
        </file>
      </package>
      <package name="src.components.Common">
        <metrics statements="0" coveredstatements="0" conditionals="0" coveredconditionals="0" methods="0" coveredmethods="0"/>
        <file name="index.js" path="/Users/vg/Documents/Work/froodwebapp/src/components/Common/index.js">
          <metrics statements="0" coveredstatements="0" conditionals="0" coveredconditionals="0" methods="0" coveredmethods="0"/>
        </file>
      </package>
      <package name="src.components.Common.AutoComplete">
        <metrics statements="89" coveredstatements="43" conditionals="51" coveredconditionals="3" methods="44" coveredmethods="6"/>
        <file name="AutoComplete.jsx" path="/Users/vg/Documents/Work/froodwebapp/src/components/Common/AutoComplete/AutoComplete.jsx">
          <metrics statements="4" coveredstatements="3" conditionals="21" coveredconditionals="3" methods="2" coveredmethods="1"/>
          <line num="11" count="135" type="stmt"/>
          <line num="31" count="1" type="stmt"/>
          <line num="44" count="0" type="stmt"/>
          <line num="83" count="135" type="stmt"/>
        </file>
        <file name="BundleAutoComplete.jsx" path="/Users/vg/Documents/Work/froodwebapp/src/components/Common/AutoComplete/BundleAutoComplete.jsx">
          <metrics statements="14" coveredstatements="7" conditionals="4" coveredconditionals="0" methods="7" coveredmethods="1"/>
          <line num="12" count="135" type="stmt"/>
          <line num="14" count="135" type="stmt"/>
          <line num="16" count="135" type="stmt"/>
          <line num="21" count="135" type="stmt"/>
          <line num="27" count="0" type="stmt"/>
          <line num="28" count="0" type="stmt"/>
          <line num="34" count="0" type="stmt"/>
          <line num="35" count="0" type="stmt"/>
          <line num="36" count="0" type="stmt"/>
          <line num="40" count="0" type="cond" truecount="0" falsecount="2"/>
          <line num="41" count="0" type="stmt"/>
          <line num="54" count="1" type="stmt"/>
          <line num="56" count="1" type="stmt"/>
          <line num="74" count="135" type="stmt"/>
        </file>
        <file name="CustomerAutoComplete.jsx" path="/Users/vg/Documents/Work/froodwebapp/src/components/Common/AutoComplete/CustomerAutoComplete.jsx">
          <metrics statements="13" coveredstatements="7" conditionals="4" coveredconditionals="0" methods="7" coveredmethods="1"/>
          <line num="12" count="135" type="stmt"/>
          <line num="14" count="135" type="stmt"/>
          <line num="16" count="135" type="stmt"/>
          <line num="21" count="135" type="stmt"/>
          <line num="27" count="0" type="stmt"/>
          <line num="28" count="0" type="stmt"/>
          <line num="34" count="0" type="stmt"/>
          <line num="35" count="0" type="stmt"/>
          <line num="39" count="0" type="cond" truecount="0" falsecount="2"/>
          <line num="40" count="0" type="stmt"/>
          <line num="53" count="1" type="stmt"/>
          <line num="55" count="1" type="stmt"/>
          <line num="73" count="135" type="stmt"/>
        </file>
        <file name="CustomerOrderAutoComplete.jsx" path="/Users/vg/Documents/Work/froodwebapp/src/components/Common/AutoComplete/CustomerOrderAutoComplete.jsx">
          <metrics statements="13" coveredstatements="7" conditionals="4" coveredconditionals="0" methods="7" coveredmethods="1"/>
          <line num="12" count="135" type="stmt"/>
          <line num="14" count="135" type="stmt"/>
          <line num="16" count="135" type="stmt"/>
          <line num="21" count="135" type="stmt"/>
          <line num="27" count="0" type="stmt"/>
          <line num="28" count="0" type="stmt"/>
          <line num="35" count="0" type="stmt"/>
          <line num="36" count="0" type="stmt"/>
          <line num="40" count="0" type="cond" truecount="0" falsecount="2"/>
          <line num="41" count="0" type="stmt"/>
          <line num="55" count="1" type="stmt"/>
          <line num="57" count="1" type="stmt"/>
          <line num="75" count="135" type="stmt"/>
        </file>
        <file name="PromotionAutoComplete.jsx" path="/Users/vg/Documents/Work/froodwebapp/src/components/Common/AutoComplete/PromotionAutoComplete.jsx">
          <metrics statements="13" coveredstatements="5" conditionals="4" coveredconditionals="0" methods="7" coveredmethods="0"/>
          <line num="12" count="135" type="stmt"/>
          <line num="14" count="135" type="stmt"/>
          <line num="16" count="135" type="stmt"/>
          <line num="21" count="135" type="stmt"/>
          <line num="27" count="0" type="stmt"/>
          <line num="28" count="0" type="stmt"/>
          <line num="34" count="0" type="stmt"/>
          <line num="35" count="0" type="stmt"/>
          <line num="39" count="0" type="cond" truecount="0" falsecount="2"/>
          <line num="40" count="0" type="stmt"/>
          <line num="53" count="0" type="stmt"/>
          <line num="55" count="0" type="stmt"/>
          <line num="73" count="135" type="stmt"/>
        </file>
        <file name="SkuAutoComplete.jsx" path="/Users/vg/Documents/Work/froodwebapp/src/components/Common/AutoComplete/SkuAutoComplete.jsx">
          <metrics statements="19" coveredstatements="7" conditionals="10" coveredconditionals="0" methods="7" coveredmethods="1"/>
          <line num="11" count="135" type="stmt"/>
          <line num="13" count="135" type="stmt"/>
          <line num="15" count="135" type="stmt"/>
          <line num="20" count="135" type="stmt"/>
          <line num="27" count="0" type="cond" truecount="0" falsecount="2"/>
          <line num="28" count="0" type="stmt"/>
          <line num="33" count="0" type="stmt"/>
          <line num="37" count="0" type="stmt"/>
          <line num="41" count="0" type="stmt"/>
          <line num="42" count="0" type="stmt"/>
          <line num="43" count="0" type="stmt"/>
          <line num="50" count="0" type="stmt"/>
          <line num="52" count="0" type="cond" truecount="0" falsecount="4"/>
          <line num="53" count="0" type="stmt"/>
          <line num="57" count="0" type="cond" truecount="0" falsecount="2"/>
          <line num="58" count="0" type="stmt"/>
          <line num="72" count="1" type="stmt"/>
          <line num="74" count="1" type="stmt"/>
          <line num="93" count="135" type="stmt"/>
        </file>
        <file name="SupplierAutoComplete.jsx" path="/Users/vg/Documents/Work/froodwebapp/src/components/Common/AutoComplete/SupplierAutoComplete.jsx">
          <metrics statements="13" coveredstatements="7" conditionals="4" coveredconditionals="0" methods="7" coveredmethods="1"/>
          <line num="12" count="135" type="stmt"/>
          <line num="14" count="135" type="stmt"/>
          <line num="16" count="135" type="stmt"/>
          <line num="21" count="135" type="stmt"/>
          <line num="27" count="0" type="stmt"/>
          <line num="28" count="0" type="stmt"/>
          <line num="34" count="0" type="stmt"/>
          <line num="35" count="0" type="stmt"/>
          <line num="39" count="0" type="cond" truecount="0" falsecount="2"/>
          <line num="40" count="0" type="stmt"/>
          <line num="53" count="1" type="stmt"/>
          <line num="55" count="1" type="stmt"/>
          <line num="73" count="135" type="stmt"/>
        </file>
      </package>
      <package name="src.components.Common.Buttons.ActionButton">
        <metrics statements="3" coveredstatements="3" conditionals="2" coveredconditionals="2" methods="1" coveredmethods="1"/>
        <file name="ActionButton.jsx" path="/Users/vg/Documents/Work/froodwebapp/src/components/Common/Buttons/ActionButton/ActionButton.jsx">
          <metrics statements="3" coveredstatements="3" conditionals="2" coveredconditionals="2" methods="1" coveredmethods="1"/>
          <line num="8" count="135" type="stmt"/>
          <line num="16" count="2" type="stmt"/>
          <line num="31" count="135" type="stmt"/>
        </file>
      </package>
      <package name="src.components.Common.Buttons.Button">
        <metrics statements="3" coveredstatements="3" conditionals="5" coveredconditionals="5" methods="1" coveredmethods="1"/>
        <file name="Button.jsx" path="/Users/vg/Documents/Work/froodwebapp/src/components/Common/Buttons/Button/Button.jsx">
          <metrics statements="3" coveredstatements="3" conditionals="5" coveredconditionals="5" methods="1" coveredmethods="1"/>
          <line num="6" count="135" type="stmt"/>
          <line num="16" count="3" type="stmt"/>
          <line num="30" count="135" type="stmt"/>
        </file>
      </package>
      <package name="src.components.Common.Buttons.TableActionButtons">
        <metrics statements="3" coveredstatements="3" conditionals="28" coveredconditionals="19" methods="1" coveredmethods="1"/>
        <file name="TableActionButtons.jsx" path="/Users/vg/Documents/Work/froodwebapp/src/components/Common/Buttons/TableActionButtons/TableActionButtons.jsx">
          <metrics statements="3" coveredstatements="3" conditionals="28" coveredconditionals="19" methods="1" coveredmethods="1"/>
          <line num="15" count="135" type="stmt"/>
          <line num="34" count="2" type="stmt"/>
          <line num="118" count="135" type="stmt"/>
        </file>
      </package>
      <package name="src.components.Common.Controls">
        <metrics statements="3" coveredstatements="3" conditionals="15" coveredconditionals="8" methods="1" coveredmethods="1"/>
        <file name="Controls.jsx" path="/Users/vg/Documents/Work/froodwebapp/src/components/Common/Controls/Controls.jsx">
          <metrics statements="3" coveredstatements="3" conditionals="15" coveredconditionals="8" methods="1" coveredmethods="1"/>
          <line num="6" count="135" type="stmt"/>
          <line num="18" count="2" type="stmt"/>
          <line num="54" count="135" type="stmt"/>
        </file>
      </package>
      <package name="src.components.Common.DynamicTable">
        <metrics statements="203" coveredstatements="126" conditionals="111" coveredconditionals="54" methods="48" coveredmethods="27"/>
        <file name="DraggableHeader.jsx" path="/Users/vg/Documents/Work/froodwebapp/src/components/Common/DynamicTable/DraggableHeader.jsx">
          <metrics statements="31" coveredstatements="12" conditionals="18" coveredconditionals="4" methods="8" coveredmethods="2"/>
          <line num="14" count="138" type="stmt"/>
          <line num="15" count="0" type="stmt"/>
          <line num="21" count="138" type="stmt"/>
          <line num="23" count="0" type="stmt"/>
          <line num="24" count="0" type="stmt"/>
          <line num="27" count="0" type="cond" truecount="0" falsecount="2"/>
          <line num="28" count="0" type="stmt"/>
          <line num="32" count="0" type="stmt"/>
          <line num="35" count="0" type="stmt"/>
          <line num="38" count="0" type="stmt"/>
          <line num="41" count="0" type="stmt"/>
          <line num="48" count="0" type="cond" truecount="0" falsecount="4"/>
          <line num="49" count="0" type="stmt"/>
          <line num="53" count="0" type="cond" truecount="0" falsecount="4"/>
          <line num="54" count="0" type="stmt"/>
          <line num="58" count="0" type="stmt"/>
          <line num="64" count="0" type="stmt"/>
          <line num="67" count="0" type="stmt"/>
          <line num="68" count="0" type="stmt"/>
          <line num="70" count="0" type="stmt"/>
          <line num="74" count="138" type="stmt"/>
          <line num="79" count="138" type="stmt"/>
          <line num="85" count="1" type="stmt"/>
          <line num="86" count="1" type="stmt"/>
          <line num="92" count="0" type="stmt"/>
          <line num="108" count="1" type="stmt"/>
          <line num="110" count="1" type="cond" truecount="1" falsecount="1"/>
          <line num="112" count="1" type="stmt"/>
          <line num="134" count="138" type="stmt"/>
          <line num="148" count="138" type="stmt"/>
          <line num="149" count="138" type="stmt"/>
        </file>
        <file name="DynamicTable.jsx" path="/Users/vg/Documents/Work/froodwebapp/src/components/Common/DynamicTable/DynamicTable.jsx">
          <metrics statements="14" coveredstatements="6" conditionals="8" coveredconditionals="6" methods="6" coveredmethods="2"/>
          <line num="15" count="2" type="stmt"/>
          <line num="16" count="2" type="stmt"/>
          <line num="36" count="0" type="cond" truecount="0" falsecount="2"/>
          <line num="37" count="0" type="stmt"/>
          <line num="58" count="0" type="stmt"/>
          <line num="59" count="0" type="stmt"/>
          <line num="61" count="0" type="stmt"/>
          <line num="70" count="0" type="stmt"/>
          <line num="88" count="0" type="stmt"/>
          <line num="90" count="0" type="stmt"/>
          <line num="97" count="3" type="stmt"/>
          <line num="98" count="3" type="stmt"/>
          <line num="100" count="3" type="stmt"/>
          <line num="130" count="136" type="stmt"/>
        </file>
        <file name="StickyTable.jsx" path="/Users/vg/Documents/Work/froodwebapp/src/components/Common/DynamicTable/StickyTable.jsx">
          <metrics statements="148" coveredstatements="100" conditionals="75" coveredconditionals="38" methods="28" coveredmethods="19"/>
          <line num="8" count="137" type="stmt"/>
          <line num="15" count="2" type="stmt"/>
          <line num="16" count="2" type="stmt"/>
          <line num="18" count="2" type="stmt"/>
          <line num="20" count="2" type="stmt"/>
          <line num="26" count="2" type="stmt"/>
          <line num="30" count="2" type="stmt"/>
          <line num="32" count="2" type="cond" truecount="1" falsecount="1"/>
          <line num="33" count="2" type="stmt"/>
          <line num="34" count="2" type="stmt"/>
          <line num="35" count="2" type="stmt"/>
          <line num="36" count="2" type="stmt"/>
          <line num="37" count="2" type="stmt"/>
          <line num="38" count="2" type="stmt"/>
          <line num="39" count="2" type="stmt"/>
          <line num="40" count="2" type="stmt"/>
          <line num="41" count="2" type="stmt"/>
          <line num="43" count="2" type="stmt"/>
          <line num="44" count="2" type="stmt"/>
          <line num="46" count="2" type="stmt"/>
          <line num="48" count="2" type="stmt"/>
          <line num="49" count="2" type="stmt"/>
          <line num="50" count="2" type="stmt"/>
          <line num="55" count="0" type="stmt"/>
          <line num="57" count="0" type="stmt"/>
          <line num="64" count="0" type="stmt"/>
          <line num="68" count="0" type="cond" truecount="0" falsecount="2"/>
          <line num="69" count="0" type="stmt"/>
          <line num="74" count="0" type="stmt"/>
          <line num="78" count="2" type="stmt"/>
          <line num="79" count="2" type="stmt"/>
          <line num="80" count="2" type="stmt"/>
          <line num="81" count="2" type="stmt"/>
          <line num="82" count="2" type="stmt"/>
          <line num="83" count="2" type="stmt"/>
          <line num="87" count="0" type="stmt"/>
          <line num="88" count="0" type="stmt"/>
          <line num="92" count="2" type="stmt"/>
          <line num="93" count="2" type="stmt"/>
          <line num="94" count="2" type="stmt"/>
          <line num="95" count="2" type="stmt"/>
          <line num="97" count="2" type="cond" truecount="3" falsecount="1"/>
          <line num="98" count="2" type="stmt"/>
          <line num="99" count="2" type="stmt"/>
          <line num="100" count="2" type="stmt"/>
          <line num="101" count="2" type="stmt"/>
          <line num="104" count="2" type="cond" truecount="3" falsecount="1"/>
          <line num="105" count="2" type="stmt"/>
          <line num="106" count="2" type="stmt"/>
          <line num="107" count="2" type="stmt"/>
          <line num="108" count="2" type="stmt"/>
          <line num="111" count="2" type="cond" truecount="3" falsecount="1"/>
          <line num="112" count="2" type="stmt"/>
          <line num="113" count="2" type="stmt"/>
          <line num="114" count="2" type="stmt"/>
          <line num="115" count="2" type="stmt"/>
          <line num="118" count="2" type="cond" truecount="3" falsecount="1"/>
          <line num="119" count="2" type="stmt"/>
          <line num="120" count="2" type="stmt"/>
          <line num="121" count="2" type="stmt"/>
          <line num="122" count="2" type="stmt"/>
          <line num="127" count="2" type="stmt"/>
          <line num="128" count="2" type="stmt"/>
          <line num="132" count="2" type="stmt"/>
          <line num="133" count="2" type="stmt"/>
          <line num="135" count="2" type="stmt"/>
          <line num="136" count="2" type="stmt"/>
          <line num="140" count="6" type="stmt"/>
          <line num="141" count="6" type="stmt"/>
          <line num="147" count="6" type="stmt"/>
          <line num="153" count="6" type="stmt"/>
          <line num="157" count="6" type="stmt"/>
          <line num="159" count="6" type="cond" truecount="1" falsecount="1"/>
          <line num="163" count="1" type="stmt"/>
          <line num="164" count="1" type="stmt"/>
          <line num="166" count="1" type="stmt"/>
          <line num="172" count="1" type="stmt"/>
          <line num="176" count="1" type="stmt"/>
          <line num="177" count="1" type="stmt"/>
          <line num="179" count="1" type="stmt"/>
          <line num="180" count="1" type="stmt"/>
          <line num="183" count="1" type="stmt"/>
          <line num="192" count="1" type="stmt"/>
          <line num="194" count="1" type="stmt"/>
          <line num="195" count="1" type="stmt"/>
          <line num="197" count="1" type="stmt"/>
          <line num="204" count="1" type="stmt"/>
          <line num="211" count="2" type="cond" truecount="1" falsecount="1"/>
          <line num="212" count="0" type="stmt"/>
          <line num="213" count="0" type="stmt"/>
          <line num="215" count="0" type="cond" truecount="0" falsecount="2"/>
          <line num="216" count="0" type="stmt"/>
          <line num="218" count="0" type="stmt"/>
          <line num="220" count="0" type="cond" truecount="0" falsecount="4"/>
          <line num="221" count="0" type="stmt"/>
          <line num="229" count="2" type="cond" truecount="2" falsecount="0"/>
          <line num="230" count="1" type="stmt"/>
          <line num="231" count="0" type="stmt"/>
          <line num="233" count="0" type="cond" truecount="0" falsecount="2"/>
          <line num="234" count="0" type="stmt"/>
          <line num="235" count="0" type="stmt"/>
          <line num="237" count="0" type="stmt"/>
          <line num="238" count="0" type="stmt"/>
          <line num="239" count="0" type="stmt"/>
          <line num="241" count="0" type="cond" truecount="0" falsecount="4"/>
          <line num="242" count="0" type="stmt"/>
          <line num="244" count="0" type="stmt"/>
          <line num="245" count="0" type="stmt"/>
          <line num="253" count="2" type="stmt"/>
          <line num="254" count="2" type="cond" truecount="1" falsecount="1"/>
          <line num="255" count="0" type="cond" truecount="0" falsecount="2"/>
          <line num="256" count="0" type="cond" truecount="0" falsecount="2"/>
          <line num="257" count="0" type="stmt"/>
          <line num="258" count="0" type="stmt"/>
          <line num="260" count="0" type="cond" truecount="0" falsecount="2"/>
          <line num="261" count="0" type="stmt"/>
          <line num="270" count="2" type="stmt"/>
          <line num="271" count="2" type="stmt"/>
          <line num="272" count="0" type="cond" truecount="0" falsecount="2"/>
          <line num="273" count="0" type="stmt"/>
          <line num="274" count="0" type="stmt"/>
          <line num="276" count="0" type="stmt"/>
          <line num="281" count="2" type="stmt"/>
          <line num="282" count="2" type="stmt"/>
          <line num="283" count="0" type="cond" truecount="0" falsecount="2"/>
          <line num="284" count="0" type="stmt"/>
          <line num="285" count="0" type="stmt"/>
          <line num="287" count="0" type="stmt"/>
          <line num="293" count="0" type="cond" truecount="0" falsecount="2"/>
          <line num="294" count="0" type="stmt"/>
          <line num="295" count="0" type="stmt"/>
          <line num="297" count="0" type="stmt"/>
          <line num="302" count="0" type="cond" truecount="0" falsecount="2"/>
          <line num="303" count="0" type="stmt"/>
          <line num="304" count="0" type="stmt"/>
          <line num="306" count="0" type="stmt"/>
          <line num="311" count="2" type="stmt"/>
          <line num="312" count="2" type="stmt"/>
          <line num="313" count="2" type="stmt"/>
          <line num="319" count="2" type="cond" truecount="1" falsecount="1"/>
          <line num="320" count="2" type="cond" truecount="4" falsecount="0"/>
          <line num="321" count="1" type="stmt"/>
          <line num="323" count="2" type="cond" truecount="2" falsecount="0"/>
          <line num="324" count="1" type="stmt"/>
          <line num="326" count="2" type="cond" truecount="2" falsecount="0"/>
          <line num="327" count="1" type="stmt"/>
          <line num="331" count="2" type="stmt"/>
          <line num="356" count="137" type="stmt"/>
        </file>
        <file name="getTableRows.js" path="/Users/vg/Documents/Work/froodwebapp/src/components/Common/DynamicTable/getTableRows.js">
          <metrics statements="10" coveredstatements="8" conditionals="10" coveredconditionals="6" methods="6" coveredmethods="4"/>
          <line num="8" count="137" type="stmt"/>
          <line num="20" count="2" type="stmt"/>
          <line num="21" count="2" type="stmt"/>
          <line num="25" count="0" type="stmt"/>
          <line num="29" count="2" type="stmt"/>
          <line num="49" count="2" type="stmt"/>
          <line num="50" count="4" type="stmt"/>
          <line num="54" count="0" type="stmt"/>
          <line num="60" count="4" type="stmt"/>
          <line num="90" count="2" type="stmt"/>
        </file>
      </package>
      <package name="src.components.Common.DynamicTable.BulkMenu">
        <metrics statements="10" coveredstatements="9" conditionals="2" coveredconditionals="1" methods="11" coveredmethods="3"/>
        <file name="BulkMenu.jsx" path="/Users/vg/Documents/Work/froodwebapp/src/components/Common/DynamicTable/BulkMenu/BulkMenu.jsx">
          <metrics statements="7" coveredstatements="6" conditionals="2" coveredconditionals="1" methods="10" coveredmethods="2"/>
          <line num="10" count="1" type="stmt"/>
          <line num="11" count="1" type="stmt"/>
          <line num="17" count="0" type="stmt"/>
          <line num="23" count="1" type="stmt"/>
          <line num="24" count="1" type="stmt"/>
          <line num="26" count="1" type="stmt"/>
          <line num="90" count="137" type="stmt"/>
        </file>
        <file name="BulkMenuBodyItem.jsx" path="/Users/vg/Documents/Work/froodwebapp/src/components/Common/DynamicTable/BulkMenu/BulkMenuBodyItem.jsx">
          <metrics statements="3" coveredstatements="3" conditionals="0" coveredconditionals="0" methods="1" coveredmethods="1"/>
          <line num="7" count="138" type="stmt"/>
          <line num="8" count="1" type="stmt"/>
          <line num="18" count="138" type="stmt"/>
        </file>
      </package>
      <package name="src.components.Common.DynamicTable.TableComponents">
        <metrics statements="9" coveredstatements="9" conditionals="2" coveredconditionals="1" methods="3" coveredmethods="3"/>
        <file name="Cell.jsx" path="/Users/vg/Documents/Work/froodwebapp/src/components/Common/DynamicTable/TableComponents/Cell.jsx">
          <metrics statements="3" coveredstatements="3" conditionals="2" coveredconditionals="1" methods="1" coveredmethods="1"/>
          <line num="6" count="141" type="stmt"/>
          <line num="7" count="1" type="cond" truecount="1" falsecount="1"/>
          <line num="12" count="141" type="stmt"/>
        </file>
        <file name="Row.jsx" path="/Users/vg/Documents/Work/froodwebapp/src/components/Common/DynamicTable/TableComponents/Row.jsx">
          <metrics statements="3" coveredstatements="3" conditionals="0" coveredconditionals="0" methods="1" coveredmethods="1"/>
          <line num="5" count="141" type="stmt"/>
          <line num="6" count="1" type="stmt"/>
          <line num="11" count="141" type="stmt"/>
        </file>
        <file name="Table.jsx" path="/Users/vg/Documents/Work/froodwebapp/src/components/Common/DynamicTable/TableComponents/Table.jsx">
          <metrics statements="3" coveredstatements="3" conditionals="0" coveredconditionals="0" methods="1" coveredmethods="1"/>
          <line num="5" count="141" type="stmt"/>
          <line num="6" count="1" type="stmt"/>
          <line num="11" count="141" type="stmt"/>
        </file>
        <file name="index.js" path="/Users/vg/Documents/Work/froodwebapp/src/components/Common/DynamicTable/TableComponents/index.js">
          <metrics statements="0" coveredstatements="0" conditionals="0" coveredconditionals="0" methods="0" coveredmethods="0"/>
        </file>
      </package>
      <package name="src.components.Common.FroodAntdComponents">
        <metrics statements="32" coveredstatements="23" conditionals="10" coveredconditionals="5" methods="16" coveredmethods="8"/>
        <file name="FroodDatePicker.jsx" path="/Users/vg/Documents/Work/froodwebapp/src/components/Common/FroodAntdComponents/FroodDatePicker.jsx">
          <metrics statements="5" coveredstatements="4" conditionals="2" coveredconditionals="2" methods="3" coveredmethods="2"/>
          <line num="8" count="1" type="stmt"/>
          <line num="12" count="0" type="stmt"/>
          <line num="16" count="1" type="stmt"/>
          <line num="17" count="1" type="stmt"/>
          <line num="34" count="135" type="stmt"/>
        </file>
        <file name="FroodInput.jsx" path="/Users/vg/Documents/Work/froodwebapp/src/components/Common/FroodAntdComponents/FroodInput.jsx">
          <metrics statements="4" coveredstatements="1" conditionals="0" coveredconditionals="0" methods="2" coveredmethods="0"/>
          <line num="7" count="0" type="stmt"/>
          <line num="11" count="0" type="stmt"/>
          <line num="13" count="0" type="stmt"/>
          <line num="25" count="135" type="stmt"/>
        </file>
        <file name="FroodInputNumber.jsx" path="/Users/vg/Documents/Work/froodwebapp/src/components/Common/FroodAntdComponents/FroodInputNumber.jsx">
          <metrics statements="4" coveredstatements="3" conditionals="2" coveredconditionals="1" methods="2" coveredmethods="1"/>
          <line num="7" count="0" type="stmt"/>
          <line num="22" count="1" type="stmt"/>
          <line num="23" count="1" type="stmt"/>
          <line num="41" count="135" type="stmt"/>
        </file>
        <file name="FroodSearchInput.js" path="/Users/vg/Documents/Work/froodwebapp/src/components/Common/FroodAntdComponents/FroodSearchInput.js">
          <metrics statements="5" coveredstatements="4" conditionals="0" coveredconditionals="0" methods="2" coveredmethods="1"/>
          <line num="6" count="135" type="stmt"/>
          <line num="10" count="0" type="stmt"/>
          <line num="14" count="1" type="stmt"/>
          <line num="15" count="1" type="stmt"/>
          <line num="25" count="135" type="stmt"/>
        </file>
        <file name="FroodSelect.jsx" path="/Users/vg/Documents/Work/froodwebapp/src/components/Common/FroodAntdComponents/FroodSelect.jsx">
          <metrics statements="6" coveredstatements="5" conditionals="3" coveredconditionals="2" methods="3" coveredmethods="2"/>
          <line num="6" count="135" type="stmt"/>
          <line num="10" count="0" type="stmt"/>
          <line num="17" count="1" type="stmt"/>
          <line num="19" count="1" type="stmt"/>
          <line num="26" count="1" type="stmt"/>
          <line num="38" count="135" type="stmt"/>
        </file>
        <file name="FroodSwitch.jsx" path="/Users/vg/Documents/Work/froodwebapp/src/components/Common/FroodAntdComponents/FroodSwitch.jsx">
          <metrics statements="4" coveredstatements="3" conditionals="3" coveredconditionals="0" methods="2" coveredmethods="1"/>
          <line num="7" count="0" type="stmt"/>
          <line num="18" count="1" type="stmt"/>
          <line num="19" count="1" type="stmt"/>
          <line num="33" count="135" type="stmt"/>
        </file>
        <file name="FroodTag.jsx" path="/Users/vg/Documents/Work/froodwebapp/src/components/Common/FroodAntdComponents/FroodTag.jsx">
          <metrics statements="4" coveredstatements="3" conditionals="0" coveredconditionals="0" methods="2" coveredmethods="1"/>
          <line num="7" count="0" type="stmt"/>
          <line num="14" count="1" type="stmt"/>
          <line num="15" count="1" type="stmt"/>
          <line num="28" count="136" type="stmt"/>
        </file>
      </package>
      <package name="src.components.Common.GridComponents">
        <metrics statements="17" coveredstatements="8" conditionals="7" coveredconditionals="0" methods="7" coveredmethods="2"/>
        <file name="GridCheckbox.jsx" path="/Users/vg/Documents/Work/froodwebapp/src/components/Common/GridComponents/GridCheckbox.jsx">
          <metrics statements="7" coveredstatements="3" conditionals="2" coveredconditionals="0" methods="2" coveredmethods="1"/>
          <line num="12" count="0" type="stmt"/>
          <line num="14" count="0" type="cond" truecount="0" falsecount="2"/>
          <line num="15" count="0" type="stmt"/>
          <line num="17" count="0" type="stmt"/>
          <line num="22" count="1" type="stmt"/>
          <line num="23" count="1" type="stmt"/>
          <line num="33" count="135" type="stmt"/>
        </file>
        <file name="GridSkuAutoComplete.jsx" path="/Users/vg/Documents/Work/froodwebapp/src/components/Common/GridComponents/GridSkuAutoComplete.jsx">
          <metrics statements="10" coveredstatements="5" conditionals="5" coveredconditionals="0" methods="5" coveredmethods="1"/>
          <line num="7" count="135" type="stmt"/>
          <line num="12" count="135" type="stmt"/>
          <line num="16" count="0" type="cond" truecount="0" falsecount="4"/>
          <line num="18" count="0" type="stmt"/>
          <line num="23" count="0" type="stmt"/>
          <line num="27" count="0" type="stmt"/>
          <line num="31" count="0" type="stmt"/>
          <line num="39" count="1" type="stmt"/>
          <line num="41" count="1" type="stmt"/>
          <line num="62" count="135" type="stmt"/>
        </file>
      </package>
      <package name="src.components.Common.GridComponents.GridButton">
        <metrics statements="7" coveredstatements="5" conditionals="0" coveredconditionals="0" methods="4" coveredmethods="2"/>
        <file name="GridButton.jsx" path="/Users/vg/Documents/Work/froodwebapp/src/components/Common/GridComponents/GridButton/GridButton.jsx">
          <metrics statements="7" coveredstatements="5" conditionals="0" coveredconditionals="0" methods="4" coveredmethods="2"/>
          <line num="8" count="1" type="stmt"/>
          <line num="9" count="1" type="stmt"/>
          <line num="16" count="0" type="stmt"/>
          <line num="23" count="0" type="stmt"/>
          <line num="27" count="1" type="stmt"/>
          <line num="28" count="1" type="stmt"/>
          <line num="41" count="135" type="stmt"/>
        </file>
      </package>
      <package name="src.components.Common.GridComponents.GridInput">
        <metrics statements="4" coveredstatements="3" conditionals="1" coveredconditionals="0" methods="2" coveredmethods="1"/>
        <file name="GridInput.jsx" path="/Users/vg/Documents/Work/froodwebapp/src/components/Common/GridComponents/GridInput/GridInput.jsx">
          <metrics statements="4" coveredstatements="3" conditionals="1" coveredconditionals="0" methods="2" coveredmethods="1"/>
          <line num="8" count="0" type="stmt"/>
          <line num="16" count="1" type="stmt"/>
          <line num="18" count="1" type="stmt"/>
          <line num="32" count="135" type="stmt"/>
        </file>
      </package>
      <package name="src.components.Common.GridComponents.GridInputNumber">
        <metrics statements="4" coveredstatements="3" conditionals="1" coveredconditionals="0" methods="2" coveredmethods="1"/>
        <file name="GridInputNumber.jsx" path="/Users/vg/Documents/Work/froodwebapp/src/components/Common/GridComponents/GridInputNumber/GridInputNumber.jsx">
          <metrics statements="4" coveredstatements="3" conditionals="1" coveredconditionals="0" methods="2" coveredmethods="1"/>
          <line num="8" count="0" type="stmt"/>
          <line num="20" count="1" type="stmt"/>
          <line num="22" count="1" type="stmt"/>
          <line num="40" count="135" type="stmt"/>
        </file>
      </package>
      <package name="src.components.Common.GridComponents.GridSelect">
        <metrics statements="9" coveredstatements="4" conditionals="7" coveredconditionals="4" methods="4" coveredmethods="1"/>
        <file name="GridSelect.jsx" path="/Users/vg/Documents/Work/froodwebapp/src/components/Common/GridComponents/GridSelect/GridSelect.jsx">
          <metrics statements="9" coveredstatements="4" conditionals="7" coveredconditionals="4" methods="4" coveredmethods="1"/>
          <line num="6" count="135" type="stmt"/>
          <line num="10" count="0" type="cond" truecount="0" falsecount="2"/>
          <line num="11" count="0" type="stmt"/>
          <line num="12" count="0" type="stmt"/>
          <line num="22" count="1" type="stmt"/>
          <line num="24" count="1" type="stmt"/>
          <line num="33" count="0" type="stmt"/>
          <line num="36" count="0" type="stmt"/>
          <line num="48" count="135" type="stmt"/>
        </file>
      </package>
      <package name="src.components.Common.GridComponents.GridTable">
        <metrics statements="86" coveredstatements="12" conditionals="65" coveredconditionals="13" methods="21" coveredmethods="4"/>
        <file name="GridTable.jsx" path="/Users/vg/Documents/Work/froodwebapp/src/components/Common/GridComponents/GridTable/GridTable.jsx">
          <metrics statements="48" coveredstatements="5" conditionals="20" coveredconditionals="10" methods="19" coveredmethods="2"/>
          <line num="12" count="135" type="stmt"/>
          <line num="17" count="0" type="stmt"/>
          <line num="18" count="0" type="stmt"/>
          <line num="19" count="0" type="cond" truecount="0" falsecount="2"/>
          <line num="20" count="0" type="stmt"/>
          <line num="21" count="0" type="stmt"/>
          <line num="23" count="0" type="stmt"/>
          <line num="25" count="0" type="stmt"/>
          <line num="30" count="0" type="stmt"/>
          <line num="31" count="0" type="stmt"/>
          <line num="32" count="0" type="stmt"/>
          <line num="36" count="0" type="stmt"/>
          <line num="40" count="0" type="stmt"/>
          <line num="41" count="0" type="stmt"/>
          <line num="42" count="0" type="stmt"/>
          <line num="46" count="0" type="stmt"/>
          <line num="47" count="0" type="stmt"/>
          <line num="58" count="0" type="stmt"/>
          <line num="62" count="0" type="stmt"/>
          <line num="64" count="0" type="stmt"/>
          <line num="69" count="0" type="stmt"/>
          <line num="70" count="0" type="cond" truecount="0" falsecount="2"/>
          <line num="71" count="0" type="stmt"/>
          <line num="75" count="0" type="stmt"/>
          <line num="76" count="0" type="stmt"/>
          <line num="80" count="0" type="stmt"/>
          <line num="82" count="0" type="stmt"/>
          <line num="83" count="0" type="stmt"/>
          <line num="85" count="0" type="stmt"/>
          <line num="89" count="0" type="stmt"/>
          <line num="90" count="0" type="stmt"/>
          <line num="92" count="0" type="cond" truecount="0" falsecount="2"/>
          <line num="93" count="0" type="stmt"/>
          <line num="95" count="0" type="stmt"/>
          <line num="96" count="0" type="stmt"/>
          <line num="97" count="0" type="stmt"/>
          <line num="102" count="0" type="stmt"/>
          <line num="103" count="0" type="stmt"/>
          <line num="104" count="0" type="stmt"/>
          <line num="105" count="0" type="stmt"/>
          <line num="106" count="0" type="stmt"/>
          <line num="110" count="0" type="stmt"/>
          <line num="124" count="1" type="stmt"/>
          <line num="126" count="1" type="stmt"/>
          <line num="142" count="0" type="stmt"/>
          <line num="151" count="1" type="stmt"/>
          <line num="180" count="0" type="stmt"/>
          <line num="199" count="135" type="stmt"/>
        </file>
        <file name="getColumnRender.jsx" path="/Users/vg/Documents/Work/froodwebapp/src/components/Common/GridComponents/GridTable/getColumnRender.jsx">
          <metrics statements="38" coveredstatements="7" conditionals="45" coveredconditionals="3" methods="2" coveredmethods="2"/>
          <line num="14" count="135" type="stmt"/>
          <line num="26" count="1" type="stmt"/>
          <line num="30" count="1" type="stmt"/>
          <line num="32" count="1" type="cond" truecount="1" falsecount="7"/>
          <line num="34" count="0" type="stmt"/>
          <line num="45" count="0" type="stmt"/>
          <line num="48" count="0" type="cond" truecount="0" falsecount="4"/>
          <line num="49" count="0" type="stmt"/>
          <line num="64" count="0" type="cond" truecount="0" falsecount="4"/>
          <line num="65" count="0" type="stmt"/>
          <line num="67" count="0" type="stmt"/>
          <line num="82" count="0" type="stmt"/>
          <line num="84" count="0" type="cond" truecount="0" falsecount="4"/>
          <line num="85" count="0" type="stmt"/>
          <line num="95" count="0" type="cond" truecount="0" falsecount="4"/>
          <line num="96" count="0" type="stmt"/>
          <line num="98" count="0" type="stmt"/>
          <line num="109" count="0" type="stmt"/>
          <line num="111" count="0" type="cond" truecount="0" falsecount="4"/>
          <line num="112" count="0" type="stmt"/>
          <line num="121" count="0" type="cond" truecount="0" falsecount="4"/>
          <line num="122" count="0" type="stmt"/>
          <line num="124" count="0" type="stmt"/>
          <line num="135" count="0" type="stmt"/>
          <line num="137" count="0" type="stmt"/>
          <line num="147" count="0" type="stmt"/>
          <line num="149" count="0" type="cond" truecount="0" falsecount="4"/>
          <line num="150" count="0" type="stmt"/>
          <line num="160" count="0" type="cond" truecount="0" falsecount="4"/>
          <line num="161" count="0" type="stmt"/>
          <line num="171" count="0" type="stmt"/>
          <line num="181" count="0" type="stmt"/>
          <line num="183" count="0" type="stmt"/>
          <line num="191" count="0" type="stmt"/>
          <line num="193" count="1" type="stmt"/>
          <line num="195" count="1" type="cond" truecount="2" falsecount="3"/>
          <line num="196" count="0" type="stmt"/>
          <line num="207" count="1" type="stmt"/>
        </file>
      </package>
      <package name="src.components.Common.GridComponents.GridTags">
        <metrics statements="14" coveredstatements="6" conditionals="6" coveredconditionals="4" methods="7" coveredmethods="2"/>
        <file name="GridTags.jsx" path="/Users/vg/Documents/Work/froodwebapp/src/components/Common/GridComponents/GridTags/GridTags.jsx">
          <metrics statements="14" coveredstatements="6" conditionals="6" coveredconditionals="4" methods="7" coveredmethods="2"/>
          <line num="9" count="1" type="stmt"/>
          <line num="10" count="1" type="stmt"/>
          <line num="16" count="0" type="stmt"/>
          <line num="20" count="0" type="stmt"/>
          <line num="24" count="0" type="stmt"/>
          <line num="25" count="0" type="cond" truecount="0" falsecount="2"/>
          <line num="26" count="0" type="stmt"/>
          <line num="27" count="0" type="stmt"/>
          <line num="29" count="0" type="stmt"/>
          <line num="38" count="1" type="stmt"/>
          <line num="42" count="1" type="stmt"/>
          <line num="44" count="1" type="stmt"/>
          <line num="47" count="0" type="stmt"/>
          <line num="73" count="135" type="stmt"/>
        </file>
      </package>
      <package name="src.components.Common.NewTableRow">
        <metrics statements="3" coveredstatements="3" conditionals="2" coveredconditionals="1" methods="1" coveredmethods="1"/>
        <file name="NewTableRow.jsx" path="/Users/vg/Documents/Work/froodwebapp/src/components/Common/NewTableRow/NewTableRow.jsx">
          <metrics statements="3" coveredstatements="3" conditionals="2" coveredconditionals="1" methods="1" coveredmethods="1"/>
          <line num="7" count="135" type="stmt"/>
          <line num="13" count="1" type="stmt"/>
          <line num="22" count="135" type="stmt"/>
        </file>
      </package>
      <package name="src.components.Common.OrderTabHeader">
        <metrics statements="3" coveredstatements="3" conditionals="4" coveredconditionals="4" methods="1" coveredmethods="1"/>
        <file name="OrderTabHeader.jsx" path="/Users/vg/Documents/Work/froodwebapp/src/components/Common/OrderTabHeader/OrderTabHeader.jsx">
          <metrics statements="3" coveredstatements="3" conditionals="4" coveredconditionals="4" methods="1" coveredmethods="1"/>
          <line num="16" count="2" type="stmt"/>
          <line num="18" count="2" type="stmt"/>
          <line num="57" count="135" type="stmt"/>
        </file>
      </package>
      <package name="src.components.Common.PageHeader">
        <metrics statements="3" coveredstatements="3" conditionals="0" coveredconditionals="0" methods="1" coveredmethods="1"/>
        <file name="PageHeader.jsx" path="/Users/vg/Documents/Work/froodwebapp/src/components/Common/PageHeader/PageHeader.jsx">
          <metrics statements="3" coveredstatements="3" conditionals="0" coveredconditionals="0" methods="1" coveredmethods="1"/>
          <line num="5" count="135" type="stmt"/>
          <line num="6" count="1" type="stmt"/>
          <line num="16" count="135" type="stmt"/>
        </file>
      </package>
      <package name="src.components.Common.TopFormModal">
        <metrics statements="7" coveredstatements="4" conditionals="66" coveredconditionals="1" methods="4" coveredmethods="1"/>
        <file name="TopFormModal.jsx" path="/Users/vg/Documents/Work/froodwebapp/src/components/Common/TopFormModal/TopFormModal.jsx">
          <metrics statements="7" coveredstatements="4" conditionals="66" coveredconditionals="1" methods="4" coveredmethods="1"/>
          <line num="63" count="135" type="stmt"/>
          <line num="70" count="0" type="stmt"/>
          <line num="74" count="0" type="stmt"/>
          <line num="88" count="1" type="stmt"/>
          <line num="90" count="1" type="stmt"/>
          <line num="111" count="0" type="stmt"/>
          <line num="221" count="135" type="stmt"/>
        </file>
      </package>
      <package name="src.components.Footer">
        <metrics statements="2" coveredstatements="2" conditionals="0" coveredconditionals="0" methods="1" coveredmethods="1"/>
        <file name="Footer.jsx" path="/Users/vg/Documents/Work/froodwebapp/src/components/Footer/Footer.jsx">
          <metrics statements="2" coveredstatements="2" conditionals="0" coveredconditionals="0" methods="1" coveredmethods="1"/>
          <line num="4" count="135" type="stmt"/>
          <line num="5" count="1" type="stmt"/>
        </file>
      </package>
      <package name="src.components.Header">
        <metrics statements="16" coveredstatements="9" conditionals="12" coveredconditionals="6" methods="8" coveredmethods="2"/>
        <file name="Header.jsx" path="/Users/vg/Documents/Work/froodwebapp/src/components/Header/Header.jsx">
          <metrics statements="16" coveredstatements="9" conditionals="12" coveredconditionals="6" methods="8" coveredmethods="2"/>
          <line num="26" count="136" type="stmt"/>
          <line num="30" count="136" type="stmt"/>
          <line num="36" count="136" type="stmt"/>
          <line num="40" count="1" type="stmt"/>
          <line num="41" count="1" type="stmt"/>
          <line num="49" count="0" type="stmt"/>
          <line num="50" count="0" type="stmt"/>
          <line num="51" count="0" type="stmt"/>
          <line num="55" count="0" type="stmt"/>
          <line num="63" count="0" type="cond" truecount="0" falsecount="2"/>
          <line num="64" count="0" type="stmt"/>
          <line num="69" count="0" type="stmt"/>
          <line num="79" count="1" type="stmt"/>
          <line num="85" count="1" type="stmt"/>
          <line num="87" count="1" type="stmt"/>
          <line num="212" count="136" type="stmt"/>
        </file>
        <file name="menuLinks.js" path="/Users/vg/Documents/Work/froodwebapp/src/components/Header/menuLinks.js">
          <metrics statements="0" coveredstatements="0" conditionals="0" coveredconditionals="0" methods="0" coveredmethods="0"/>
        </file>
      </package>
      <package name="src.components.Header.HeaderMenu">
        <metrics statements="13" coveredstatements="6" conditionals="12" coveredconditionals="3" methods="7" coveredmethods="2"/>
        <file name="HeaderMenu.jsx" path="/Users/vg/Documents/Work/froodwebapp/src/components/Header/HeaderMenu/HeaderMenu.jsx">
          <metrics statements="13" coveredstatements="6" conditionals="12" coveredconditionals="3" methods="7" coveredmethods="2"/>
          <line num="14" count="1" type="stmt"/>
          <line num="15" count="1" type="stmt"/>
          <line num="21" count="0" type="stmt"/>
          <line num="27" count="0" type="stmt"/>
          <line num="33" count="0" type="cond" truecount="0" falsecount="2"/>
          <line num="34" count="0" type="cond" truecount="0" falsecount="2"/>
          <line num="36" count="0" type="stmt"/>
          <line num="37" count="0" type="stmt"/>
          <line num="51" count="1" type="stmt"/>
          <line num="53" count="1" type="stmt"/>
          <line num="55" count="1" type="stmt"/>
          <line num="82" count="0" type="cond" truecount="0" falsecount="3"/>
          <line num="110" count="137" type="stmt"/>
        </file>
      </package>
      <package name="src.components.Header.HeaderMenu.Sections">
        <metrics statements="15" coveredstatements="13" conditionals="16" coveredconditionals="11" methods="7" coveredmethods="5"/>
        <file name="ItemWithNestedItems.jsx" path="/Users/vg/Documents/Work/froodwebapp/src/components/Header/HeaderMenu/Sections/ItemWithNestedItems.jsx">
          <metrics statements="9" coveredstatements="7" conditionals="8" coveredconditionals="6" methods="5" coveredmethods="3"/>
          <line num="16" count="1" type="stmt"/>
          <line num="17" count="1" type="stmt"/>
          <line num="23" count="0" type="stmt"/>
          <line num="29" count="0" type="stmt"/>
          <line num="35" count="1" type="stmt"/>
          <line num="45" count="1" type="stmt"/>
          <line num="47" count="1" type="stmt"/>
          <line num="79" count="2" type="stmt"/>
          <line num="110" count="138" type="stmt"/>
        </file>
        <file name="SingleMenuItem.jsx" path="/Users/vg/Documents/Work/froodwebapp/src/components/Header/HeaderMenu/Sections/SingleMenuItem.jsx">
          <metrics statements="3" coveredstatements="3" conditionals="4" coveredconditionals="3" methods="1" coveredmethods="1"/>
          <line num="9" count="138" type="stmt"/>
          <line num="17" count="1" type="stmt"/>
          <line num="43" count="138" type="stmt"/>
        </file>
        <file name="VisibleMenu.jsx" path="/Users/vg/Documents/Work/froodwebapp/src/components/Header/HeaderMenu/Sections/VisibleMenu.jsx">
          <metrics statements="3" coveredstatements="3" conditionals="4" coveredconditionals="2" methods="1" coveredmethods="1"/>
          <line num="12" count="138" type="stmt"/>
          <line num="19" count="2" type="stmt"/>
          <line num="40" count="138" type="stmt"/>
        </file>
      </package>
      <package name="src.components.Header.TasksMenu">
        <metrics statements="11" coveredstatements="9" conditionals="4" coveredconditionals="2" methods="6" coveredmethods="3"/>
        <file name="Tag.jsx" path="/Users/vg/Documents/Work/froodwebapp/src/components/Header/TasksMenu/Tag.jsx">
          <metrics statements="4" coveredstatements="3" conditionals="0" coveredconditionals="0" methods="2" coveredmethods="1"/>
          <line num="7" count="0" type="stmt"/>
          <line num="11" count="1" type="stmt"/>
          <line num="12" count="1" type="stmt"/>
          <line num="30" count="138" type="stmt"/>
        </file>
        <file name="TasksMenu.jsx" path="/Users/vg/Documents/Work/froodwebapp/src/components/Header/TasksMenu/TasksMenu.jsx">
          <metrics statements="7" coveredstatements="6" conditionals="4" coveredconditionals="2" methods="4" coveredmethods="2"/>
          <line num="9" count="137" type="stmt"/>
          <line num="14" count="137" type="stmt"/>
          <line num="18" count="0" type="stmt"/>
          <line num="26" count="1" type="stmt"/>
          <line num="28" count="1" type="stmt"/>
          <line num="38" count="2" type="stmt"/>
          <line num="54" count="137" type="stmt"/>
        </file>
      </package>
      <package name="src.components.Icons">
        <metrics statements="0" coveredstatements="0" conditionals="0" coveredconditionals="0" methods="0" coveredmethods="0"/>
        <file name="index.js" path="/Users/vg/Documents/Work/froodwebapp/src/components/Icons/index.js">
          <metrics statements="0" coveredstatements="0" conditionals="0" coveredconditionals="0" methods="0" coveredmethods="0"/>
        </file>
      </package>
      <package name="src.components.Icons.AddIcon">
        <metrics statements="3" coveredstatements="2" conditionals="1" coveredconditionals="0" methods="1" coveredmethods="0"/>
        <file name="AddIcon.jsx" path="/Users/vg/Documents/Work/froodwebapp/src/components/Icons/AddIcon/AddIcon.jsx">
          <metrics statements="3" coveredstatements="2" conditionals="1" coveredconditionals="0" methods="1" coveredmethods="0"/>
          <line num="6" count="6" type="cond" truecount="0" falsecount="1"/>
          <line num="7" count="0" type="stmt"/>
          <line num="15" count="6" type="stmt"/>
        </file>
      </package>
      <package name="src.components.Icons.CloseIcon">
        <metrics statements="3" coveredstatements="3" conditionals="0" coveredconditionals="0" methods="1" coveredmethods="1"/>
        <file name="CloseIcon.jsx" path="/Users/vg/Documents/Work/froodwebapp/src/components/Icons/CloseIcon/CloseIcon.jsx">
          <metrics statements="3" coveredstatements="3" conditionals="0" coveredconditionals="0" methods="1" coveredmethods="1"/>
          <line num="6" count="6" type="stmt"/>
          <line num="7" count="1" type="stmt"/>
          <line num="14" count="6" type="stmt"/>
        </file>
      </package>
      <package name="src.components.Icons.DeleteIcon">
        <metrics statements="3" coveredstatements="3" conditionals="1" coveredconditionals="0" methods="1" coveredmethods="1"/>
        <file name="DeleteIcon.jsx" path="/Users/vg/Documents/Work/froodwebapp/src/components/Icons/DeleteIcon/DeleteIcon.jsx">
          <metrics statements="3" coveredstatements="3" conditionals="1" coveredconditionals="0" methods="1" coveredmethods="1"/>
          <line num="6" count="6" type="cond" truecount="0" falsecount="1"/>
          <line num="7" count="1" type="stmt"/>
          <line num="15" count="6" type="stmt"/>
        </file>
      </package>
      <package name="src.components.Icons.FilterIcon">
        <metrics statements="3" coveredstatements="2" conditionals="1" coveredconditionals="0" methods="1" coveredmethods="0"/>
        <file name="FilterIcon.jsx" path="/Users/vg/Documents/Work/froodwebapp/src/components/Icons/FilterIcon/FilterIcon.jsx">
          <metrics statements="3" coveredstatements="2" conditionals="1" coveredconditionals="0" methods="1" coveredmethods="0"/>
          <line num="6" count="6" type="cond" truecount="0" falsecount="1"/>
          <line num="7" count="0" type="stmt"/>
          <line num="15" count="6" type="stmt"/>
        </file>
      </package>
      <package name="src.components.Icons.OpenIcon">
        <metrics statements="3" coveredstatements="3" conditionals="0" coveredconditionals="0" methods="1" coveredmethods="1"/>
        <file name="OpenIcon.jsx" path="/Users/vg/Documents/Work/froodwebapp/src/components/Icons/OpenIcon/OpenIcon.jsx">
          <metrics statements="3" coveredstatements="3" conditionals="0" coveredconditionals="0" methods="1" coveredmethods="1"/>
          <line num="6" count="6" type="stmt"/>
          <line num="7" count="1" type="stmt"/>
          <line num="15" count="6" type="stmt"/>
        </file>
      </package>
      <package name="src.components.Icons.RefreshIcon">
        <metrics statements="3" coveredstatements="3" conditionals="0" coveredconditionals="0" methods="1" coveredmethods="1"/>
        <file name="RefreshIcon.jsx" path="/Users/vg/Documents/Work/froodwebapp/src/components/Icons/RefreshIcon/RefreshIcon.jsx">
          <metrics statements="3" coveredstatements="3" conditionals="0" coveredconditionals="0" methods="1" coveredmethods="1"/>
          <line num="6" count="6" type="stmt"/>
          <line num="7" count="1" type="stmt"/>
          <line num="15" count="6" type="stmt"/>
        </file>
      </package>
      <package name="src.components.Icons.SettingsIcon">
        <metrics statements="3" coveredstatements="3" conditionals="0" coveredconditionals="0" methods="1" coveredmethods="1"/>
        <file name="SettingsIcon.jsx" path="/Users/vg/Documents/Work/froodwebapp/src/components/Icons/SettingsIcon/SettingsIcon.jsx">
          <metrics statements="3" coveredstatements="3" conditionals="0" coveredconditionals="0" methods="1" coveredmethods="1"/>
          <line num="6" count="6" type="stmt"/>
          <line num="7" count="1" type="stmt"/>
          <line num="15" count="6" type="stmt"/>
        </file>
      </package>
      <package name="src.components.Icons.SortIcon">
        <metrics statements="3" coveredstatements="3" conditionals="0" coveredconditionals="0" methods="1" coveredmethods="1"/>
        <file name="SortIcon.jsx" path="/Users/vg/Documents/Work/froodwebapp/src/components/Icons/SortIcon/SortIcon.jsx">
          <metrics statements="3" coveredstatements="3" conditionals="0" coveredconditionals="0" methods="1" coveredmethods="1"/>
          <line num="8" count="6" type="stmt"/>
          <line num="9" count="1" type="stmt"/>
          <line num="16" count="6" type="stmt"/>
        </file>
      </package>
      <package name="src.components.ReduxFormFields">
        <metrics statements="55" coveredstatements="46" conditionals="35" coveredconditionals="13" methods="26" coveredmethods="17"/>
        <file name="FormCheckbox.jsx" path="/Users/vg/Documents/Work/froodwebapp/src/components/ReduxFormFields/FormCheckbox.jsx">
          <metrics statements="4" coveredstatements="3" conditionals="1" coveredconditionals="0" methods="2" coveredmethods="1"/>
          <line num="7" count="0" type="stmt"/>
          <line num="16" count="2" type="stmt"/>
          <line num="18" count="2" type="stmt"/>
          <line num="30" count="135" type="stmt"/>
        </file>
        <file name="FormDatePicker.jsx" path="/Users/vg/Documents/Work/froodwebapp/src/components/ReduxFormFields/FormDatePicker.jsx">
          <metrics statements="9" coveredstatements="6" conditionals="12" coveredconditionals="3" methods="5" coveredmethods="2"/>
          <line num="6" count="135" type="stmt"/>
          <line num="8" count="0" type="cond" truecount="0" falsecount="5"/>
          <line num="15" count="135" type="stmt"/>
          <line num="17" count="0" type="cond" truecount="0" falsecount="2"/>
          <line num="21" count="0" type="stmt"/>
          <line num="33" count="1" type="stmt"/>
          <line num="35" count="1" type="cond" truecount="1" falsecount="1"/>
          <line num="39" count="1" type="stmt"/>
          <line num="56" count="135" type="stmt"/>
        </file>
        <file name="FormGridTable.jsx" path="/Users/vg/Documents/Work/froodwebapp/src/components/ReduxFormFields/FormGridTable.jsx">
          <metrics statements="3" coveredstatements="3" conditionals="0" coveredconditionals="0" methods="1" coveredmethods="1"/>
          <line num="5" count="135" type="stmt"/>
          <line num="6" count="1" type="stmt"/>
          <line num="13" count="135" type="stmt"/>
        </file>
        <file name="FormInput.jsx" path="/Users/vg/Documents/Work/froodwebapp/src/components/ReduxFormFields/FormInput.jsx">
          <metrics statements="3" coveredstatements="3" conditionals="3" coveredconditionals="2" methods="1" coveredmethods="1"/>
          <line num="21" count="135" type="stmt"/>
          <line num="32" count="1" type="stmt"/>
          <line num="44" count="135" type="stmt"/>
        </file>
        <file name="FormInputNumber.jsx" path="/Users/vg/Documents/Work/froodwebapp/src/components/ReduxFormFields/FormInputNumber.jsx">
          <metrics statements="3" coveredstatements="3" conditionals="3" coveredconditionals="0" methods="1" coveredmethods="1"/>
          <line num="23" count="135" type="stmt"/>
          <line num="37" count="1" type="stmt"/>
          <line num="52" count="135" type="stmt"/>
        </file>
        <file name="FormRadio.jsx" path="/Users/vg/Documents/Work/froodwebapp/src/components/ReduxFormFields/FormRadio.jsx">
          <metrics statements="3" coveredstatements="3" conditionals="0" coveredconditionals="0" methods="1" coveredmethods="1"/>
          <line num="5" count="135" type="stmt"/>
          <line num="6" count="1" type="stmt"/>
          <line num="12" count="135" type="stmt"/>
        </file>
        <file name="FormRadioButtonGroup.jsx" path="/Users/vg/Documents/Work/froodwebapp/src/components/ReduxFormFields/FormRadioButtonGroup.jsx">
          <metrics statements="4" coveredstatements="4" conditionals="3" coveredconditionals="2" methods="2" coveredmethods="2"/>
          <line num="7" count="135" type="stmt"/>
          <line num="13" count="1" type="stmt"/>
          <line num="20" count="2" type="stmt"/>
          <line num="31" count="135" type="stmt"/>
        </file>
        <file name="FormRadioGroup.jsx" path="/Users/vg/Documents/Work/froodwebapp/src/components/ReduxFormFields/FormRadioGroup.jsx">
          <metrics statements="4" coveredstatements="4" conditionals="0" coveredconditionals="0" methods="2" coveredmethods="2"/>
          <line num="5" count="135" type="stmt"/>
          <line num="10" count="1" type="stmt"/>
          <line num="16" count="2" type="stmt"/>
          <line num="26" count="135" type="stmt"/>
        </file>
        <file name="FormSelect.jsx" path="/Users/vg/Documents/Work/froodwebapp/src/components/ReduxFormFields/FormSelect.jsx">
          <metrics statements="6" coveredstatements="5" conditionals="5" coveredconditionals="2" methods="3" coveredmethods="2"/>
          <line num="6" count="135" type="stmt"/>
          <line num="8" count="135" type="stmt"/>
          <line num="14" count="1" type="stmt"/>
          <line num="22" count="0" type="stmt"/>
          <line num="25" count="2" type="stmt"/>
          <line num="35" count="135" type="stmt"/>
        </file>
        <file name="FormSwitch.jsx" path="/Users/vg/Documents/Work/froodwebapp/src/components/ReduxFormFields/FormSwitch.jsx">
          <metrics statements="3" coveredstatements="3" conditionals="2" coveredconditionals="1" methods="1" coveredmethods="1"/>
          <line num="5" count="135" type="stmt"/>
          <line num="12" count="1" type="stmt"/>
          <line num="23" count="135" type="stmt"/>
        </file>
        <file name="FormTextArea.jsx" path="/Users/vg/Documents/Work/froodwebapp/src/components/ReduxFormFields/FormTextArea.jsx">
          <metrics statements="4" coveredstatements="4" conditionals="2" coveredconditionals="0" methods="1" coveredmethods="1"/>
          <line num="17" count="135" type="stmt"/>
          <line num="19" count="135" type="stmt"/>
          <line num="28" count="1" type="stmt"/>
          <line num="39" count="135" type="stmt"/>
        </file>
        <file name="FormTimePicker.jsx" path="/Users/vg/Documents/Work/froodwebapp/src/components/ReduxFormFields/FormTimePicker.jsx">
          <metrics statements="9" coveredstatements="5" conditionals="4" coveredconditionals="3" methods="6" coveredmethods="2"/>
          <line num="8" count="1" type="stmt"/>
          <line num="9" count="1" type="stmt"/>
          <line num="15" count="0" type="stmt"/>
          <line num="18" count="0" type="stmt"/>
          <line num="21" count="0" type="stmt"/>
          <line num="29" count="1" type="stmt"/>
          <line num="30" count="1" type="stmt"/>
          <line num="40" count="0" type="stmt"/>
          <line num="53" count="135" type="stmt"/>
        </file>
      </package>
      <package name="src.components.ReduxFormFields.FormAddress">
        <metrics statements="25" coveredstatements="15" conditionals="26" coveredconditionals="14" methods="14" coveredmethods="6"/>
        <file name="AddressInfo.jsx" path="/Users/vg/Documents/Work/froodwebapp/src/components/ReduxFormFields/FormAddress/AddressInfo.jsx">
          <metrics statements="5" coveredstatements="3" conditionals="21" coveredconditionals="12" methods="2" coveredmethods="1"/>
          <line num="13" count="0" type="cond" truecount="0" falsecount="2"/>
          <line num="14" count="0" type="stmt"/>
          <line num="23" count="1" type="stmt"/>
          <line num="25" count="1" type="stmt"/>
          <line num="55" count="135" type="stmt"/>
        </file>
        <file name="FormAddressInfo.jsx" path="/Users/vg/Documents/Work/froodwebapp/src/components/ReduxFormFields/FormAddress/FormAddressInfo.jsx">
          <metrics statements="3" coveredstatements="3" conditionals="0" coveredconditionals="0" methods="1" coveredmethods="1"/>
          <line num="5" count="135" type="stmt"/>
          <line num="6" count="1" type="stmt"/>
          <line num="9" count="135" type="stmt"/>
        </file>
        <file name="FormAddressList.jsx" path="/Users/vg/Documents/Work/froodwebapp/src/components/ReduxFormFields/FormAddress/FormAddressList.jsx">
          <metrics statements="8" coveredstatements="4" conditionals="0" coveredconditionals="0" methods="6" coveredmethods="2"/>
          <line num="8" count="0" type="stmt"/>
          <line num="9" count="0" type="stmt"/>
          <line num="17" count="0" type="stmt"/>
          <line num="18" count="0" type="stmt"/>
          <line num="22" count="1" type="stmt"/>
          <line num="24" count="1" type="stmt"/>
          <line num="27" count="1" type="stmt"/>
          <line num="42" count="135" type="stmt"/>
        </file>
        <file name="FormAddressPopup.jsx" path="/Users/vg/Documents/Work/froodwebapp/src/components/ReduxFormFields/FormAddress/FormAddressPopup.jsx">
          <metrics statements="9" coveredstatements="5" conditionals="5" coveredconditionals="2" methods="5" coveredmethods="2"/>
          <line num="13" count="1" type="stmt"/>
          <line num="14" count="1" type="stmt"/>
          <line num="20" count="0" type="cond" truecount="0" falsecount="2"/>
          <line num="21" count="0" type="stmt"/>
          <line num="28" count="0" type="stmt"/>
          <line num="34" count="0" type="stmt"/>
          <line num="43" count="1" type="stmt"/>
          <line num="45" count="1" type="stmt"/>
          <line num="83" count="135" type="stmt"/>
        </file>
      </package>
      <package name="src.components.ReduxFormFields.FormAutoComplete">
        <metrics statements="36" coveredstatements="16" conditionals="24" coveredconditionals="0" methods="18" coveredmethods="5"/>
        <file name="FormBundleAutoComplete.jsx" path="/Users/vg/Documents/Work/froodwebapp/src/components/ReduxFormFields/FormAutoComplete/FormBundleAutoComplete.jsx">
          <metrics statements="6" coveredstatements="3" conditionals="4" coveredconditionals="0" methods="3" coveredmethods="1"/>
          <line num="7" count="0" type="stmt"/>
          <line num="15" count="0" type="cond" truecount="0" falsecount="2"/>
          <line num="16" count="0" type="stmt"/>
          <line num="29" count="1" type="stmt"/>
          <line num="31" count="1" type="stmt"/>
          <line num="43" count="135" type="stmt"/>
        </file>
        <file name="FormCustomerAutoComplete.jsx" path="/Users/vg/Documents/Work/froodwebapp/src/components/ReduxFormFields/FormAutoComplete/FormCustomerAutoComplete.jsx">
          <metrics statements="6" coveredstatements="3" conditionals="4" coveredconditionals="0" methods="3" coveredmethods="1"/>
          <line num="7" count="0" type="stmt"/>
          <line num="15" count="0" type="cond" truecount="0" falsecount="2"/>
          <line num="16" count="0" type="stmt"/>
          <line num="29" count="1" type="stmt"/>
          <line num="31" count="1" type="stmt"/>
          <line num="43" count="135" type="stmt"/>
        </file>
        <file name="FormCustomerOrderAutoComplete.jsx" path="/Users/vg/Documents/Work/froodwebapp/src/components/ReduxFormFields/FormAutoComplete/FormCustomerOrderAutoComplete.jsx">
          <metrics statements="6" coveredstatements="3" conditionals="4" coveredconditionals="0" methods="3" coveredmethods="1"/>
          <line num="7" count="0" type="stmt"/>
          <line num="15" count="0" type="cond" truecount="0" falsecount="2"/>
          <line num="16" count="0" type="stmt"/>
          <line num="29" count="1" type="stmt"/>
          <line num="31" count="1" type="stmt"/>
          <line num="43" count="135" type="stmt"/>
        </file>
        <file name="FormPromotionAutoComplete.jsx" path="/Users/vg/Documents/Work/froodwebapp/src/components/ReduxFormFields/FormAutoComplete/FormPromotionAutoComplete.jsx">
          <metrics statements="6" coveredstatements="1" conditionals="4" coveredconditionals="0" methods="3" coveredmethods="0"/>
          <line num="7" count="0" type="stmt"/>
          <line num="15" count="0" type="cond" truecount="0" falsecount="2"/>
          <line num="16" count="0" type="stmt"/>
          <line num="29" count="0" type="stmt"/>
          <line num="31" count="0" type="stmt"/>
          <line num="43" count="135" type="stmt"/>
        </file>
        <file name="FormSkuAutoComplete.jsx" path="/Users/vg/Documents/Work/froodwebapp/src/components/ReduxFormFields/FormAutoComplete/FormSkuAutoComplete.jsx">
          <metrics statements="6" coveredstatements="3" conditionals="4" coveredconditionals="0" methods="3" coveredmethods="1"/>
          <line num="7" count="0" type="stmt"/>
          <line num="15" count="0" type="cond" truecount="0" falsecount="2"/>
          <line num="16" count="0" type="stmt"/>
          <line num="29" count="1" type="stmt"/>
          <line num="31" count="1" type="stmt"/>
          <line num="43" count="135" type="stmt"/>
        </file>
        <file name="FormSupplierAutoComplete.jsx" path="/Users/vg/Documents/Work/froodwebapp/src/components/ReduxFormFields/FormAutoComplete/FormSupplierAutoComplete.jsx">
          <metrics statements="6" coveredstatements="3" conditionals="4" coveredconditionals="0" methods="3" coveredmethods="1"/>
          <line num="7" count="0" type="stmt"/>
          <line num="15" count="0" type="cond" truecount="0" falsecount="2"/>
          <line num="16" count="0" type="stmt"/>
          <line num="29" count="1" type="stmt"/>
          <line num="31" count="1" type="stmt"/>
          <line num="43" count="135" type="stmt"/>
        </file>
      </package>
      <package name="src.components.ReduxFormFields.FormTelephoneInput">
        <metrics statements="4" coveredstatements="3" conditionals="0" coveredconditionals="0" methods="2" coveredmethods="1"/>
        <file name="FormTelephoneInput.jsx" path="/Users/vg/Documents/Work/froodwebapp/src/components/ReduxFormFields/FormTelephoneInput/FormTelephoneInput.jsx">
          <metrics statements="4" coveredstatements="3" conditionals="0" coveredconditionals="0" methods="2" coveredmethods="1"/>
          <line num="9" count="0" type="stmt"/>
          <line num="19" count="1" type="stmt"/>
          <line num="21" count="1" type="stmt"/>
          <line num="33" count="135" type="stmt"/>
        </file>
      </package>
      <package name="src.containers">
        <metrics statements="0" coveredstatements="0" conditionals="0" coveredconditionals="0" methods="0" coveredmethods="0"/>
        <file name="index.js" path="/Users/vg/Documents/Work/froodwebapp/src/containers/index.js">
          <metrics statements="0" coveredstatements="0" conditionals="0" coveredconditionals="0" methods="0" coveredmethods="0"/>
        </file>
      </package>
      <package name="src.containers.Common.CoreLayout">
        <metrics statements="18" coveredstatements="6" conditionals="14" coveredconditionals="1" methods="4" coveredmethods="1"/>
        <file name="CoreLayout.jsx" path="/Users/vg/Documents/Work/froodwebapp/src/containers/Common/CoreLayout/CoreLayout.jsx">
          <metrics statements="10" coveredstatements="5" conditionals="7" coveredconditionals="1" methods="3" coveredmethods="1"/>
          <line num="12" count="7" type="stmt"/>
          <line num="27" count="0" type="stmt"/>
          <line num="29" count="0" type="cond" truecount="0" falsecount="2"/>
          <line num="30" count="0" type="stmt"/>
          <line num="33" count="0" type="cond" truecount="0" falsecount="2"/>
          <line num="34" count="0" type="stmt"/>
          <line num="44" count="2" type="stmt"/>
          <line num="46" count="2" type="stmt"/>
          <line num="48" count="2" type="stmt"/>
          <line num="63" count="7" type="stmt"/>
        </file>
        <file name="parseError.js" path="/Users/vg/Documents/Work/froodwebapp/src/containers/Common/CoreLayout/parseError.js">
          <metrics statements="8" coveredstatements="1" conditionals="7" coveredconditionals="0" methods="1" coveredmethods="0"/>
          <line num="3" count="7" type="stmt"/>
          <line num="4" count="0" type="cond" truecount="0" falsecount="5"/>
          <line num="6" count="0" type="stmt"/>
          <line num="8" count="0" type="stmt"/>
          <line num="10" count="0" type="stmt"/>
          <line num="11" count="0" type="cond" truecount="0" falsecount="2"/>
          <line num="14" count="0" type="stmt"/>
          <line num="16" count="0" type="stmt"/>
        </file>
      </package>
      <package name="src.containers.Common.LoadingDataPage">
        <metrics statements="19" coveredstatements="13" conditionals="20" coveredconditionals="14" methods="5" coveredmethods="3"/>
        <file name="LoadingDataPage.jsx" path="/Users/vg/Documents/Work/froodwebapp/src/containers/Common/LoadingDataPage/LoadingDataPage.jsx">
          <metrics statements="19" coveredstatements="13" conditionals="20" coveredconditionals="14" methods="5" coveredmethods="3"/>
          <line num="10" count="7" type="stmt"/>
          <line num="16" count="7" type="stmt"/>
          <line num="22" count="3" type="cond" truecount="1" falsecount="1"/>
          <line num="23" count="0" type="stmt"/>
          <line num="28" count="0" type="stmt"/>
          <line num="32" count="1" type="cond" truecount="1" falsecount="1"/>
          <line num="33" count="1" type="cond" truecount="2" falsecount="0"/>
          <line num="34" count="1" type="cond" truecount="2" falsecount="0"/>
          <line num="35" count="1" type="cond" truecount="2" falsecount="0"/>
          <line num="37" count="1" type="cond" truecount="3" falsecount="1"/>
          <line num="38" count="0" type="stmt"/>
          <line num="44" count="1" type="cond" truecount="3" falsecount="1"/>
          <line num="45" count="1" type="stmt"/>
          <line num="51" count="0" type="cond" truecount="0" falsecount="2"/>
          <line num="52" count="0" type="stmt"/>
          <line num="54" count="0" type="stmt"/>
          <line num="60" count="3" type="stmt"/>
          <line num="61" count="3" type="stmt"/>
          <line num="73" count="7" type="stmt"/>
        </file>
      </package>
      <package name="src.containers.Common.LoginPage">
        <metrics statements="9" coveredstatements="7" conditionals="2" coveredconditionals="0" methods="4" coveredmethods="2"/>
        <file name="LoginPage.jsx" path="/Users/vg/Documents/Work/froodwebapp/src/containers/Common/LoginPage/LoginPage.jsx">
          <metrics statements="9" coveredstatements="7" conditionals="2" coveredconditionals="0" methods="4" coveredmethods="2"/>
          <line num="14" count="7" type="stmt"/>
          <line num="18" count="7" type="stmt"/>
          <line num="23" count="7" type="stmt"/>
          <line num="34" count="0" type="cond" truecount="0" falsecount="2"/>
          <line num="35" count="0" type="stmt"/>
          <line num="40" count="1" type="stmt"/>
          <line num="46" count="3" type="stmt"/>
          <line num="48" count="3" type="stmt"/>
          <line num="88" count="7" type="stmt"/>
        </file>
      </package>
      <package name="src.containers.Common.MainContainer">
        <metrics statements="18" coveredstatements="14" conditionals="10" coveredconditionals="4" methods="7" coveredmethods="6"/>
        <file name="MainContainer.jsx" path="/Users/vg/Documents/Work/froodwebapp/src/containers/Common/MainContainer/MainContainer.jsx">
          <metrics statements="18" coveredstatements="14" conditionals="10" coveredconditionals="4" methods="7" coveredmethods="6"/>
          <line num="15" count="7" type="stmt"/>
          <line num="19" count="4" type="stmt"/>
          <line num="20" count="4" type="stmt"/>
          <line num="26" count="4" type="stmt"/>
          <line num="33" count="0" type="cond" truecount="0" falsecount="2"/>
          <line num="34" count="0" type="stmt"/>
          <line num="37" count="0" type="cond" truecount="0" falsecount="2"/>
          <line num="38" count="0" type="stmt"/>
          <line num="49" count="1" type="stmt"/>
          <line num="51" count="1" type="cond" truecount="1" falsecount="1"/>
          <line num="52" count="1" type="cond" truecount="1" falsecount="1"/>
          <line num="53" count="1" type="stmt"/>
          <line num="55" count="1" type="stmt"/>
          <line num="56" count="1" type="stmt"/>
          <line num="67" count="2" type="stmt"/>
          <line num="71" count="6" type="stmt"/>
          <line num="73" count="6" type="stmt"/>
          <line num="164" count="7" type="stmt"/>
        </file>
      </package>
      <package name="src.containers.Common.MainContainer.MainContainerSections">
        <metrics statements="0" coveredstatements="0" conditionals="0" coveredconditionals="0" methods="0" coveredmethods="0"/>
        <file name="index.js" path="/Users/vg/Documents/Work/froodwebapp/src/containers/Common/MainContainer/MainContainerSections/index.js">
          <metrics statements="0" coveredstatements="0" conditionals="0" coveredconditionals="0" methods="0" coveredmethods="0"/>
        </file>
      </package>
      <package name="src.containers.Common.MainContainer.MainContainerSections.AutoCompleteSection">
        <metrics statements="7" coveredstatements="6" conditionals="4" coveredconditionals="4" methods="5" coveredmethods="4"/>
        <file name="AutoCompleteSection.jsx" path="/Users/vg/Documents/Work/froodwebapp/src/containers/Common/MainContainer/MainContainerSections/AutoCompleteSection/AutoCompleteSection.jsx">
          <metrics statements="7" coveredstatements="6" conditionals="4" coveredconditionals="4" methods="5" coveredmethods="4"/>
          <line num="14" count="1" type="stmt"/>
          <line num="20" count="1" type="stmt"/>
          <line num="28" count="1" type="stmt"/>
          <line num="40" count="5" type="stmt"/>
          <line num="42" count="5" type="stmt"/>
          <line num="57" count="0" type="stmt"/>
          <line num="85" count="9" type="stmt"/>
        </file>
      </package>
      <package name="src.containers.Common.MainContainer.MainContainerSections.FiltersSection">
        <metrics statements="13" coveredstatements="9" conditionals="6" coveredconditionals="2" methods="6" coveredmethods="4"/>
        <file name="FiltersSection.jsx" path="/Users/vg/Documents/Work/froodwebapp/src/containers/Common/MainContainer/MainContainerSections/FiltersSection/FiltersSection.jsx">
          <metrics statements="13" coveredstatements="9" conditionals="6" coveredconditionals="2" methods="6" coveredmethods="4"/>
          <line num="8" count="3" type="stmt"/>
          <line num="9" count="3" type="stmt"/>
          <line num="15" count="0" type="cond" truecount="0" falsecount="2"/>
          <line num="16" count="0" type="stmt"/>
          <line num="19" count="0" type="cond" truecount="0" falsecount="2"/>
          <line num="20" count="0" type="stmt"/>
          <line num="28" count="1" type="stmt"/>
          <line num="40" count="4" type="stmt"/>
          <line num="44" count="4" type="stmt"/>
[...]
          <line num="12" count="2660" type="stmt"/>
          <line num="13" count="2660" type="stmt"/>
          <line num="17" count="10450" type="stmt"/>
          <line num="18" count="10450" type="stmt"/>
          <line num="20" count="10260" type="stmt"/>
          <line num="21" count="10260" type="stmt"/>
          <line num="25" count="11970" type="stmt"/>
          <line num="26" count="11970" type="stmt"/>
          <line num="29" count="4750" type="stmt"/>
          <line num="30" count="4750" type="stmt"/>
          <line num="32" count="3040" type="stmt"/>
          <line num="33" count="3040" type="stmt"/>
          <line num="35" count="3420" type="stmt"/>
          <line num="40" count="190" type="stmt"/>
          <line num="41" count="15390" type="stmt"/>
          <line num="42" count="1710" type="stmt"/>
        </file>
      </package>
      <package name="src.redux-base.sagas.commonSagas">
        <metrics statements="76" coveredstatements="60" conditionals="20" coveredconditionals="10" methods="19" coveredmethods="11"/>
        <file name="autoCompleteSaga.js" path="/Users/vg/Documents/Work/froodwebapp/src/redux-base/sagas/commonSagas/autoCompleteSaga.js">
          <metrics statements="8" coveredstatements="6" conditionals="4" coveredconditionals="2" methods="3" coveredmethods="1"/>
          <line num="9" count="1" type="cond" truecount="1" falsecount="1"/>
          <line num="10" count="1" type="stmt"/>
          <line num="11" count="1" type="stmt"/>
          <line num="13" count="1" type="cond" truecount="1" falsecount="1"/>
          <line num="14" count="1" type="stmt"/>
          <line num="15" count="1" type="stmt"/>
          <line num="17" count="0" type="stmt"/>
          <line num="23" count="0" type="stmt"/>
        </file>
        <file name="commonDataSaga.js" path="/Users/vg/Documents/Work/froodwebapp/src/redux-base/sagas/commonSagas/commonDataSaga.js">
          <metrics statements="9" coveredstatements="7" conditionals="2" coveredconditionals="1" methods="2" coveredmethods="1"/>
          <line num="12" count="1" type="stmt"/>
          <line num="13" count="1" type="stmt"/>
          <line num="15" count="1" type="stmt"/>
          <line num="18" count="1" type="stmt"/>
          <line num="20" count="1" type="cond" truecount="1" falsecount="1"/>
          <line num="21" count="1" type="stmt"/>
          <line num="22" count="1" type="stmt"/>
          <line num="24" count="0" type="stmt"/>
          <line num="27" count="0" type="stmt"/>
        </file>
        <file name="deleteSaga.js" path="/Users/vg/Documents/Work/froodwebapp/src/redux-base/sagas/commonSagas/deleteSaga.js">
          <metrics statements="10" coveredstatements="8" conditionals="2" coveredconditionals="1" methods="2" coveredmethods="1"/>
          <line num="9" count="1" type="stmt"/>
          <line num="10" count="2" type="stmt"/>
          <line num="11" count="2" type="stmt"/>
          <line num="13" count="1" type="stmt"/>
          <line num="16" count="1" type="stmt"/>
          <line num="18" count="1" type="cond" truecount="1" falsecount="1"/>
          <line num="19" count="1" type="stmt"/>
          <line num="20" count="1" type="stmt"/>
          <line num="22" count="0" type="stmt"/>
          <line num="25" count="0" type="stmt"/>
        </file>
        <file name="getSaga.js" path="/Users/vg/Documents/Work/froodwebapp/src/redux-base/sagas/commonSagas/getSaga.js">
          <metrics statements="10" coveredstatements="8" conditionals="2" coveredconditionals="1" methods="2" coveredmethods="1"/>
          <line num="9" count="1" type="stmt"/>
          <line num="10" count="2" type="stmt"/>
          <line num="11" count="2" type="stmt"/>
          <line num="12" count="1" type="stmt"/>
          <line num="15" count="1" type="stmt"/>
          <line num="17" count="1" type="cond" truecount="1" falsecount="1"/>
          <line num="18" count="1" type="stmt"/>
          <line num="19" count="1" type="stmt"/>
          <line num="21" count="0" type="stmt"/>
          <line num="24" count="0" type="stmt"/>
        </file>
        <file name="getSagaParallel.js" path="/Users/vg/Documents/Work/froodwebapp/src/redux-base/sagas/commonSagas/getSagaParallel.js">
          <metrics statements="19" coveredstatements="15" conditionals="6" coveredconditionals="3" methods="6" coveredmethods="5"/>
          <line num="9" count="1" type="stmt"/>
          <line num="10" count="2" type="stmt"/>
          <line num="11" count="2" type="stmt"/>
          <line num="13" count="1" type="stmt"/>
          <line num="15" count="1" type="stmt"/>
          <line num="16" count="2" type="cond" truecount="2" falsecount="2"/>
          <line num="17" count="0" type="stmt"/>
          <line num="19" count="2" type="stmt"/>
          <line num="23" count="1" type="stmt"/>
          <line num="25" count="1" type="stmt"/>
          <line num="26" count="2" type="stmt"/>
          <line num="27" count="0" type="stmt"/>
          <line num="31" count="1" type="stmt"/>
          <line num="33" count="1" type="stmt"/>
          <line num="35" count="1" type="cond" truecount="1" falsecount="1"/>
          <line num="36" count="1" type="stmt"/>
          <line num="38" count="1" type="stmt"/>
          <line num="40" count="0" type="stmt"/>
          <line num="43" count="0" type="stmt"/>
        </file>
        <file name="postSaga.js" path="/Users/vg/Documents/Work/froodwebapp/src/redux-base/sagas/commonSagas/postSaga.js">
          <metrics statements="10" coveredstatements="8" conditionals="2" coveredconditionals="1" methods="2" coveredmethods="1"/>
          <line num="9" count="1" type="stmt"/>
          <line num="10" count="2" type="stmt"/>
          <line num="11" count="2" type="stmt"/>
          <line num="13" count="1" type="stmt"/>
          <line num="16" count="1" type="stmt"/>
          <line num="18" count="1" type="cond" truecount="1" falsecount="1"/>
          <line num="19" count="1" type="stmt"/>
          <line num="20" count="1" type="stmt"/>
          <line num="22" count="0" type="stmt"/>
          <line num="25" count="0" type="stmt"/>
        </file>
        <file name="putSaga.js" path="/Users/vg/Documents/Work/froodwebapp/src/redux-base/sagas/commonSagas/putSaga.js">
          <metrics statements="10" coveredstatements="8" conditionals="2" coveredconditionals="1" methods="2" coveredmethods="1"/>
          <line num="9" count="1" type="stmt"/>
          <line num="10" count="2" type="stmt"/>
          <line num="11" count="2" type="stmt"/>
          <line num="13" count="1" type="stmt"/>
          <line num="16" count="1" type="stmt"/>
          <line num="18" count="1" type="cond" truecount="1" falsecount="1"/>
          <line num="19" count="1" type="stmt"/>
          <line num="20" count="1" type="stmt"/>
          <line num="22" count="0" type="stmt"/>
          <line num="25" count="0" type="stmt"/>
        </file>
      </package>
      <package name="src.redux-base.sagas.login">
        <metrics statements="13" coveredstatements="11" conditionals="2" coveredconditionals="1" methods="2" coveredmethods="1"/>
        <file name="authorize.js" path="/Users/vg/Documents/Work/froodwebapp/src/redux-base/sagas/login/authorize.js">
          <metrics statements="13" coveredstatements="11" conditionals="2" coveredconditionals="1" methods="2" coveredmethods="1"/>
          <line num="13" count="1" type="stmt"/>
          <line num="14" count="1" type="stmt"/>
          <line num="16" count="1" type="stmt"/>
          <line num="18" count="1" type="stmt"/>
          <line num="21" count="1" type="stmt"/>
          <line num="23" count="1" type="cond" truecount="1" falsecount="1"/>
          <line num="25" count="1" type="stmt"/>
          <line num="27" count="1" type="stmt"/>
          <line num="28" count="1" type="stmt"/>
          <line num="31" count="1" type="stmt"/>
          <line num="33" count="1" type="stmt"/>
          <line num="36" count="0" type="stmt"/>
          <line num="40" count="0" type="stmt"/>
        </file>
      </package>
      <package name="src.utils">
        <metrics statements="48" coveredstatements="39" conditionals="31" coveredconditionals="22" methods="26" coveredmethods="21"/>
        <file name="commonUtils.js" path="/Users/vg/Documents/Work/froodwebapp/src/utils/commonUtils.js">
          <metrics statements="11" coveredstatements="8" conditionals="4" coveredconditionals="3" methods="7" coveredmethods="6"/>
          <line num="1" count="190" type="stmt"/>
          <line num="2" count="1" type="stmt"/>
          <line num="5" count="190" type="stmt"/>
          <line num="6" count="0" type="stmt"/>
          <line num="7" count="0" type="stmt"/>
          <line num="8" count="0" type="stmt"/>
          <line num="11" count="190" type="stmt"/>
          <line num="12" count="2" type="cond" truecount="2" falsecount="0"/>
          <line num="15" count="190" type="stmt"/>
          <line num="16" count="1" type="cond" truecount="1" falsecount="1"/>
          <line num="19" count="190" type="stmt"/>
        </file>
        <file name="index.js" path="/Users/vg/Documents/Work/froodwebapp/src/utils/index.js">
          <metrics statements="0" coveredstatements="0" conditionals="0" coveredconditionals="0" methods="0" coveredmethods="0"/>
        </file>
        <file name="inputFormatters.js" path="/Users/vg/Documents/Work/froodwebapp/src/utils/inputFormatters.js">
          <metrics statements="6" coveredstatements="3" conditionals="2" coveredconditionals="0" methods="3" coveredmethods="0"/>
          <line num="2" count="190" type="stmt"/>
          <line num="4" count="190" type="stmt"/>
          <line num="6" count="190" type="stmt"/>
          <line num="7" count="0" type="cond" truecount="0" falsecount="2"/>
          <line num="9" count="0" type="stmt"/>
          <line num="11" count="0" type="stmt"/>
        </file>
        <file name="inputParsers.js" path="/Users/vg/Documents/Work/froodwebapp/src/utils/inputParsers.js">
          <metrics statements="2" coveredstatements="2" conditionals="0" coveredconditionals="0" methods="2" coveredmethods="1"/>
          <line num="3" count="190" type="stmt"/>
          <line num="5" count="190" type="stmt"/>
        </file>
        <file name="mapHelpers.js" path="/Users/vg/Documents/Work/froodwebapp/src/utils/mapHelpers.js">
          <metrics statements="9" coveredstatements="8" conditionals="7" coveredconditionals="6" methods="6" coveredmethods="6"/>
          <line num="7" count="190" type="stmt"/>
          <line num="8" count="94" type="stmt"/>
          <line num="11" count="190" type="stmt"/>
          <line num="19" count="190" type="stmt"/>
          <line num="20" count="2" type="cond" truecount="5" falsecount="0"/>
          <line num="21" count="1" type="stmt"/>
          <line num="22" count="1" type="cond" truecount="1" falsecount="1"/>
          <line num="23" count="1" type="stmt"/>
          <line num="25" count="0" type="stmt"/>
        </file>
        <file name="prepareHelpers.js" path="/Users/vg/Documents/Work/froodwebapp/src/utils/prepareHelpers.js">
          <metrics statements="4" coveredstatements="4" conditionals="0" coveredconditionals="0" methods="4" coveredmethods="4"/>
          <line num="6" count="190" type="stmt"/>
          <line num="7" count="2" type="stmt"/>
          <line num="19" count="190" type="stmt"/>
          <line num="20" count="12" type="stmt"/>
        </file>
        <file name="renderHelpers.js" path="/Users/vg/Documents/Work/froodwebapp/src/utils/renderHelpers.js">
          <metrics statements="2" coveredstatements="2" conditionals="4" coveredconditionals="3" methods="2" coveredmethods="2"/>
          <line num="10" count="869" type="stmt"/>
          <line num="11" count="1" type="stmt"/>
        </file>
        <file name="sagaHelpers.js" path="/Users/vg/Documents/Work/froodwebapp/src/utils/sagaHelpers.js">
          <metrics statements="14" coveredstatements="12" conditionals="14" coveredconditionals="10" methods="2" coveredmethods="2"/>
          <line num="8" count="190" type="stmt"/>
          <line num="9" count="13" type="stmt"/>
          <line num="26" count="13" type="stmt"/>
          <line num="28" count="13" type="cond" truecount="1" falsecount="1"/>
          <line num="29" count="0" type="stmt"/>
          <line num="32" count="13" type="cond" truecount="2" falsecount="2"/>
          <line num="33" count="0" type="stmt"/>
          <line num="36" count="13" type="stmt"/>
          <line num="37" count="195" type="cond" truecount="4" falsecount="0"/>
          <line num="38" count="4" type="stmt"/>
          <line num="39" count="191" type="cond" truecount="2" falsecount="0"/>
          <line num="40" count="10" type="stmt"/>
          <line num="45" count="13" type="cond" truecount="1" falsecount="1"/>
          <line num="47" count="13" type="stmt"/>
        </file>
      </package>
      <package name="src.utils.apiHelpers">
        <metrics statements="29" coveredstatements="22" conditionals="12" coveredconditionals="5" methods="19" coveredmethods="15"/>
        <file name="ApiClient.js" path="/Users/vg/Documents/Work/froodwebapp/src/utils/apiHelpers/ApiClient.js">
          <metrics statements="11" coveredstatements="4" conditionals="8" coveredconditionals="1" methods="7" coveredmethods="3"/>
          <line num="7" count="3" type="stmt"/>
          <line num="9" count="15" type="stmt"/>
          <line num="12" count="0" type="stmt"/>
          <line num="16" count="0" type="stmt"/>
          <line num="18" count="0" type="cond" truecount="0" falsecount="4"/>
          <line num="19" count="0" type="stmt"/>
          <line num="25" count="0" type="stmt"/>
          <line num="28" count="0" type="cond" truecount="0" falsecount="2"/>
          <line num="31" count="0" type="stmt"/>
          <line num="37" count="3" type="cond" truecount="1" falsecount="1"/>
          <line num="38" count="3" type="stmt"/>
        </file>
        <file name="ApiToken.js" path="/Users/vg/Documents/Work/froodwebapp/src/utils/apiHelpers/ApiToken.js">
          <metrics statements="18" coveredstatements="18" conditionals="4" coveredconditionals="4" methods="12" coveredmethods="12"/>
          <line num="9" count="13" type="stmt"/>
          <line num="16" count="4" type="stmt"/>
          <line num="21" count="1" type="stmt"/>
          <line num="26" count="1" type="stmt"/>
          <line num="30" count="4" type="stmt"/>
          <line num="36" count="15" type="stmt"/>
          <line num="37" count="15" type="stmt"/>
          <line num="41" count="3" type="stmt"/>
          <line num="46" count="17" type="cond" truecount="2" falsecount="0"/>
          <line num="52" count="3" type="cond" truecount="2" falsecount="0"/>
          <line num="53" count="2" type="stmt"/>
          <line num="56" count="1" type="stmt"/>
          <line num="68" count="1" type="stmt"/>
          <line num="69" count="1" type="stmt"/>
          <line num="71" count="1" type="stmt"/>
          <line num="75" count="2" type="stmt"/>
          <line num="77" count="2" type="stmt"/>
          <line num="81" count="2" type="stmt"/>
        </file>
      </package>
      <package name="src.utils.reduxHelpers">
        <metrics statements="9" coveredstatements="7" conditionals="4" coveredconditionals="3" methods="7" coveredmethods="5"/>
        <file name="reduxHelpers.js" path="/Users/vg/Documents/Work/froodwebapp/src/utils/reduxHelpers/reduxHelpers.js">
          <metrics statements="9" coveredstatements="7" conditionals="4" coveredconditionals="3" methods="7" coveredmethods="5"/>
          <line num="7" count="46950" type="stmt"/>
          <line num="19" count="190" type="stmt"/>
          <line num="23" count="40471" type="stmt"/>
          <line num="24" count="1" type="stmt"/>
          <line num="30" count="0" type="stmt"/>
          <line num="44" count="190" type="stmt"/>
          <line num="48" count="2661" type="stmt"/>
          <line num="49" count="1" type="stmt"/>
          <line num="55" count="0" type="stmt"/>
        </file>
      </package>
      <package name="src.utils.reduxHelpers.mainContainer">
        <metrics statements="22" coveredstatements="18" conditionals="19" coveredconditionals="14" methods="6" coveredmethods="5"/>
        <file name="getMainContainerReducer.js" path="/Users/vg/Documents/Work/froodwebapp/src/utils/reduxHelpers/mainContainer/getMainContainerReducer.js">
          <metrics statements="18" coveredstatements="15" conditionals="19" coveredconditionals="14" methods="2" coveredmethods="2"/>
          <line num="5" count="190" type="stmt"/>
          <line num="25" count="14" type="cond" truecount="0" falsecount="2"/>
          <line num="26" count="14" type="cond" truecount="14" falsecount="3"/>
          <line num="29" count="1" type="stmt"/>
          <line num="39" count="1" type="stmt"/>
          <line num="50" count="3" type="stmt"/>
          <line num="55" count="1" type="stmt"/>
          <line num="61" count="1" type="stmt"/>
          <line num="70" count="1" type="stmt"/>
          <line num="77" count="1" type="stmt"/>
          <line num="83" count="1" type="stmt"/>
          <line num="90" count="1" type="stmt"/>
          <line num="95" count="1" type="stmt"/>
          <line num="103" count="0" type="stmt"/>
          <line num="111" count="1" type="stmt"/>
          <line num="117" count="0" type="stmt"/>
          <line num="128" count="1" type="stmt"/>
          <line num="135" count="0" type="stmt"/>
        </file>
        <file name="getMainContainerState.js" path="/Users/vg/Documents/Work/froodwebapp/src/utils/reduxHelpers/mainContainer/getMainContainerState.js">
          <metrics statements="1" coveredstatements="1" conditionals="0" coveredconditionals="0" methods="1" coveredmethods="1"/>
          <line num="8" count="1" type="stmt"/>
        </file>
        <file name="mainContainerReduxHelpers.js" path="/Users/vg/Documents/Work/froodwebapp/src/utils/reduxHelpers/mainContainer/mainContainerReduxHelpers.js">
          <metrics statements="3" coveredstatements="2" conditionals="0" coveredconditionals="0" methods="3" coveredmethods="2"/>
          <line num="10" count="1712" type="stmt"/>
          <line num="27" count="1710" type="stmt"/>
          <line num="35" count="0" type="stmt"/>
        </file>
      </package>
      <package name="src.utils.staticData">
        <metrics statements="2" coveredstatements="2" conditionals="0" coveredconditionals="0" methods="0" coveredmethods="0"/>
        <file name="operators.js" path="/Users/vg/Documents/Work/froodwebapp/src/utils/staticData/operators.js">
          <metrics statements="2" coveredstatements="2" conditionals="0" coveredconditionals="0" methods="0" coveredmethods="0"/>
          <line num="1" count="190" type="stmt"/>
          <line num="40" count="190" type="stmt"/>
        </file>
      </package>
      <package name="tests">
        <metrics statements="4" coveredstatements="4" conditionals="2" coveredconditionals="2" methods="1" coveredmethods="1"/>
        <file name="file-mock.js" path="/Users/vg/Documents/Work/froodwebapp/tests/file-mock.js">
          <metrics statements="1" coveredstatements="1" conditionals="0" coveredconditionals="0" methods="0" coveredmethods="0"/>
          <line num="1" count="136" type="stmt"/>
        </file>
        <file name="test-setup.js" path="/Users/vg/Documents/Work/froodwebapp/tests/test-setup.js">
          <metrics statements="3" coveredstatements="3" conditionals="2" coveredconditionals="2" methods="1" coveredmethods="1"/>
          <line num="4" count="222" type="stmt"/>
          <line num="5" count="222" type="cond" truecount="2" falsecount="0"/>
          <line num="6" count="154" type="stmt"/>
        </file>
      </package>
    </metrics>
  </project>
</coverage>
