TN:
SF:/Users/vg/Documents/Work/froodwebapp/src/config.js
FNF:0
FNH:0
DA:1,20
DA:14,20
LF:2
LH:2
BRDA:12,0,0,20
BRDA:12,0,1,0
BRDA:44,1,0,20
BRDA:44,1,1,0
BRF:4
BRH:2
end_of_record
TN:
SF:/Users/vg/Documents/Work/froodwebapp/src/components/index.js
FNF:0
FNH:0
LF:0
LH:0
BRF:0
BRH:0
end_of_record
TN:
SF:/Users/vg/Documents/Work/froodwebapp/src/components/Breadcrumb/Breadcrumb.jsx
FN:9,(anonymous_0)
FN:14,(anonymous_1)
FN:14,(anonymous_2)
FNF:3
FNH:3
FNDA:2,(anonymous_0)
FNDA:3,(anonymous_1)
FNDA:3,(anonymous_2)
DA:9,135
DA:10,2
DA:14,3
DA:15,3
DA:24,135
LF:5
LH:5
BRDA:16,0,0,2
BRDA:16,0,1,1
BRF:2
BRH:2
end_of_record
TN:
SF:/Users/vg/Documents/Work/froodwebapp/src/components/Common/index.js
FNF:0
FNH:0
LF:0
LH:0
BRF:0
BRH:0
end_of_record
TN:
SF:/Users/vg/Documents/Work/froodwebapp/src/components/Common/AutoComplete/AutoComplete.jsx
FN:11,(anonymous_0)
FN:43,(anonymous_1)
FNF:2
FNH:1
FNDA:1,(anonymous_0)
FNDA:0,(anonymous_1)
DA:11,135
DA:31,1
DA:44,0
DA:83,135
LF:4
LH:3
BRDA:21,0,0,0
BRDA:23,1,0,0
BRDA:24,2,0,0
BRDA:45,3,0,0
BRDA:45,3,1,0
BRDA:47,4,0,0
BRDA:47,4,1,0
BRDA:47,4,2,0
BRDA:47,4,3,0
BRDA:53,5,0,0
BRDA:53,5,1,0
BRDA:53,5,2,0
BRDA:53,5,3,0
BRDA:59,6,0,0
BRDA:59,6,1,0
BRDA:74,7,0,0
BRDA:74,7,1,1
BRDA:75,8,0,0
BRDA:75,8,1,1
BRDA:76,9,0,1
BRDA:76,9,1,0
BRF:21
BRH:3
end_of_record
TN:
SF:/Users/vg/Documents/Work/froodwebapp/src/components/Common/AutoComplete/BundleAutoComplete.jsx
FN:12,(anonymous_0)
FN:16,(anonymous_1)
FN:26,(anonymous_2)
FN:33,(anonymous_3)
FN:35,(anonymous_4)
FN:39,(anonymous_5)
FN:47,(anonymous_6)
FNF:7
FNH:1
FNDA:0,(anonymous_0)
FNDA:0,(anonymous_1)
FNDA:0,(anonymous_2)
FNDA:0,(anonymous_3)
FNDA:0,(anonymous_4)
FNDA:0,(anonymous_5)
FNDA:1,(anonymous_6)
DA:12,135
DA:14,135
DA:16,135
DA:21,135
DA:27,0
DA:28,0
DA:34,0
DA:35,0
DA:36,0
DA:40,0
DA:41,0
DA:54,1
DA:56,1
DA:74,135
LF:14
LH:7
BRDA:40,0,0,0
BRDA:40,0,1,0
BRDA:52,1,0,0
BRDA:53,2,0,0
BRF:4
BRH:0
end_of_record
TN:
SF:/Users/vg/Documents/Work/froodwebapp/src/components/Common/AutoComplete/CustomerAutoComplete.jsx
FN:12,(anonymous_0)
FN:16,(anonymous_1)
FN:26,(anonymous_2)
FN:33,(anonymous_3)
FN:34,(anonymous_4)
FN:38,(anonymous_5)
FN:46,(anonymous_6)
FNF:7
FNH:1
FNDA:0,(anonymous_0)
FNDA:0,(anonymous_1)
FNDA:0,(anonymous_2)
FNDA:0,(anonymous_3)
FNDA:0,(anonymous_4)
FNDA:0,(anonymous_5)
FNDA:1,(anonymous_6)
DA:12,135
DA:14,135
DA:16,135
DA:21,135
DA:27,0
DA:28,0
DA:34,0
DA:35,0
DA:39,0
DA:40,0
DA:53,1
DA:55,1
DA:73,135
LF:13
LH:7
BRDA:39,0,0,0
BRDA:39,0,1,0
BRDA:51,1,0,0
BRDA:52,2,0,0
BRF:4
BRH:0
end_of_record
TN:
SF:/Users/vg/Documents/Work/froodwebapp/src/components/Common/AutoComplete/CustomerOrderAutoComplete.jsx
FN:12,(anonymous_0)
FN:16,(anonymous_1)
FN:26,(anonymous_2)
FN:34,(anonymous_3)
FN:35,(anonymous_4)
FN:39,(anonymous_5)
FN:48,(anonymous_6)
FNF:7
FNH:1
FNDA:0,(anonymous_0)
FNDA:0,(anonymous_1)
FNDA:0,(anonymous_2)
FNDA:0,(anonymous_3)
FNDA:0,(anonymous_4)
FNDA:0,(anonymous_5)
FNDA:1,(anonymous_6)
DA:12,135
DA:14,135
DA:16,135
DA:21,135
DA:27,0
DA:28,0
DA:35,0
DA:36,0
DA:40,0
DA:41,0
DA:55,1
DA:57,1
DA:75,135
LF:13
LH:7
BRDA:40,0,0,0
BRDA:40,0,1,0
BRDA:53,1,0,0
BRDA:54,2,0,0
BRF:4
BRH:0
end_of_record
TN:
SF:/Users/vg/Documents/Work/froodwebapp/src/components/Common/AutoComplete/PromotionAutoComplete.jsx
FN:12,(anonymous_0)
FN:16,(anonymous_1)
FN:26,(anonymous_2)
FN:33,(anonymous_3)
FN:34,(anonymous_4)
FN:38,(anonymous_5)
FN:46,(anonymous_6)
FNF:7
FNH:0
FNDA:0,(anonymous_0)
FNDA:0,(anonymous_1)
FNDA:0,(anonymous_2)
FNDA:0,(anonymous_3)
FNDA:0,(anonymous_4)
FNDA:0,(anonymous_5)
FNDA:0,(anonymous_6)
DA:12,135
DA:14,135
DA:16,135
DA:21,135
DA:27,0
DA:28,0
DA:34,0
DA:35,0
DA:39,0
DA:40,0
DA:53,0
DA:55,0
DA:73,135
LF:13
LH:5
BRDA:39,0,0,0
BRDA:39,0,1,0
BRDA:51,1,0,0
BRDA:52,2,0,0
BRF:4
BRH:0
end_of_record
TN:
SF:/Users/vg/Documents/Work/froodwebapp/src/components/Common/AutoComplete/SkuAutoComplete.jsx
FN:11,(anonymous_0)
FN:15,(anonymous_1)
FN:26,(anonymous_2)
FN:40,(anonymous_3)
FN:42,(anonymous_4)
FN:46,(anonymous_5)
FN:64,(anonymous_6)
FNF:7
FNH:1
FNDA:0,(anonymous_0)
FNDA:0,(anonymous_1)
FNDA:0,(anonymous_2)
FNDA:0,(anonymous_3)
FNDA:0,(anonymous_4)
FNDA:0,(anonymous_5)
FNDA:1,(anonymous_6)
DA:11,135
DA:13,135
DA:15,135
DA:20,135
DA:27,0
DA:28,0
DA:33,0
DA:37,0
DA:41,0
DA:42,0
DA:43,0
DA:50,0
DA:52,0
DA:53,0
DA:57,0
DA:58,0
DA:72,1
DA:74,1
DA:93,135
LF:19
LH:7
BRDA:27,0,0,0
BRDA:27,0,1,0
BRDA:52,1,0,0
BRDA:52,1,1,0
BRDA:52,2,0,0
BRDA:52,2,1,0
BRDA:57,3,0,0
BRDA:57,3,1,0
BRDA:69,4,0,0
BRDA:70,5,0,0
BRF:10
BRH:0
end_of_record
TN:
SF:/Users/vg/Documents/Work/froodwebapp/src/components/Common/AutoComplete/SupplierAutoComplete.jsx
FN:12,(anonymous_0)
FN:16,(anonymous_1)
FN:26,(anonymous_2)
FN:33,(anonymous_3)
FN:34,(anonymous_4)
FN:38,(anonymous_5)
FN:46,(anonymous_6)
FNF:7
FNH:1
FNDA:0,(anonymous_0)
FNDA:0,(anonymous_1)
FNDA:0,(anonymous_2)
FNDA:0,(anonymous_3)
FNDA:0,(anonymous_4)
FNDA:0,(anonymous_5)
FNDA:1,(anonymous_6)
DA:12,135
DA:14,135
DA:16,135
DA:21,135
DA:27,0
DA:28,0
DA:34,0
DA:35,0
DA:39,0
DA:40,0
DA:53,1
DA:55,1
DA:73,135
LF:13
LH:7
BRDA:39,0,0,0
BRDA:39,0,1,0
BRDA:51,1,0,0
BRDA:52,2,0,0
BRF:4
BRH:0
end_of_record
TN:
SF:/Users/vg/Documents/Work/froodwebapp/src/components/Common/Buttons/ActionButton/ActionButton.jsx
FN:8,(anonymous_0)
FNF:1
FNH:1
FNDA:2,(anonymous_0)
DA:8,135
DA:16,2
DA:31,135
LF:3
LH:3
BRDA:9,0,0,2
BRDA:10,1,0,2
BRF:2
BRH:2
end_of_record
TN:
SF:/Users/vg/Documents/Work/froodwebapp/src/components/Common/Buttons/Button/Button.jsx
FN:6,(anonymous_0)
FNF:1
FNH:1
FNDA:3,(anonymous_0)
DA:6,135
DA:16,3
DA:30,135
LF:3
LH:3
BRDA:11,0,0,2
BRDA:12,1,0,2
BRDA:13,2,0,2
BRDA:24,3,0,3
BRDA:24,3,1,3
BRF:5
BRH:5
end_of_record
TN:
SF:/Users/vg/Documents/Work/froodwebapp/src/components/Common/Buttons/TableActionButtons/TableActionButtons.jsx
FN:15,(anonymous_0)
FNF:1
FNH:1
FNDA:2,(anonymous_0)
DA:15,135
DA:34,2
DA:118,135
LF:3
LH:3
BRDA:17,0,0,0
BRDA:18,1,0,2
BRDA:19,2,0,2
BRDA:20,3,0,0
BRDA:21,4,0,0
BRDA:22,5,0,0
BRDA:23,6,0,0
BRDA:24,7,0,2
BRDA:35,8,0,2
BRDA:35,8,1,1
BRDA:44,9,0,2
BRDA:44,9,1,0
BRDA:53,10,0,2
BRDA:53,10,1,0
BRDA:62,11,0,2
BRDA:62,11,1,1
BRDA:62,11,2,0
BRDA:71,12,0,2
BRDA:71,12,1,1
BRDA:71,12,2,1
BRDA:80,13,0,2
BRDA:80,13,1,1
BRDA:89,14,0,2
BRDA:89,14,1,1
BRDA:98,15,0,2
BRDA:98,15,1,1
BRDA:106,16,0,2
BRDA:106,16,1,0
BRF:28
BRH:19
end_of_record
TN:
SF:/Users/vg/Documents/Work/froodwebapp/src/components/Common/Controls/Controls.jsx
FN:6,(anonymous_0)
FNF:1
FNH:1
FNDA:2,(anonymous_0)
DA:6,135
DA:18,2
DA:54,135
LF:3
LH:3
BRDA:7,0,0,0
BRDA:8,1,0,0
BRDA:9,2,0,0
BRDA:10,3,0,0
BRDA:11,4,0,0
BRDA:12,5,0,0
BRDA:13,6,0,0
BRDA:19,7,0,2
BRDA:19,7,1,1
BRDA:27,8,0,2
BRDA:27,8,1,1
BRDA:35,9,0,2
BRDA:35,9,1,1
BRDA:43,10,0,2
BRDA:43,10,1,1
BRF:15
BRH:8
end_of_record
TN:
SF:/Users/vg/Documents/Work/froodwebapp/src/components/Common/DynamicTable/DraggableHeader.jsx
FN:15,(anonymous_0)
FN:22,(anonymous_1)
FN:66,(anonymous_2)
FN:74,(anonymous_3)
FN:79,(anonymous_4)
FN:84,(anonymous_5)
FN:91,(anonymous_6)
FN:99,(anonymous_7)
FNF:8
FNH:2
FNDA:0,(anonymous_0)
FNDA:0,(anonymous_1)
FNDA:0,(anonymous_2)
FNDA:0,(anonymous_3)
FNDA:0,(anonymous_4)
FNDA:1,(anonymous_5)
FNDA:0,(anonymous_6)
FNDA:1,(anonymous_7)
DA:14,138
DA:15,0
DA:21,138
DA:23,0
DA:24,0
DA:27,0
DA:28,0
DA:32,0
DA:35,0
DA:38,0
DA:41,0
DA:48,0
DA:49,0
DA:53,0
DA:54,0
DA:58,0
DA:64,0
DA:67,0
DA:68,0
DA:70,0
DA:74,138
DA:79,138
DA:85,1
DA:86,1
DA:92,0
DA:108,1
DA:110,1
DA:112,1
DA:134,138
DA:148,138
DA:149,138
LF:31
LH:12
BRDA:27,0,0,0
BRDA:27,0,1,0
BRDA:48,1,0,0
BRDA:48,1,1,0
BRDA:48,2,0,0
BRDA:48,2,1,0
BRDA:53,3,0,0
BRDA:53,3,1,0
BRDA:53,4,0,0
BRDA:53,4,1,0
BRDA:93,5,0,0
BRDA:93,5,1,0
BRDA:110,6,0,0
BRDA:110,6,1,1
BRDA:120,7,0,0
BRDA:120,7,1,1
BRDA:124,8,0,1
BRDA:124,8,1,1
BRF:18
BRH:4
end_of_record
TN:
SF:/Users/vg/Documents/Work/froodwebapp/src/components/Common/DynamicTable/DynamicTable.jsx
FN:14,(anonymous_0)
FN:35,(anonymous_1)
FN:57,(anonymous_2)
FN:87,(anonymous_3)
FN:90,(anonymous_4)
FN:96,(anonymous_5)
FNF:6
FNH:2
FNDA:2,(anonymous_0)
FNDA:0,(anonymous_1)
FNDA:0,(anonymous_2)
FNDA:0,(anonymous_3)
FNDA:0,(anonymous_4)
FNDA:3,(anonymous_5)
DA:15,2
DA:16,2
DA:36,0
DA:37,0
DA:58,0
DA:59,0
DA:61,0
DA:70,0
DA:88,0
DA:90,0
DA:97,3
DA:98,3
DA:100,3
DA:130,136
LF:14
LH:6
BRDA:36,0,0,0
BRDA:36,0,1,0
BRDA:102,1,0,3
BRDA:102,1,1,1
BRDA:102,1,2,1
BRDA:102,1,3,2
BRDA:110,2,0,2
BRDA:110,2,1,2
BRF:8
BRH:6
end_of_record
TN:
SF:/Users/vg/Documents/Work/froodwebapp/src/components/Common/DynamicTable/StickyTable.jsx
FN:8,(anonymous_0)
FN:14,(anonymous_1)
FN:29,(anonymous_2)
FN:54,(anonymous_3)
FN:63,(anonymous_4)
FN:67,(anonymous_5)
FN:73,(anonymous_6)
FN:77,(anonymous_7)
FN:86,(anonymous_8)
FN:91,(anonymous_9)
FN:126,(anonymous_10)
FN:131,(anonymous_11)
FN:139,(anonymous_12)
FN:156,(anonymous_13)
FN:162,(anonymous_14)
FN:175,(anonymous_15)
FN:179,(anonymous_16)
FN:190,(anonymous_17)
FN:194,(anonymous_18)
FN:207,(anonymous_19)
FN:228,(anonymous_20)
FN:252,(anonymous_21)
FN:268,(anonymous_22)
FN:271,(anonymous_23)
FN:282,(anonymous_24)
FN:292,(anonymous_25)
FN:301,(anonymous_26)
FN:310,(anonymous_27)
FNF:28
FNH:19
FNDA:2,(anonymous_0)
FNDA:2,(anonymous_1)
FNDA:2,(anonymous_2)
FNDA:0,(anonymous_3)
FNDA:0,(anonymous_4)
FNDA:0,(anonymous_5)
FNDA:0,(anonymous_6)
FNDA:2,(anonymous_7)
FNDA:0,(anonymous_8)
FNDA:2,(anonymous_9)
FNDA:2,(anonymous_10)
FNDA:2,(anonymous_11)
FNDA:6,(anonymous_12)
FNDA:6,(anonymous_13)
FNDA:1,(anonymous_14)
FNDA:1,(anonymous_15)
FNDA:1,(anonymous_16)
FNDA:1,(anonymous_17)
FNDA:1,(anonymous_18)
FNDA:2,(anonymous_19)
FNDA:2,(anonymous_20)
FNDA:2,(anonymous_21)
FNDA:2,(anonymous_22)
FNDA:0,(anonymous_23)
FNDA:0,(anonymous_24)
FNDA:0,(anonymous_25)
FNDA:0,(anonymous_26)
FNDA:2,(anonymous_27)
DA:8,137
DA:15,2
DA:16,2
DA:18,2
DA:20,2
DA:26,2
DA:30,2
DA:32,2
DA:33,2
DA:34,2
DA:35,2
DA:36,2
DA:37,2
DA:38,2
DA:39,2
DA:40,2
DA:41,2
DA:43,2
DA:44,2
DA:46,2
DA:48,2
DA:49,2
DA:50,2
DA:55,0
DA:57,0
DA:64,0
DA:68,0
DA:69,0
DA:74,0
DA:78,2
DA:79,2
DA:80,2
DA:81,2
DA:82,2
DA:83,2
DA:87,0
DA:88,0
DA:92,2
DA:93,2
DA:94,2
DA:95,2
DA:97,2
DA:98,2
DA:99,2
DA:100,2
DA:101,2
DA:104,2
DA:105,2
DA:106,2
DA:107,2
DA:108,2
DA:111,2
DA:112,2
DA:113,2
DA:114,2
DA:115,2
DA:118,2
DA:119,2
DA:120,2
DA:121,2
DA:122,2
DA:127,2
DA:128,2
DA:132,2
DA:133,2
DA:135,2
DA:136,2
DA:140,6
DA:141,6
DA:147,6
DA:153,6
DA:157,6
DA:159,6
DA:163,1
DA:164,1
DA:166,1
DA:172,1
DA:176,1
DA:177,1
DA:179,1
DA:180,1
DA:183,1
DA:192,1
DA:194,1
DA:195,1
DA:197,1
DA:204,1
DA:211,2
DA:212,0
DA:213,0
DA:215,0
DA:216,0
DA:218,0
DA:220,0
DA:221,0
DA:229,2
DA:230,1
DA:231,0
DA:233,0
DA:234,0
DA:235,0
DA:237,0
DA:238,0
DA:239,0
DA:241,0
DA:242,0
DA:244,0
DA:245,0
DA:253,2
DA:254,2
DA:255,0
DA:256,0
DA:257,0
DA:258,0
DA:260,0
DA:261,0
DA:270,2
DA:271,2
DA:272,0
DA:273,0
DA:274,0
DA:276,0
DA:281,2
DA:282,2
DA:283,0
DA:284,0
DA:285,0
DA:287,0
DA:293,0
DA:294,0
DA:295,0
DA:297,0
DA:302,0
DA:303,0
DA:304,0
DA:306,0
DA:311,2
DA:312,2
DA:313,2
DA:319,2
DA:320,2
DA:321,1
DA:323,2
DA:324,1
DA:326,2
DA:327,1
DA:331,2
DA:356,137
LF:148
LH:100
BRDA:10,0,0,2
BRDA:10,0,1,1
BRDA:10,0,2,1
BRDA:23,1,0,1
BRDA:23,1,1,1
BRDA:23,2,0,1
BRDA:23,2,1,1
BRDA:24,3,0,1
BRDA:24,3,1,1
BRDA:24,4,0,1
BRDA:24,4,1,1
BRDA:32,5,0,2
BRDA:32,5,1,0
BRDA:68,6,0,0
BRDA:68,6,1,0
BRDA:97,7,0,2
BRDA:97,7,1,0
BRDA:97,8,0,2
BRDA:97,8,1,2
BRDA:104,9,0,2
BRDA:104,9,1,0
BRDA:104,10,0,2
BRDA:104,10,1,2
BRDA:111,11,0,2
BRDA:111,11,1,0
BRDA:111,12,0,2
BRDA:111,12,1,2
BRDA:118,13,0,2
BRDA:118,13,1,0
BRDA:118,14,0,2
BRDA:118,14,1,2
BRDA:159,15,0,6
BRDA:159,15,1,0
BRDA:211,16,0,0
BRDA:211,16,1,2
BRDA:215,17,0,0
BRDA:215,17,1,0
BRDA:220,18,0,0
BRDA:220,18,1,0
BRDA:220,19,0,0
BRDA:220,19,1,0
BRDA:229,20,0,1
BRDA:229,20,1,1
BRDA:233,21,0,0
BRDA:233,21,1,0
BRDA:241,22,0,0
BRDA:241,22,1,0
BRDA:241,23,0,0
BRDA:241,23,1,0
BRDA:254,24,0,0
BRDA:254,24,1,2
BRDA:255,25,0,0
BRDA:255,25,1,0
BRDA:256,26,0,0
BRDA:256,26,1,0
BRDA:260,27,0,0
BRDA:260,27,1,0
BRDA:272,28,0,0
BRDA:272,28,1,0
BRDA:283,29,0,0
BRDA:283,29,1,0
BRDA:293,30,0,0
BRDA:293,30,1,0
BRDA:302,31,0,0
BRDA:302,31,1,0
BRDA:319,32,0,2
BRDA:319,32,1,0
BRDA:320,33,0,1
BRDA:320,33,1,1
BRDA:320,34,0,2
BRDA:320,34,1,1
BRDA:323,35,0,1
BRDA:323,35,1,1
BRDA:326,36,0,1
BRDA:326,36,1,1
BRF:75
BRH:38
end_of_record
TN:
SF:/Users/vg/Documents/Work/froodwebapp/src/components/Common/DynamicTable/getTableRows.js
FN:8,(anonymous_0)
FN:25,(anonymous_1)
FN:28,(anonymous_2)
FN:49,(anonymous_3)
FN:54,(anonymous_4)
FN:59,(anonymous_5)
FNF:6
FNH:4
FNDA:2,(anonymous_0)
FNDA:0,(anonymous_1)
FNDA:2,(anonymous_2)
FNDA:4,(anonymous_3)
FNDA:0,(anonymous_4)
FNDA:4,(anonymous_5)
DA:8,137
DA:20,2
DA:21,2
DA:25,0
DA:29,2
DA:49,2
DA:50,4
DA:54,0
DA:60,4
DA:90,2
LF:10
LH:8
BRDA:41,0,0,2
BRDA:41,0,1,0
BRDA:62,1,0,0
BRDA:62,1,1,4
BRDA:64,2,0,4
BRDA:64,2,1,4
BRDA:64,2,2,0
BRDA:64,2,3,4
BRDA:72,3,0,4
BRDA:72,3,1,0
BRF:10
BRH:6
end_of_record
TN:
SF:/Users/vg/Documents/Work/froodwebapp/src/components/Common/DynamicTable/BulkMenu/BulkMenu.jsx
FN:9,(anonymous_0)
FN:16,(anonymous_1)
FN:22,(anonymous_2)
FN:44,(anonymous_3)
FN:49,(anonymous_4)
FN:54,(anonymous_5)
FN:59,(anonymous_6)
FN:64,(anonymous_7)
FN:72,(anonymous_8)
FN:80,(anonymous_9)
FNF:10
FNH:2
FNDA:1,(anonymous_0)
FNDA:0,(anonymous_1)
FNDA:1,(anonymous_2)
FNDA:0,(anonymous_3)
FNDA:0,(anonymous_4)
FNDA:0,(anonymous_5)
FNDA:0,(anonymous_6)
FNDA:0,(anonymous_7)
FNDA:0,(anonymous_8)
FNDA:0,(anonymous_9)
DA:10,1
DA:11,1
DA:17,0
DA:23,1
DA:24,1
DA:26,1
DA:90,137
LF:7
LH:6
BRDA:37,0,0,1
BRDA:37,0,1,0
BRF:2
BRH:1
end_of_record
TN:
SF:/Users/vg/Documents/Work/froodwebapp/src/components/Common/DynamicTable/BulkMenu/BulkMenuBodyItem.jsx
FN:7,(anonymous_0)
FNF:1
FNH:1
FNDA:1,(anonymous_0)
DA:7,138
DA:8,1
DA:18,138
LF:3
LH:3
BRF:0
BRH:0
end_of_record
TN:
SF:/Users/vg/Documents/Work/froodwebapp/src/components/Common/DynamicTable/TableComponents/Cell.jsx
FN:6,(anonymous_0)
FNF:1
FNH:1
FNDA:1,(anonymous_0)
DA:6,141
DA:7,1
DA:12,141
LF:3
LH:3
BRDA:7,0,0,1
BRDA:7,0,1,0
BRF:2
BRH:1
end_of_record
TN:
SF:/Users/vg/Documents/Work/froodwebapp/src/components/Common/DynamicTable/TableComponents/Row.jsx
FN:5,(anonymous_0)
FNF:1
FNH:1
FNDA:1,(anonymous_0)
DA:5,141
DA:6,1
DA:11,141
LF:3
LH:3
BRF:0
BRH:0
end_of_record
TN:
SF:/Users/vg/Documents/Work/froodwebapp/src/components/Common/DynamicTable/TableComponents/Table.jsx
FN:5,(anonymous_0)
FNF:1
FNH:1
FNDA:1,(anonymous_0)
DA:5,141
DA:6,1
DA:11,141
LF:3
LH:3
BRF:0
BRH:0
end_of_record
TN:
SF:/Users/vg/Documents/Work/froodwebapp/src/components/Common/DynamicTable/TableComponents/index.js
FNF:0
FNH:0
LF:0
LH:0
BRF:0
BRH:0
end_of_record
TN:
SF:/Users/vg/Documents/Work/froodwebapp/src/components/Common/FroodAntdComponents/FroodDatePicker.jsx
FN:7,(anonymous_0)
FN:11,(anonymous_1)
FN:15,(anonymous_2)
FNF:3
FNH:2
FNDA:1,(anonymous_0)
FNDA:0,(anonymous_1)
FNDA:1,(anonymous_2)
DA:8,1
DA:12,0
DA:16,1
DA:17,1
DA:34,135
LF:5
LH:4
BRDA:27,0,0,1
BRDA:27,0,1,1
BRF:2
BRH:2
end_of_record
TN:
SF:/Users/vg/Documents/Work/froodwebapp/src/components/Common/FroodAntdComponents/FroodInput.jsx
FN:6,(anonymous_0)
FN:10,(anonymous_1)
FNF:2
FNH:0
FNDA:0,(anonymous_0)
FNDA:0,(anonymous_1)
DA:7,0
DA:11,0
DA:13,0
DA:25,135
LF:4
LH:1
BRF:0
BRH:0
end_of_record
TN:
SF:/Users/vg/Documents/Work/froodwebapp/src/components/Common/FroodAntdComponents/FroodInputNumber.jsx
FN:6,(anonymous_0)
FN:10,(anonymous_1)
FNF:2
FNH:1
FNDA:0,(anonymous_0)
FNDA:1,(anonymous_1)
DA:7,0
DA:22,1
DA:23,1
DA:41,135
LF:4
LH:3
BRDA:14,0,0,0
BRDA:16,1,0,1
BRF:2
BRH:1
end_of_record
TN:
SF:/Users/vg/Documents/Work/froodwebapp/src/components/Common/FroodAntdComponents/FroodSearchInput.js
FN:9,(anonymous_0)
FN:13,(anonymous_1)
FNF:2
FNH:1
FNDA:0,(anonymous_0)
FNDA:1,(anonymous_1)
DA:6,135
DA:10,0
DA:14,1
DA:15,1
DA:25,135
LF:5
LH:4
BRF:0
BRH:0
end_of_record
TN:
SF:/Users/vg/Documents/Work/froodwebapp/src/components/Common/FroodAntdComponents/FroodSelect.jsx
FN:9,(anonymous_0)
FN:13,(anonymous_1)
FN:25,(anonymous_2)
FNF:3
FNH:2
FNDA:0,(anonymous_0)
FNDA:1,(anonymous_1)
FNDA:1,(anonymous_2)
DA:6,135
DA:10,0
DA:17,1
DA:19,1
DA:26,1
DA:38,135
LF:6
LH:5
BRDA:15,0,0,0
BRDA:22,1,0,1
BRDA:22,1,1,1
BRF:3
BRH:2
end_of_record
TN:
SF:/Users/vg/Documents/Work/froodwebapp/src/components/Common/FroodAntdComponents/FroodSwitch.jsx
FN:6,(anonymous_0)
FN:10,(anonymous_1)
FNF:2
FNH:1
FNDA:0,(anonymous_0)
FNDA:1,(anonymous_1)
DA:7,0
DA:18,1
DA:19,1
DA:33,135
LF:4
LH:3
BRDA:14,0,0,0
BRDA:15,1,0,0
BRDA:17,2,0,0
BRF:3
BRH:0
end_of_record
TN:
SF:/Users/vg/Documents/Work/froodwebapp/src/components/Common/FroodAntdComponents/FroodTag.jsx
FN:6,(anonymous_0)
FN:10,(anonymous_1)
FNF:2
FNH:1
FNDA:0,(anonymous_0)
FNDA:1,(anonymous_1)
DA:7,0
DA:14,1
DA:15,1
DA:28,136
LF:4
LH:3
BRF:0
BRH:0
end_of_record
TN:
SF:/Users/vg/Documents/Work/froodwebapp/src/components/Common/GridComponents/GridCheckbox.jsx
FN:6,(anonymous_0)
FN:21,(anonymous_1)
FNF:2
FNH:1
FNDA:0,(anonymous_0)
FNDA:1,(anonymous_1)
DA:12,0
DA:14,0
DA:15,0
DA:17,0
DA:22,1
DA:23,1
DA:33,135
LF:7
LH:3
BRDA:14,0,0,0
BRDA:14,0,1,0
BRF:2
BRH:0
end_of_record
TN:
SF:/Users/vg/Documents/Work/froodwebapp/src/components/Common/GridComponents/GridSkuAutoComplete.jsx
FN:7,(anonymous_0)
FN:15,(anonymous_1)
FN:22,(anonymous_2)
FN:26,(anonymous_3)
FN:34,(anonymous_4)
FNF:5
FNH:1
FNDA:0,(anonymous_0)
FNDA:0,(anonymous_1)
FNDA:0,(anonymous_2)
FNDA:0,(anonymous_3)
FNDA:1,(anonymous_4)
DA:7,135
DA:12,135
DA:16,0
DA:18,0
DA:23,0
DA:27,0
DA:31,0
DA:39,1
DA:41,1
DA:62,135
LF:10
LH:5
BRDA:16,0,0,0
BRDA:16,0,1,0
BRDA:16,1,0,0
BRDA:16,1,1,0
BRDA:38,2,0,0
BRF:5
BRH:0
end_of_record
TN:
SF:/Users/vg/Documents/Work/froodwebapp/src/components/Common/GridComponents/GridButton/GridButton.jsx
FN:7,(anonymous_0)
FN:15,(anonymous_1)
FN:22,(anonymous_2)
FN:26,(anonymous_3)
FNF:4
FNH:2
FNDA:1,(anonymous_0)
FNDA:0,(anonymous_1)
FNDA:0,(anonymous_2)
FNDA:1,(anonymous_3)
DA:8,1
DA:9,1
DA:16,0
DA:23,0
DA:27,1
DA:28,1
DA:41,135
LF:7
LH:5
BRF:0
BRH:0
end_of_record
TN:
SF:/Users/vg/Documents/Work/froodwebapp/src/components/Common/GridComponents/GridInput/GridInput.jsx
FN:7,(anonymous_0)
FN:11,(anonymous_1)
FNF:2
FNH:1
FNDA:0,(anonymous_0)
FNDA:1,(anonymous_1)
DA:8,0
DA:16,1
DA:18,1
DA:32,135
LF:4
LH:3
BRDA:13,0,0,0
BRF:1
BRH:0
end_of_record
TN:
SF:/Users/vg/Documents/Work/froodwebapp/src/components/Common/GridComponents/GridInputNumber/GridInputNumber.jsx
FN:7,(anonymous_0)
FN:11,(anonymous_1)
FNF:2
FNH:1
FNDA:0,(anonymous_0)
FNDA:1,(anonymous_1)
DA:8,0
DA:20,1
DA:22,1
DA:40,135
LF:4
LH:3
BRDA:13,0,0,0
BRF:1
BRH:0
end_of_record
TN:
SF:/Users/vg/Documents/Work/froodwebapp/src/components/Common/GridComponents/GridSelect/GridSelect.jsx
FN:9,(anonymous_0)
FN:16,(anonymous_1)
FN:33,(anonymous_2)
FN:35,(anonymous_3)
FNF:4
FNH:1
FNDA:0,(anonymous_0)
FNDA:1,(anonymous_1)
FNDA:0,(anonymous_2)
FNDA:0,(anonymous_3)
DA:6,135
DA:10,0
DA:11,0
DA:12,0
DA:22,1
DA:24,1
DA:33,0
DA:36,0
DA:48,135
LF:9
LH:4
BRDA:10,0,0,0
BRDA:10,0,1,0
BRDA:19,1,0,1
BRDA:21,2,0,1
BRDA:28,3,0,1
BRDA:28,3,1,1
BRDA:28,3,2,0
BRF:7
BRH:4
end_of_record
TN:
SF:/Users/vg/Documents/Work/froodwebapp/src/components/Common/GridComponents/GridTable/GridTable.jsx
FN:16,(anonymous_0)
FN:18,(anonymous_1)
FN:20,(anonymous_2)
FN:21,(anonymous_3)
FN:23,(anonymous_4)
FN:29,(anonymous_5)
FN:32,(anonymous_6)
FN:39,(anonymous_7)
FN:45,(anonymous_8)
FN:61,(anonymous_9)
FN:69,(anonymous_10)
FN:79,(anonymous_11)
FN:88,(anonymous_12)
FN:101,(anonymous_13)
FN:109,(anonymous_14)
FN:113,(anonymous_15)
FN:141,(anonymous_16)
FN:150,(anonymous_17)
FN:179,(anonymous_18)
FNF:19
FNH:2
FNDA:0,(anonymous_0)
FNDA:0,(anonymous_1)
FNDA:0,(anonymous_2)
FNDA:0,(anonymous_3)
FNDA:0,(anonymous_4)
FNDA:0,(anonymous_5)
FNDA:0,(anonymous_6)
FNDA:0,(anonymous_7)
FNDA:0,(anonymous_8)
FNDA:0,(anonymous_9)
FNDA:0,(anonymous_10)
FNDA:0,(anonymous_11)
FNDA:0,(anonymous_12)
FNDA:0,(anonymous_13)
FNDA:0,(anonymous_14)
FNDA:1,(anonymous_15)
FNDA:0,(anonymous_16)
FNDA:1,(anonymous_17)
FNDA:0,(anonymous_18)
DA:12,135
DA:17,0
DA:18,0
DA:19,0
DA:20,0
DA:21,0
DA:23,0
DA:25,0
DA:30,0
DA:31,0
DA:32,0
DA:36,0
DA:40,0
DA:41,0
DA:42,0
DA:46,0
DA:47,0
DA:58,0
DA:62,0
DA:64,0
DA:69,0
DA:70,0
DA:71,0
DA:75,0
DA:76,0
DA:80,0
DA:82,0
DA:83,0
DA:85,0
DA:89,0
DA:90,0
DA:92,0
DA:93,0
DA:95,0
DA:96,0
DA:97,0
DA:102,0
DA:103,0
DA:104,0
DA:105,0
DA:106,0
DA:110,0
DA:124,1
DA:126,1
DA:142,0
DA:151,1
DA:180,0
DA:199,135
LF:48
LH:5
BRDA:19,0,0,0
BRDA:19,0,1,0
BRDA:70,1,0,0
BRDA:70,1,1,0
BRDA:92,2,0,0
BRDA:92,2,1,0
BRDA:116,3,0,0
BRDA:119,4,0,1
BRDA:120,5,0,1
BRDA:121,6,0,1
BRDA:122,7,0,1
BRDA:123,8,0,1
BRDA:135,9,0,1
BRDA:135,9,1,0
BRDA:157,10,0,1
BRDA:157,10,1,1
BRDA:173,11,0,1
BRDA:173,11,1,0
BRDA:188,12,0,1
BRDA:188,12,1,0
BRF:20
BRH:10
end_of_record
TN:
SF:/Users/vg/Documents/Work/froodwebapp/src/components/Common/GridComponents/GridTable/getColumnRender.jsx
FN:14,(anonymous_0)
FN:26,(anonymous_1)
FNF:2
FNH:2
FNDA:1,(anonymous_0)
FNDA:1,(anonymous_1)
DA:14,135
DA:26,1
DA:30,1
DA:32,1
DA:34,0
DA:45,0
DA:48,0
DA:49,0
DA:64,0
DA:65,0
DA:67,0
DA:82,0
DA:84,0
DA:85,0
DA:95,0
DA:96,0
DA:98,0
DA:109,0
DA:111,0
DA:112,0
DA:121,0
DA:122,0
DA:124,0
DA:135,0
DA:137,0
DA:147,0
DA:149,0
DA:150,0
DA:160,0
DA:161,0
DA:171,0
DA:181,0
DA:183,0
DA:191,0
DA:193,1
DA:195,1
DA:196,0
DA:207,1
LF:38
LH:7
BRDA:32,0,0,0
BRDA:32,0,1,0
BRDA:32,0,2,0
BRDA:32,0,3,0
BRDA:32,0,4,0
BRDA:32,0,5,0
BRDA:32,0,6,0
BRDA:32,0,7,1
BRDA:48,1,0,0
BRDA:48,1,1,0
BRDA:48,2,0,0
BRDA:48,2,1,0
BRDA:64,3,0,0
BRDA:64,3,1,0
BRDA:64,4,0,0
BRDA:64,4,1,0
BRDA:84,5,0,0
BRDA:84,5,1,0
BRDA:84,6,0,0
BRDA:84,6,1,0
BRDA:95,7,0,0
BRDA:95,7,1,0
BRDA:95,8,0,0
BRDA:95,8,1,0
BRDA:111,9,0,0
BRDA:111,9,1,0
BRDA:111,10,0,0
BRDA:111,10,1,0
BRDA:121,11,0,0
BRDA:121,11,1,0
BRDA:121,12,0,0
BRDA:121,12,1,0
BRDA:149,13,0,0
BRDA:149,13,1,0
BRDA:149,14,0,0
BRDA:149,14,1,0
BRDA:160,15,0,0
BRDA:160,15,1,0
BRDA:160,16,0,0
BRDA:160,16,1,0
BRDA:195,17,0,0
BRDA:195,17,1,1
BRDA:195,18,0,1
BRDA:195,18,1,0
BRDA:195,18,2,0
BRF:45
BRH:3
end_of_record
TN:
SF:/Users/vg/Documents/Work/froodwebapp/src/components/Common/GridComponents/GridTags/GridTags.jsx
FN:8,(anonymous_0)
FN:15,(anonymous_1)
FN:19,(anonymous_2)
FN:23,(anonymous_3)
FN:29,(anonymous_4)
FN:33,(anonymous_5)
FN:46,(anonymous_6)
FNF:7
FNH:2
FNDA:1,(anonymous_0)
FNDA:0,(anonymous_1)
FNDA:0,(anonymous_2)
FNDA:0,(anonymous_3)
FNDA:0,(anonymous_4)
FNDA:1,(anonymous_5)
FNDA:0,(anonymous_6)
DA:9,1
DA:10,1
DA:16,0
DA:20,0
DA:24,0
DA:25,0
DA:26,0
DA:27,0
DA:29,0
DA:38,1
DA:42,1
DA:44,1
DA:47,0
DA:73,135
LF:14
LH:6
BRDA:25,0,0,0
BRDA:25,0,1,0
BRDA:35,1,0,1
BRDA:37,2,0,1
BRDA:55,3,0,1
BRDA:55,3,1,1
BRF:6
BRH:4
end_of_record
TN:
SF:/Users/vg/Documents/Work/froodwebapp/src/components/Common/NewTableRow/NewTableRow.jsx
FN:7,(anonymous_0)
FNF:1
FNH:1
FNDA:1,(anonymous_0)
DA:7,135
DA:13,1
DA:22,135
LF:3
LH:3
BRDA:18,0,0,0
BRDA:18,0,1,1
BRF:2
BRH:1
end_of_record
TN:
SF:/Users/vg/Documents/Work/froodwebapp/src/components/Common/OrderTabHeader/OrderTabHeader.jsx
FN:9,(anonymous_0)
FNF:1
FNH:1
FNDA:2,(anonymous_0)
DA:16,2
DA:18,2
DA:57,135
LF:3
LH:3
BRDA:25,0,0,2
BRDA:25,0,1,1
BRDA:37,1,0,2
BRDA:37,1,1,1
BRF:4
BRH:4
end_of_record
TN:
SF:/Users/vg/Documents/Work/froodwebapp/src/components/Common/PageHeader/PageHeader.jsx
FN:5,(anonymous_0)
FNF:1
FNH:1
FNDA:1,(anonymous_0)
DA:5,135
DA:6,1
DA:16,135
LF:3
LH:3
BRF:0
BRH:0
end_of_record
TN:
SF:/Users/vg/Documents/Work/froodwebapp/src/components/Common/TopFormModal/TopFormModal.jsx
FN:69,(anonymous_0)
FN:73,(anonymous_1)
FN:77,(anonymous_2)
FN:110,(anonymous_3)
FNF:4
FNH:1
FNDA:0,(anonymous_0)
FNDA:0,(anonymous_1)
FNDA:1,(anonymous_2)
FNDA:0,(anonymous_3)
DA:63,135
DA:70,0
DA:74,0
DA:88,1
DA:90,1
DA:111,0
DA:221,135
LF:7
LH:4
BRDA:80,0,0,0
BRDA:82,1,0,0
BRDA:92,2,0,1
BRDA:92,2,1,0
BRDA:113,3,0,0
BRDA:113,3,1,0
BRDA:120,4,0,0
BRDA:120,4,1,0
BRDA:123,5,0,0
BRDA:123,5,1,0
BRDA:123,5,2,0
BRDA:127,6,0,0
BRDA:127,6,1,0
BRDA:130,7,0,0
BRDA:130,7,1,0
BRDA:130,7,2,0
BRDA:134,8,0,0
BRDA:134,8,1,0
BRDA:137,9,0,0
BRDA:137,9,1,0
BRDA:137,9,2,0
BRDA:141,10,0,0
BRDA:141,10,1,0
BRDA:144,11,0,0
BRDA:144,11,1,0
BRDA:144,11,2,0
BRDA:149,12,0,0
BRDA:149,12,1,0
BRDA:152,13,0,0
BRDA:152,13,1,0
BRDA:152,13,2,0
BRDA:157,14,0,0
BRDA:157,14,1,0
BRDA:161,15,0,0
BRDA:161,15,1,0
BRDA:161,15,2,0
BRDA:165,16,0,0
BRDA:165,16,1,0
BRDA:168,17,0,0
BRDA:168,17,1,0
BRDA:168,17,2,0
BRDA:172,18,0,0
BRDA:172,18,1,0
BRDA:176,19,0,0
BRDA:176,19,1,0
BRDA:176,19,2,0
BRDA:180,20,0,0
BRDA:180,20,1,0
BRDA:183,21,0,0
BRDA:183,21,1,0
BRDA:183,21,2,0
BRDA:187,22,0,0
BRDA:187,22,1,0
BRDA:190,23,0,0
BRDA:190,23,1,0
BRDA:190,23,2,0
BRDA:194,24,0,0
BRDA:194,24,1,0
BRDA:200,25,0,0
BRDA:200,25,1,0
BRDA:200,25,2,0
BRDA:204,26,0,0
BRDA:204,26,1,0
BRDA:207,27,0,0
BRDA:207,27,1,0
BRDA:207,27,2,0
BRF:66
BRH:1
end_of_record
TN:
SF:/Users/vg/Documents/Work/froodwebapp/src/components/Footer/Footer.jsx
FN:4,(anonymous_0)
FNF:1
FNH:1
FNDA:1,(anonymous_0)
DA:4,135
DA:5,1
LF:2
LH:2
BRF:0
BRH:0
end_of_record
TN:
SF:/Users/vg/Documents/Work/froodwebapp/src/components/Header/Header.jsx
FN:26,(anonymous_0)
FN:30,(anonymous_1)
FN:39,(anonymous_2)
FN:48,(anonymous_3)
FN:55,(anonymous_4)
FN:62,(anonymous_5)
FN:68,(anonymous_6)
FN:74,(anonymous_7)
FNF:8
FNH:2
FNDA:0,(anonymous_0)
FNDA:0,(anonymous_1)
FNDA:1,(anonymous_2)
FNDA:0,(anonymous_3)
FNDA:0,(anonymous_4)
FNDA:0,(anonymous_5)
FNDA:0,(anonymous_6)
FNDA:1,(anonymous_7)
DA:26,136
DA:30,136
DA:36,136
DA:40,1
DA:41,1
DA:49,0
DA:50,0
DA:51,0
DA:55,0
DA:63,0
DA:64,0
DA:69,0
DA:79,1
DA:85,1
DA:87,1
DA:212,136
LF:16
LH:9
BRDA:56,0,0,0
BRDA:56,0,1,0
BRDA:63,1,0,0
BRDA:63,1,1,0
BRDA:101,2,0,0
BRDA:101,2,1,1
BRDA:113,3,0,1
BRDA:113,3,1,1
BRDA:113,3,2,1
BRDA:141,4,0,1
BRDA:141,4,1,1
BRDA:141,4,2,0
BRF:12
BRH:6
end_of_record
TN:
SF:/Users/vg/Documents/Work/froodwebapp/src/components/Header/menuLinks.js
FNF:0
FNH:0
LF:0
LH:0
BRF:0
BRH:0
end_of_record
TN:
SF:/Users/vg/Documents/Work/froodwebapp/src/components/Header/HeaderMenu/HeaderMenu.jsx
FN:13,(anonymous_0)
FN:20,(anonymous_1)
FN:26,(anonymous_2)
FN:32,(anonymous_3)
FN:37,(anonymous_4)
FN:40,(anonymous_5)
FN:81,(anonymous_6)
FNF:7
FNH:2
FNDA:1,(anonymous_0)
FNDA:0,(anonymous_1)
FNDA:0,(anonymous_2)
FNDA:0,(anonymous_3)
FNDA:0,(anonymous_4)
FNDA:1,(anonymous_5)
FNDA:0,(anonymous_6)
DA:14,1
DA:15,1
DA:21,0
DA:27,0
DA:33,0
DA:34,0
DA:36,0
DA:37,0
DA:51,1
DA:53,1
DA:55,1
DA:82,0
DA:110,137
LF:13
LH:6
BRDA:33,0,0,0
BRDA:33,0,1,0
BRDA:34,1,0,0
BRDA:34,1,1,0
BRDA:49,2,0,1
BRDA:78,3,0,0
BRDA:78,3,1,1
BRDA:81,4,0,1
BRDA:81,4,1,0
BRDA:82,5,0,0
BRDA:82,5,1,0
BRDA:82,5,2,0
BRF:12
BRH:3
end_of_record
TN:
SF:/Users/vg/Documents/Work/froodwebapp/src/components/Header/HeaderMenu/Sections/ItemWithNestedItems.jsx
FN:15,(anonymous_0)
FN:22,(anonymous_1)
FN:28,(anonymous_2)
FN:34,(anonymous_3)
FN:78,(anonymous_4)
FNF:5
FNH:3
FNDA:1,(anonymous_0)
FNDA:0,(anonymous_1)
FNDA:0,(anonymous_2)
FNDA:1,(anonymous_3)
FNDA:2,(anonymous_4)
DA:16,1
DA:17,1
DA:23,0
DA:29,0
DA:35,1
DA:45,1
DA:47,1
DA:79,2
DA:110,138
LF:9
LH:7
BRDA:62,0,0,1
BRDA:62,0,1,1
BRDA:76,1,0,0
BRDA:76,1,1,1
BRDA:87,2,0,0
BRDA:87,2,1,2
BRDA:94,3,0,2
BRDA:94,3,1,1
BRF:8
BRH:6
end_of_record
TN:
SF:/Users/vg/Documents/Work/froodwebapp/src/components/Header/HeaderMenu/Sections/SingleMenuItem.jsx
FN:9,(anonymous_0)
FNF:1
FNH:1
FNDA:1,(anonymous_0)
DA:9,138
DA:17,1
DA:43,138
LF:3
LH:3
BRDA:25,0,0,0
BRDA:25,0,1,1
BRDA:28,1,0,1
BRDA:28,1,1,1
BRF:4
BRH:3
end_of_record
TN:
SF:/Users/vg/Documents/Work/froodwebapp/src/components/Header/HeaderMenu/Sections/VisibleMenu.jsx
FN:12,(anonymous_0)
FNF:1
FNH:1
FNDA:2,(anonymous_0)
DA:12,138
DA:19,2
DA:40,138
LF:3
LH:3
BRDA:20,0,0,2
BRDA:20,0,1,0
BRDA:30,1,0,0
BRDA:30,1,1,2
BRF:4
BRH:2
end_of_record
TN:
SF:/Users/vg/Documents/Work/froodwebapp/src/components/Header/TasksMenu/Tag.jsx
FN:6,(anonymous_0)
FN:10,(anonymous_1)
FNF:2
FNH:1
FNDA:0,(anonymous_0)
FNDA:1,(anonymous_1)
DA:7,0
DA:11,1
DA:12,1
DA:30,138
LF:4
LH:3
BRF:0
BRH:0
end_of_record
TN:
SF:/Users/vg/Documents/Work/froodwebapp/src/components/Header/TasksMenu/TasksMenu.jsx
FN:9,(anonymous_0)
FN:17,(anonymous_1)
FN:21,(anonymous_2)
FN:37,(anonymous_3)
FNF:4
FNH:2
FNDA:0,(anonymous_0)
FNDA:0,(anonymous_1)
FNDA:1,(anonymous_2)
FNDA:2,(anonymous_3)
DA:9,137
DA:14,137
DA:18,0
DA:26,1
DA:28,1
DA:38,2
DA:54,137
LF:7
LH:6
BRDA:33,0,0,0
BRDA:33,0,1,1
BRDA:33,1,0,1
BRDA:33,1,1,0
BRF:4
BRH:2
end_of_record
TN:
SF:/Users/vg/Documents/Work/froodwebapp/src/components/Icons/index.js
FNF:0
FNH:0
LF:0
LH:0
BRF:0
BRH:0
end_of_record
TN:
SF:/Users/vg/Documents/Work/froodwebapp/src/components/Icons/AddIcon/AddIcon.jsx
FN:6,(anonymous_0)
FNF:1
FNH:0
FNDA:0,(anonymous_0)
DA:6,6
DA:7,0
DA:15,6
LF:3
LH:2
BRDA:6,0,0,0
BRF:1
BRH:0
end_of_record
TN:
SF:/Users/vg/Documents/Work/froodwebapp/src/components/Icons/CloseIcon/CloseIcon.jsx
FN:6,(anonymous_0)
FNF:1
FNH:1
FNDA:1,(anonymous_0)
DA:6,6
DA:7,1
DA:14,6
LF:3
LH:3
BRF:0
BRH:0
end_of_record
TN:
SF:/Users/vg/Documents/Work/froodwebapp/src/components/Icons/DeleteIcon/DeleteIcon.jsx
FN:6,(anonymous_0)
FNF:1
FNH:1
FNDA:1,(anonymous_0)
DA:6,6
DA:7,1
DA:15,6
LF:3
LH:3
BRDA:6,0,0,0
BRF:1
BRH:0
end_of_record
TN:
SF:/Users/vg/Documents/Work/froodwebapp/src/components/Icons/FilterIcon/FilterIcon.jsx
FN:6,(anonymous_0)
FNF:1
FNH:0
FNDA:0,(anonymous_0)
DA:6,6
DA:7,0
DA:15,6
LF:3
LH:2
BRDA:6,0,0,0
BRF:1
BRH:0
end_of_record
TN:
SF:/Users/vg/Documents/Work/froodwebapp/src/components/Icons/OpenIcon/OpenIcon.jsx
FN:6,(anonymous_0)
FNF:1
FNH:1
FNDA:1,(anonymous_0)
DA:6,6
DA:7,1
DA:15,6
LF:3
LH:3
BRF:0
BRH:0
end_of_record
TN:
SF:/Users/vg/Documents/Work/froodwebapp/src/components/Icons/RefreshIcon/RefreshIcon.jsx
FN:6,(anonymous_0)
FNF:1
FNH:1
FNDA:1,(anonymous_0)
DA:6,6
DA:7,1
DA:15,6
LF:3
LH:3
BRF:0
BRH:0
end_of_record
TN:
SF:/Users/vg/Documents/Work/froodwebapp/src/components/Icons/SettingsIcon/SettingsIcon.jsx
FN:6,(anonymous_0)
FNF:1
FNH:1
FNDA:1,(anonymous_0)
DA:6,6
DA:7,1
DA:15,6
LF:3
LH:3
BRF:0
BRH:0
end_of_record
TN:
SF:/Users/vg/Documents/Work/froodwebapp/src/components/Icons/SortIcon/SortIcon.jsx
FN:8,(anonymous_0)
FNF:1
FNH:1
FNDA:1,(anonymous_0)
DA:8,6
DA:9,1
DA:16,6
LF:3
LH:3
BRF:0
BRH:0
end_of_record
TN:
SF:/Users/vg/Documents/Work/froodwebapp/src/components/ReduxFormFields/FormCheckbox.jsx
FN:6,(anonymous_0)
FN:10,(anonymous_1)
FNF:2
FNH:1
FNDA:0,(anonymous_0)
FNDA:2,(anonymous_1)
DA:7,0
DA:16,2
DA:18,2
DA:30,135
LF:4
LH:3
BRDA:13,0,0,0
BRF:1
BRH:0
end_of_record
TN:
SF:/Users/vg/Documents/Work/froodwebapp/src/components/ReduxFormFields/FormDatePicker.jsx
FN:6,(anonymous_0)
FN:6,(anonymous_1)
FN:15,(anonymous_2)
FN:20,(anonymous_3)
FN:24,(anonymous_4)
FNF:5
FNH:2
FNDA:1,(anonymous_0)
FNDA:0,(anonymous_1)
FNDA:0,(anonymous_2)
FNDA:0,(anonymous_3)
FNDA:1,(anonymous_4)
DA:6,135
DA:8,0
DA:15,135
DA:17,0
DA:21,0
DA:33,1
DA:35,1
DA:39,1
DA:56,135
LF:9
LH:6
BRDA:8,0,0,0
BRDA:8,0,1,0
BRDA:8,0,2,0
BRDA:8,0,3,0
BRDA:8,0,4,0
BRDA:17,1,0,0
BRDA:17,1,1,0
BRDA:35,2,0,0
BRDA:35,2,1,1
BRDA:50,3,0,1
BRDA:50,3,1,1
BRDA:50,3,2,0
BRF:12
BRH:3
end_of_record
TN:
SF:/Users/vg/Documents/Work/froodwebapp/src/components/ReduxFormFields/FormGridTable.jsx
FN:5,(anonymous_0)
FNF:1
FNH:1
FNDA:1,(anonymous_0)
DA:5,135
DA:6,1
DA:13,135
LF:3
LH:3
BRF:0
BRH:0
end_of_record
TN:
SF:/Users/vg/Documents/Work/froodwebapp/src/components/ReduxFormFields/FormInput.jsx
FN:21,(anonymous_0)
FNF:1
FNH:1
FNDA:1,(anonymous_0)
DA:21,135
DA:32,1
DA:44,135
LF:3
LH:3
BRDA:23,0,0,1
BRDA:26,1,0,1
BRDA:30,2,0,0
BRF:3
BRH:2
end_of_record
TN:
SF:/Users/vg/Documents/Work/froodwebapp/src/components/ReduxFormFields/FormInputNumber.jsx
FN:23,(anonymous_0)
FNF:1
FNH:1
FNDA:1,(anonymous_0)
DA:23,135
DA:37,1
DA:52,135
LF:3
LH:3
BRDA:25,0,0,0
BRDA:32,1,0,0
BRDA:35,2,0,0
BRF:3
BRH:0
end_of_record
TN:
SF:/Users/vg/Documents/Work/froodwebapp/src/components/ReduxFormFields/FormRadio.jsx
FN:5,(anonymous_0)
FNF:1
FNH:1
FNDA:1,(anonymous_0)
DA:5,135
DA:6,1
DA:12,135
LF:3
LH:3
BRF:0
BRH:0
end_of_record
TN:
SF:/Users/vg/Documents/Work/froodwebapp/src/components/ReduxFormFields/FormRadioButtonGroup.jsx
FN:7,(anonymous_0)
FN:19,(anonymous_1)
FNF:2
FNH:2
FNDA:1,(anonymous_0)
FNDA:2,(anonymous_1)
DA:7,135
DA:13,1
DA:20,2
DA:31,135
LF:4
LH:4
BRDA:11,0,0,1
BRDA:15,1,0,1
BRDA:15,1,1,0
BRF:3
BRH:2
end_of_record
TN:
SF:/Users/vg/Documents/Work/froodwebapp/src/components/ReduxFormFields/FormRadioGroup.jsx
FN:5,(anonymous_0)
FN:15,(anonymous_1)
FNF:2
FNH:2
FNDA:1,(anonymous_0)
FNDA:2,(anonymous_1)
DA:5,135
DA:10,1
DA:16,2
DA:26,135
LF:4
LH:4
BRF:0
BRH:0
end_of_record
TN:
SF:/Users/vg/Documents/Work/froodwebapp/src/components/ReduxFormFields/FormSelect.jsx
FN:8,(anonymous_0)
FN:22,(anonymous_1)
FN:24,(anonymous_2)
FNF:3
FNH:2
FNDA:1,(anonymous_0)
FNDA:0,(anonymous_1)
FNDA:2,(anonymous_2)
DA:6,135
DA:8,135
DA:14,1
DA:22,0
DA:25,2
DA:35,135
LF:6
LH:5
BRDA:10,0,0,0
BRDA:12,1,0,0
BRDA:17,2,0,1
BRDA:17,2,1,1
BRDA:17,2,2,0
BRF:5
BRH:2
end_of_record
TN:
SF:/Users/vg/Documents/Work/froodwebapp/src/components/ReduxFormFields/FormSwitch.jsx
FN:5,(anonymous_0)
FNF:1
FNH:1
FNDA:1,(anonymous_0)
DA:5,135
DA:12,1
DA:23,135
LF:3
LH:3
BRDA:7,0,0,0
BRDA:10,1,0,1
BRF:2
BRH:1
end_of_record
TN:
SF:/Users/vg/Documents/Work/froodwebapp/src/components/ReduxFormFields/FormTextArea.jsx
FN:19,(anonymous_0)
FNF:1
FNH:1
FNDA:1,(anonymous_0)
DA:17,135
DA:19,135
DA:28,1
DA:39,135
LF:4
LH:4
BRDA:21,0,0,0
BRDA:26,1,0,0
BRF:2
BRH:0
end_of_record
TN:
SF:/Users/vg/Documents/Work/froodwebapp/src/components/ReduxFormFields/FormTimePicker.jsx
FN:7,(anonymous_0)
FN:14,(anonymous_1)
FN:18,(anonymous_2)
FN:20,(anonymous_3)
FN:24,(anonymous_4)
FN:39,(anonymous_5)
FNF:6
FNH:2
FNDA:1,(anonymous_0)
FNDA:0,(anonymous_1)
FNDA:0,(anonymous_2)
FNDA:0,(anonymous_3)
FNDA:1,(anonymous_4)
FNDA:0,(anonymous_5)
DA:8,1
DA:9,1
DA:15,0
DA:18,0
DA:21,0
DA:29,1
DA:30,1
DA:40,0
DA:53,135
LF:9
LH:5
BRDA:34,0,0,1
BRDA:34,0,1,0
BRDA:38,1,0,1
BRDA:38,1,1,1
BRF:4
BRH:3
end_of_record
TN:
SF:/Users/vg/Documents/Work/froodwebapp/src/components/ReduxFormFields/FormAddress/AddressInfo.jsx
FN:12,(anonymous_0)
FN:18,(anonymous_1)
FNF:2
FNH:1
FNDA:0,(anonymous_0)
FNDA:1,(anonymous_1)
DA:13,0
DA:14,0
DA:23,1
DA:25,1
DA:55,135
LF:5
LH:3
BRDA:13,0,0,0
BRDA:13,0,1,0
BRDA:21,1,0,0
BRDA:32,2,0,1
BRDA:32,2,1,0
BRDA:41,3,0,1
BRDA:41,3,1,1
BRDA:42,4,0,1
BRDA:42,4,1,1
BRDA:43,5,0,1
BRDA:43,5,1,1
BRDA:43,6,0,1
BRDA:43,6,1,1
BRDA:44,7,0,1
BRDA:44,7,1,1
BRDA:45,8,0,1
BRDA:45,8,1,0
BRDA:47,9,0,0
BRDA:47,9,1,0
BRDA:47,10,0,0
BRDA:47,10,1,0
BRF:21
BRH:12
end_of_record
TN:
SF:/Users/vg/Documents/Work/froodwebapp/src/components/ReduxFormFields/FormAddress/FormAddressInfo.jsx
FN:5,(anonymous_0)
FNF:1
FNH:1
FNDA:1,(anonymous_0)
DA:5,135
DA:6,1
DA:9,135
LF:3
LH:3
BRF:0
BRH:0
end_of_record
TN:
SF:/Users/vg/Documents/Work/froodwebapp/src/components/ReduxFormFields/FormAddress/FormAddressList.jsx
FN:7,(anonymous_0)
FN:8,(anonymous_1)
FN:16,(anonymous_2)
FN:17,(anonymous_3)
FN:21,(anonymous_4)
FN:26,(anonymous_5)
FNF:6
FNH:2
FNDA:0,(anonymous_0)
FNDA:0,(anonymous_1)
FNDA:0,(anonymous_2)
FNDA:0,(anonymous_3)
FNDA:1,(anonymous_4)
FNDA:1,(anonymous_5)
DA:8,0
DA:9,0
DA:17,0
DA:18,0
DA:22,1
DA:24,1
DA:27,1
DA:42,135
LF:8
LH:4
BRF:0
BRH:0
end_of_record
TN:
SF:/Users/vg/Documents/Work/froodwebapp/src/components/ReduxFormFields/FormAddress/FormAddressPopup.jsx
FN:12,(anonymous_0)
FN:19,(anonymous_1)
FN:27,(anonymous_2)
FN:33,(anonymous_3)
FN:37,(anonymous_4)
FNF:5
FNH:2
FNDA:1,(anonymous_0)
FNDA:0,(anonymous_1)
FNDA:0,(anonymous_2)
FNDA:0,(anonymous_3)
FNDA:1,(anonymous_4)
DA:13,1
DA:14,1
DA:20,0
DA:21,0
DA:28,0
DA:34,0
DA:43,1
DA:45,1
DA:83,135
LF:9
LH:5
BRDA:20,0,0,0
BRDA:20,0,1,0
BRDA:42,1,0,0
BRDA:49,2,0,1
BRDA:49,2,1,1
BRF:5
BRH:2
end_of_record
TN:
SF:/Users/vg/Documents/Work/froodwebapp/src/components/ReduxFormFields/FormAutoComplete/FormBundleAutoComplete.jsx
FN:6,(anonymous_0)
FN:14,(anonymous_1)
FN:24,(anonymous_2)
FNF:3
FNH:1
FNDA:0,(anonymous_0)
FNDA:0,(anonymous_1)
FNDA:1,(anonymous_2)
DA:7,0
DA:15,0
DA:16,0
DA:29,1
DA:31,1
DA:43,135
LF:6
LH:3
BRDA:15,0,0,0
BRDA:15,0,1,0
BRDA:27,1,0,0
BRDA:28,2,0,0
BRF:4
BRH:0
end_of_record
TN:
SF:/Users/vg/Documents/Work/froodwebapp/src/components/ReduxFormFields/FormAutoComplete/FormCustomerAutoComplete.jsx
FN:6,(anonymous_0)
FN:14,(anonymous_1)
FN:24,(anonymous_2)
FNF:3
FNH:1
FNDA:0,(anonymous_0)
FNDA:0,(anonymous_1)
FNDA:1,(anonymous_2)
DA:7,0
DA:15,0
DA:16,0
DA:29,1
DA:31,1
DA:43,135
LF:6
LH:3
BRDA:15,0,0,0
BRDA:15,0,1,0
BRDA:27,1,0,0
BRDA:28,2,0,0
BRF:4
BRH:0
end_of_record
TN:
SF:/Users/vg/Documents/Work/froodwebapp/src/components/ReduxFormFields/FormAutoComplete/FormCustomerOrderAutoComplete.jsx
FN:6,(anonymous_0)
FN:14,(anonymous_1)
FN:24,(anonymous_2)
FNF:3
FNH:1
FNDA:0,(anonymous_0)
FNDA:0,(anonymous_1)
FNDA:1,(anonymous_2)
DA:7,0
DA:15,0
DA:16,0
DA:29,1
DA:31,1
DA:43,135
LF:6
LH:3
BRDA:15,0,0,0
BRDA:15,0,1,0
BRDA:27,1,0,0
BRDA:28,2,0,0
BRF:4
BRH:0
end_of_record
TN:
SF:/Users/vg/Documents/Work/froodwebapp/src/components/ReduxFormFields/FormAutoComplete/FormPromotionAutoComplete.jsx
FN:6,(anonymous_0)
FN:14,(anonymous_1)
FN:24,(anonymous_2)
FNF:3
FNH:0
FNDA:0,(anonymous_0)
FNDA:0,(anonymous_1)
FNDA:0,(anonymous_2)
DA:7,0
DA:15,0
DA:16,0
DA:29,0
DA:31,0
DA:43,135
LF:6
LH:1
BRDA:15,0,0,0
BRDA:15,0,1,0
BRDA:27,1,0,0
BRDA:28,2,0,0
BRF:4
BRH:0
end_of_record
TN:
SF:/Users/vg/Documents/Work/froodwebapp/src/components/ReduxFormFields/FormAutoComplete/FormSkuAutoComplete.jsx
FN:6,(anonymous_0)
FN:14,(anonymous_1)
FN:24,(anonymous_2)
FNF:3
FNH:1
FNDA:0,(anonymous_0)
FNDA:0,(anonymous_1)
FNDA:1,(anonymous_2)
DA:7,0
DA:15,0
DA:16,0
DA:29,1
DA:31,1
DA:43,135
LF:6
LH:3
BRDA:15,0,0,0
BRDA:15,0,1,0
BRDA:27,1,0,0
BRDA:28,2,0,0
BRF:4
BRH:0
end_of_record
TN:
SF:/Users/vg/Documents/Work/froodwebapp/src/components/ReduxFormFields/FormAutoComplete/FormSupplierAutoComplete.jsx
FN:6,(anonymous_0)
FN:14,(anonymous_1)
FN:24,(anonymous_2)
FNF:3
FNH:1
FNDA:0,(anonymous_0)
FNDA:0,(anonymous_1)
FNDA:1,(anonymous_2)
DA:7,0
DA:15,0
DA:16,0
DA:29,1
DA:31,1
DA:43,135
LF:6
LH:3
BRDA:15,0,0,0
BRDA:15,0,1,0
BRDA:27,1,0,0
BRDA:28,2,0,0
BRF:4
BRH:0
end_of_record
TN:
SF:/Users/vg/Documents/Work/froodwebapp/src/components/ReduxFormFields/FormTelephoneInput/FormTelephoneInput.jsx
FN:8,(anonymous_0)
FN:15,(anonymous_1)
FNF:2
FNH:1
FNDA:0,(anonymous_0)
FNDA:1,(anonymous_1)
DA:9,0
DA:19,1
DA:21,1
DA:33,135
LF:4
LH:3
BRF:0
BRH:0
end_of_record
TN:
SF:/Users/vg/Documents/Work/froodwebapp/src/containers/index.js
FNF:0
FNH:0
LF:0
LH:0
BRF:0
BRH:0
end_of_record
TN:
SF:/Users/vg/Documents/Work/froodwebapp/src/containers/Common/CoreLayout/CoreLayout.jsx
FN:12,(anonymous_0)
FN:21,(anonymous_1)
FN:38,(anonymous_2)
FNF:3
FNH:1
FNDA:0,(anonymous_0)
FNDA:0,(anonymous_1)
FNDA:2,(anonymous_2)
DA:12,7
DA:27,0
DA:29,0
DA:30,0
DA:33,0
DA:34,0
DA:44,2
DA:46,2
DA:48,2
DA:63,7
LF:10
LH:5
BRDA:29,0,0,0
BRDA:29,0,1,0
BRDA:33,1,0,0
BRDA:33,1,1,0
BRDA:52,2,0,2
BRDA:52,2,1,0
BRDA:52,2,2,0
BRF:7
BRH:1
end_of_record
TN:
SF:/Users/vg/Documents/Work/froodwebapp/src/containers/Common/CoreLayout/parseError.js
FN:3,(anonymous_0)
FNF:1
FNH:0
FNDA:0,(anonymous_0)
DA:3,7
DA:4,0
DA:6,0
DA:8,0
DA:10,0
DA:11,0
DA:14,0
DA:16,0
LF:8
LH:1
BRDA:4,0,0,0
BRDA:4,0,1,0
BRDA:4,0,2,0
BRDA:4,0,3,0
BRDA:4,0,4,0
BRDA:11,1,0,0
BRDA:11,1,1,0
BRF:7
BRH:0
end_of_record
TN:
SF:/Users/vg/Documents/Work/froodwebapp/src/containers/Common/LoadingDataPage/LoadingDataPage.jsx
FN:10,(anonymous_0)
FN:21,(anonymous_1)
FN:27,(anonymous_2)
FN:31,(anonymous_3)
FN:59,(anonymous_4)
FNF:5
FNH:3
FNDA:0,(anonymous_0)
FNDA:3,(anonymous_1)
FNDA:0,(anonymous_2)
FNDA:1,(anonymous_3)
FNDA:3,(anonymous_4)
DA:10,7
DA:16,7
DA:22,3
DA:23,0
DA:28,0
DA:32,1
DA:33,1
DA:34,1
DA:35,1
DA:37,1
DA:38,0
DA:44,1
DA:45,1
DA:51,0
DA:52,0
DA:54,0
DA:60,3
DA:61,3
DA:73,7
LF:19
LH:13
BRDA:22,0,0,0
BRDA:22,0,1,3
BRDA:32,1,0,1
BRDA:32,1,1,0
BRDA:33,2,0,1
BRDA:33,2,1,1
BRDA:34,3,0,1
BRDA:34,3,1,1
BRDA:35,4,0,1
BRDA:35,4,1,1
BRDA:37,5,0,0
BRDA:37,5,1,1
BRDA:37,6,0,1
BRDA:37,6,1,1
BRDA:44,7,0,1
BRDA:44,7,1,0
BRDA:44,8,0,1
BRDA:44,8,1,1
BRDA:51,9,0,0
BRDA:51,9,1,0
BRF:20
BRH:14
end_of_record
TN:
SF:/Users/vg/Documents/Work/froodwebapp/src/containers/Common/LoginPage/LoginPage.jsx
FN:14,(anonymous_0)
FN:33,(anonymous_1)
FN:39,(anonymous_2)
FN:43,(anonymous_3)
FNF:4
FNH:2
FNDA:0,(anonymous_0)
FNDA:0,(anonymous_1)
FNDA:1,(anonymous_2)
FNDA:3,(anonymous_3)
DA:14,7
DA:18,7
DA:23,7
DA:34,0
DA:35,0
DA:40,1
DA:46,3
DA:48,3
DA:88,7
LF:9
LH:7
BRDA:34,0,0,0
BRDA:34,0,1,0
BRF:2
BRH:0
end_of_record
TN:
SF:/Users/vg/Documents/Work/froodwebapp/src/containers/Common/MainContainer/MainContainer.jsx
FN:18,(anonymous_0)
FN:25,(anonymous_1)
FN:32,(anonymous_2)
FN:45,(anonymous_3)
FN:53,(anonymous_4)
FN:66,(anonymous_5)
FN:70,(anonymous_6)
FNF:7
FNH:6
FNDA:4,(anonymous_0)
FNDA:4,(anonymous_1)
FNDA:0,(anonymous_2)
FNDA:1,(anonymous_3)
FNDA:1,(anonymous_4)
FNDA:2,(anonymous_5)
FNDA:6,(anonymous_6)
DA:15,7
DA:19,4
DA:20,4
DA:26,4
DA:33,0
DA:34,0
DA:37,0
DA:38,0
DA:49,1
DA:51,1
DA:52,1
DA:53,1
DA:55,1
DA:56,1
DA:67,2
DA:71,6
DA:73,6
DA:164,7
LF:18
LH:14
BRDA:33,0,0,0
BRDA:33,0,1,0
BRDA:37,1,0,0
BRDA:37,1,1,0
BRDA:51,2,0,1
BRDA:51,2,1,0
BRDA:52,3,0,0
BRDA:52,3,1,1
BRDA:83,4,0,6
BRDA:83,4,1,1
BRF:10
BRH:4
end_of_record
TN:
SF:/Users/vg/Documents/Work/froodwebapp/src/containers/Common/MainContainer/MainContainerSections/index.js
FNF:0
FNH:0
LF:0
LH:0
BRF:0
BRH:0
end_of_record
TN:
SF:/Users/vg/Documents/Work/froodwebapp/src/containers/Common/MainContainer/MainContainerSections/AutoCompleteSection/AutoCompleteSection.jsx
FN:13,(anonymous_0)
FN:19,(anonymous_1)
FN:27,(anonymous_2)
FN:33,(anonymous_3)
FN:57,(anonymous_4)
FNF:5
FNH:4
FNDA:1,(anonymous_0)
FNDA:1,(anonymous_1)
FNDA:1,(anonymous_2)
FNDA:5,(anonymous_3)
FNDA:0,(anonymous_4)
DA:14,1
DA:20,1
DA:28,1
DA:40,5
DA:42,5
DA:57,0
DA:85,9
LF:7
LH:6
BRDA:47,0,0,5
BRDA:47,0,1,5
BRDA:65,1,0,5
BRDA:65,1,1,5
BRF:4
BRH:4
end_of_record
TN:
SF:/Users/vg/Documents/Work/froodwebapp/src/containers/Common/MainContainer/MainContainerSections/FiltersSection/FiltersSection.jsx
FN:7,(anonymous_0)
FN:14,(anonymous_1)
FN:27,(anonymous_2)
FN:33,(anonymous_3)
FN:46,(anonymous_4)
FN:47,(anonymous_5)
FNF:6
FNH:4
FNDA:3,(anonymous_0)
FNDA:0,(anonymous_1)
FNDA:1,(anonymous_2)
FNDA:4,(anonymous_3)
FNDA:8,(anonymous_4)
FNDA:0,(anonymous_5)
DA:8,3
DA:9,3
DA:15,0
DA:16,0
DA:19,0
DA:20,0
DA:28,1
DA:40,4
DA:44,4
DA:46,8
DA:47,4
DA:49,4
DA:83,9
LF:13
LH:9
BRDA:15,0,0,0
BRDA:15,0,1,0
BRDA:19,1,0,0
BRDA:19,1,1,0
BRDA:66,2,0,4
BRDA:66,2,1,1
BRF:6
BRH:2
end_of_record
TN:
SF:/Users/vg/Documents/Work/froodwebapp/src/containers/Common/MainContainer/MainContainerSections/FiltersSection/SearchSection/SearchSection.jsx
FN:16,(anonymous_0)
FN:19,(anonymous_1)
FN:24,(anonymous_2)
FN:26,(anonymous_3)
FN:31,(anonymous_4)
FN:36,(anonymous_5)
FN:67,(anonymous_6)
FN:78,(anonymous_7)
FN:99,(anonymous_8)
FN:101,(anonymous_9)
FN:110,(anonymous_10)
FN:122,(anonymous_11)
FN:126,(anonymous_12)
FN:130,(anonymous_13)
FN:134,(anonymous_14)
FN:143,(anonymous_15)
FN:152,(anonymous_16)
FN:161,(anonymous_17)
FN:205,(anonymous_18)
FNF:19
FNH:4
FNDA:2,(anonymous_0)
FNDA:2,(anonymous_1)
FNDA:0,(anonymous_2)
FNDA:0,(anonymous_3)
FNDA:0,(anonymous_4)
FNDA:0,(anonymous_5)
FNDA:0,(anonymous_6)
FNDA:0,(anonymous_7)
FNDA:0,(anonymous_8)
FNDA:0,(anonymous_9)
FNDA:0,(anonymous_10)
FNDA:0,(anonymous_11)
FNDA:0,(anonymous_12)
FNDA:0,(anonymous_13)
FNDA:0,(anonymous_14)
FNDA:0,(anonymous_15)
FNDA:0,(anonymous_16)
FNDA:2,(anonymous_17)
FNDA:2,(anonymous_18)
DA:17,2
DA:18,2
DA:19,2
DA:25,0
DA:26,0
DA:32,0
DA:42,0
DA:47,0
DA:49,0
DA:50,0
DA:57,0
DA:72,0
DA:74,0
DA:79,0
DA:81,0
DA:82,0
DA:84,0
DA:92,0
DA:94,0
DA:100,0
DA:101,0
DA:102,0
DA:104,0
DA:111,0
DA:113,0
DA:114,0
DA:115,0
DA:117,0
DA:123,0
DA:127,0
DA:131,0
DA:135,0
DA:136,0
DA:138,0
DA:144,0
DA:145,0
DA:147,0
DA:153,0
DA:154,0
DA:156,0
DA:167,2
DA:172,2
DA:174,2
DA:206,2
DA:228,10
DA:242,10
LF:46
LH:9
BRDA:49,0,0,0
BRDA:49,0,1,0
BRDA:92,1,0,0
BRDA:92,1,1,0
BRDA:194,2,0,2
BRDA:194,2,1,0
BRF:6
BRH:1
end_of_record
TN:
SF:/Users/vg/Documents/Work/froodwebapp/src/containers/Common/MainContainer/MainContainerSections/FiltersSection/SearchSection/FilterRow/FilterRow.jsx
FN:11,(anonymous_0)
FN:38,(anonymous_1)
FN:43,(anonymous_2)
FNF:3
FNH:2
FNDA:2,(anonymous_0)
FNDA:2,(anonymous_1)
FNDA:0,(anonymous_2)
DA:30,2
DA:33,2
DA:38,2
DA:40,2
DA:42,2
DA:43,0
DA:46,2
DA:112,11
LF:8
LH:7
BRDA:33,0,0,2
BRDA:33,0,1,0
BRDA:42,1,0,0
BRDA:42,1,1,2
BRDA:43,2,0,0
BRDA:43,2,1,0
BRDA:49,3,0,2
BRDA:49,3,1,2
BRDA:74,4,0,2
BRDA:74,4,1,0
BRDA:84,5,0,2
BRDA:84,5,1,2
BRDA:100,6,0,2
BRDA:100,6,1,2
BRF:14
BRH:9
end_of_record
TN:
SF:/Users/vg/Documents/Work/froodwebapp/src/containers/Common/MainContainer/MainContainerSections/FiltersSection/SearchSection/FilterRow/getComponentByType.js
FN:5,(anonymous_0)
FNF:1
FNH:1
FNDA:2,(anonymous_0)
DA:5,11
DA:6,2
DA:8,0
DA:18,0
DA:25,2
LF:5
LH:3
BRDA:6,0,0,0
BRDA:6,0,1,0
BRDA:6,0,2,2
BRF:3
BRH:1
end_of_record
TN:
SF:/Users/vg/Documents/Work/froodwebapp/src/containers/Common/MainContainer/MainContainerSections/FiltersSection/TabsSection/TabsSection.jsx
FN:11,(anonymous_0)
FN:42,(anonymous_1)
FN:75,(anonymous_2)
FNF:3
FNH:2
FNDA:0,(anonymous_0)
FNDA:2,(anonymous_1)
FNDA:2,(anonymous_2)
DA:8,10
DA:12,0
DA:14,0
DA:16,0
DA:21,0
DA:23,0
DA:27,0
DA:30,0
DA:37,0
DA:49,2
DA:52,2
DA:63,2
DA:76,2
DA:100,10
LF:14
LH:6
BRDA:14,0,0,0
BRDA:14,0,1,0
BRDA:14,0,2,0
BRDA:81,1,0,2
BRDA:81,1,1,0
BRF:5
BRH:1
end_of_record
TN:
SF:/Users/vg/Documents/Work/froodwebapp/src/containers/Common/MainContainer/MainContainerSections/FiltersSection/TabsSection/TabsExtraContent/TabsExtraContent.jsx
FN:9,(anonymous_0)
FN:16,(anonymous_1)
FN:22,(anonymous_2)
FN:41,(anonymous_3)
FN:44,(anonymous_4)
FN:74,(anonymous_5)
FNF:6
FNH:3
FNDA:3,(anonymous_0)
FNDA:1,(anonymous_1)
FNDA:0,(anonymous_2)
FNDA:0,(anonymous_3)
FNDA:0,(anonymous_4)
FNDA:4,(anonymous_5)
DA:10,3
DA:11,3
DA:17,1
DA:27,0
DA:29,0
DA:35,0
DA:36,0
DA:39,0
DA:41,0
DA:49,0
DA:51,0
DA:53,0
DA:57,0
DA:60,0
DA:62,0
DA:69,0
DA:77,4
DA:81,4
DA:83,4
DA:108,11
LF:20
LH:7
BRDA:35,0,0,0
BRDA:35,0,1,0
BRDA:51,1,0,0
BRDA:51,1,1,0
BRDA:51,1,2,0
BRF:5
BRH:0
end_of_record
TN:
SF:/Users/vg/Documents/Work/froodwebapp/src/containers/Common/MainContainer/MainContainerSections/FiltersSection/TabsSection/TabsExtraContent/ColumnsModal/ColumnsModal.jsx
FN:11,(anonymous_0)
FN:18,(anonymous_1)
FN:21,(anonymous_2)
FN:22,(anonymous_3)
FN:29,(anonymous_4)
FN:33,(anonymous_5)
FN:37,(anonymous_6)
FN:38,(anonymous_7)
FN:49,(anonymous_8)
FN:53,(anonymous_9)
FN:54,(anonymous_10)
FN:57,(anonymous_11)
FN:61,(anonymous_12)
FN:71,(anonymous_13)
FN:97,(anonymous_14)
FNF:15
FNH:0
FNDA:0,(anonymous_0)
FNDA:0,(anonymous_1)
FNDA:0,(anonymous_2)
FNDA:0,(anonymous_3)
FNDA:0,(anonymous_4)
FNDA:0,(anonymous_5)
FNDA:0,(anonymous_6)
FNDA:0,(anonymous_7)
FNDA:0,(anonymous_8)
FNDA:0,(anonymous_9)
FNDA:0,(anonymous_10)
FNDA:0,(anonymous_11)
FNDA:0,(anonymous_12)
FNDA:0,(anonymous_13)
FNDA:0,(anonymous_14)
DA:12,0
DA:13,0
DA:19,0
DA:21,0
DA:22,0
DA:24,0
DA:30,0
DA:34,0
DA:35,0
DA:37,0
DA:38,0
DA:40,0
DA:46,0
DA:50,0
DA:52,0
DA:53,0
DA:54,0
DA:56,0
DA:57,0
DA:65,0
DA:69,0
DA:71,0
DA:76,0
DA:97,0
DA:106,11
LF:25
LH:1
BRF:0
BRH:0
end_of_record
TN:
SF:/Users/vg/Documents/Work/froodwebapp/src/containers/Common/MainContainer/MainContainerSections/StatisticsSection/StatisticsSection.jsx
FN:8,(anonymous_0)
FN:12,(anonymous_1)
FN:19,(anonymous_2)
FN:30,(anonymous_3)
FN:32,(anonymous_4)
FNF:5
FNH:5
FNDA:2,(anonymous_0)
FNDA:2,(anonymous_1)
FNDA:2,(anonymous_2)
FNDA:2,(anonymous_3)
FNDA:4,(anonymous_4)
DA:8,9
DA:9,2
DA:12,9
DA:13,2
DA:19,9
DA:20,2
DA:30,9
DA:31,2
DA:33,4
DA:40,9
LF:10
LH:10
BRDA:9,0,0,2
BRDA:9,0,1,0
BRDA:14,1,0,2
BRDA:14,1,1,0
BRDA:14,2,0,2
BRDA:14,2,1,0
BRDA:23,3,0,2
BRDA:23,3,1,0
BRDA:32,4,0,2
BRDA:32,4,1,2
BRDA:33,5,0,2
BRDA:33,5,1,2
BRF:12
BRH:8
end_of_record
TN:
SF:/Users/vg/Documents/Work/froodwebapp/src/containers/Common/MainContainer/MainContainerSections/TableSection/TableSection.jsx
FN:10,(anonymous_0)
FN:18,(anonymous_1)
FN:28,(anonymous_2)
FN:43,(anonymous_3)
FN:54,(anonymous_4)
FN:63,(anonymous_5)
FN:72,(anonymous_6)
FN:76,(anonymous_7)
FN:96,(anonymous_8)
FN:98,(anonymous_9)
FN:108,(anonymous_10)
FN:123,(anonymous_11)
FN:127,(anonymous_12)
FN:133,(anonymous_13)
FN:148,(anonymous_14)
FN:179,(anonymous_15)
FNF:16
FNH:9
FNDA:6,(anonymous_0)
FNDA:0,(anonymous_1)
FNDA:1,(anonymous_2)
FNDA:1,(anonymous_3)
FNDA:0,(anonymous_4)
FNDA:0,(anonymous_5)
FNDA:0,(anonymous_6)
FNDA:0,(anonymous_7)
FNDA:1,(anonymous_8)
FNDA:2,(anonymous_9)
FNDA:0,(anonymous_10)
FNDA:1,(anonymous_11)
FNDA:1,(anonymous_12)
FNDA:8,(anonymous_13)
FNDA:16,(anonymous_14)
FNDA:0,(anonymous_15)
DA:11,6
DA:12,6
DA:20,0
DA:22,0
DA:29,1
DA:31,1
DA:36,1
DA:37,1
DA:38,0
DA:39,0
DA:41,1
DA:43,1
DA:46,0
DA:47,0
DA:48,0
DA:49,0
DA:52,0
DA:54,0
DA:64,0
DA:73,0
DA:81,0
DA:83,0
DA:89,0
DA:90,0
DA:93,0
DA:97,1
DA:98,2
DA:99,1
DA:102,0
DA:103,0
DA:107,0
DA:108,0
DA:110,0
DA:111,0
DA:113,0
DA:114,0
DA:117,0
DA:124,1
DA:128,1
DA:141,8
DA:146,8
DA:148,16
DA:150,8
DA:179,0
DA:189,9
LF:45
LH:18
BRDA:20,0,0,0
BRDA:20,0,1,0
BRDA:20,1,0,0
BRDA:20,1,1,0
BRDA:32,2,0,1
BRDA:32,2,1,0
BRDA:36,3,0,1
BRDA:36,3,1,0
BRDA:37,4,0,0
BRDA:37,4,1,1
BRDA:46,5,0,0
BRDA:46,5,1,0
BRDA:89,6,0,0
BRDA:89,6,1,0
BRDA:97,7,0,1
BRDA:97,7,1,0
BRDA:97,8,0,1
BRDA:97,8,1,1
BRDA:102,9,0,0
BRDA:102,9,1,0
BRDA:102,10,0,0
BRDA:102,10,1,0
BRDA:110,11,0,0
BRDA:110,11,1,0
BRF:24
BRH:6
end_of_record
TN:
SF:/Users/vg/Documents/Work/froodwebapp/src/containers/Common/MainContainer/MainContainerSections/TopButtons/TopButtons.jsx
FN:16,(anonymous_0)
FN:20,(anonymous_1)
FNF:2
FNH:1
FNDA:0,(anonymous_0)
FNDA:2,(anonymous_1)
DA:13,9
DA:17,0
DA:32,2
DA:33,2
DA:83,9
LF:5
LH:4
BRDA:22,0,0,0
BRDA:25,1,0,0
BRDA:27,2,0,0
BRDA:29,3,0,0
BRDA:30,4,0,0
BRDA:35,5,0,2
BRDA:35,5,1,0
BRDA:46,6,0,0
BRDA:46,6,1,0
BRDA:47,7,0,0
BRDA:47,7,1,0
BRDA:51,8,0,2
BRDA:51,8,1,0
BRDA:58,9,0,2
BRDA:58,9,1,0
BRDA:66,10,0,2
BRDA:66,10,1,0
BRF:17
BRH:4
end_of_record
TN:
SF:/Users/vg/Documents/Work/froodwebapp/src/containers/Inventory/Adjustments/All/Adjustments.jsx
FN:11,(anonymous_0)
FN:16,(anonymous_1)
FNF:2
FNH:1
FNDA:0,(anonymous_0)
FNDA:2,(anonymous_1)
DA:11,6
DA:13,6
DA:17,2
LF:3
LH:3
BRF:0
BRH:0
end_of_record
TN:
SF:/Users/vg/Documents/Work/froodwebapp/src/containers/Inventory/Adjustments/All/adjustmentsHelpers.js
FN:3,(anonymous_0)
FNF:1
FNH:0
FNDA:0,(anonymous_0)
DA:3,7
DA:28,7
LF:2
LH:2
BRF:0
BRH:0
end_of_record
TN:
SF:/Users/vg/Documents/Work/froodwebapp/src/containers/Inventory/Adjustments/New/NewAdjustment.jsx
FN:25,(anonymous_0)
FN:48,(anonymous_1)
FN:56,(anonymous_2)
FN:66,(anonymous_3)
FN:74,(anonymous_4)
FN:89,(anonymous_5)
FN:101,(anonymous_6)
FN:105,(anonymous_7)
FN:121,(anonymous_8)
FN:122,(anonymous_9)
FN:137,(anonymous_10)
FNF:11
FNH:5
FNDA:0,(anonymous_0)
FNDA:5,(anonymous_1)
FNDA:0,(anonymous_2)
FNDA:0,(anonymous_3)
FNDA:0,(anonymous_4)
FNDA:1,(anonymous_5)
FNDA:0,(anonymous_6)
FNDA:0,(anonymous_7)
FNDA:1,(anonymous_8)
FNDA:1,(anonymous_9)
FNDA:8,(anonymous_10)
DA:23,7
DA:25,7
DA:36,7
DA:42,7
DA:49,5
DA:50,5
DA:57,0
DA:58,0
DA:63,0
DA:64,0
DA:67,0
DA:71,0
DA:72,0
DA:75,0
DA:79,0
DA:81,0
DA:82,0
DA:83,0
DA:90,1
DA:91,1
DA:102,0
DA:103,0
DA:104,0
DA:105,0
DA:107,0
DA:109,0
DA:110,0
DA:112,0
DA:115,0
DA:122,1
DA:127,1
DA:145,8
DA:149,8
DA:150,8
DA:226,7
LF:35
LH:14
BRDA:57,0,0,0
BRDA:57,0,1,0
BRDA:63,1,0,0
BRDA:63,1,1,0
BRDA:71,2,0,0
BRDA:71,2,1,0
BRDA:79,3,0,0
BRDA:79,3,1,0
BRDA:79,4,0,0
BRDA:79,4,1,0
BRDA:90,5,0,1
BRDA:90,5,1,0
BRDA:90,6,0,1
BRDA:90,6,1,1
BRDA:109,7,0,0
BRDA:109,7,1,0
BRF:16
BRH:3
end_of_record
TN:
SF:/Users/vg/Documents/Work/froodwebapp/src/containers/Inventory/Adjustments/New/newAdjustmentHelpers.js
FN:1,(anonymous_0)
FNF:1
FNH:1
FNDA:8,(anonymous_0)
DA:1,8
LF:1
LH:1
BRF:0
BRH:0
end_of_record
TN:
SF:/Users/vg/Documents/Work/froodwebapp/src/containers/Inventory/Bundles/All/Bundles.jsx
FN:11,(anonymous_0)
FN:16,(anonymous_1)
FNF:2
FNH:1
FNDA:0,(anonymous_0)
FNDA:2,(anonymous_1)
DA:11,6
DA:13,6
DA:17,2
LF:3
LH:3
BRF:0
BRH:0
end_of_record
TN:
SF:/Users/vg/Documents/Work/froodwebapp/src/containers/Inventory/Bundles/All/bundlesHelpers.js
FN:3,(anonymous_0)
FN:30,(anonymous_1)
FNF:2
FNH:0
FNDA:0,(anonymous_0)
FNDA:0,(anonymous_1)
DA:3,7
DA:28,7
DA:30,7
DA:31,0
LF:4
LH:3
BRF:0
BRH:0
end_of_record
TN:
SF:/Users/vg/Documents/Work/froodwebapp/src/containers/Inventory/Bundles/Single/Bundle.jsx
FN:8,(anonymous_0)
FN:19,(anonymous_1)
FN:29,(anonymous_2)
FNF:3
FNH:2
FNDA:2,(anonymous_0)
FNDA:0,(anonymous_1)
FNDA:2,(anonymous_2)
DA:9,2
DA:10,2
DA:11,2
DA:13,2
DA:20,0
DA:21,0
DA:23,0
DA:33,2
DA:35,2
DA:58,7
LF:10
LH:7
BRDA:37,0,0,2
BRDA:37,0,1,0
BRDA:42,1,0,2
BRDA:42,1,1,0
BRDA:47,2,0,2
BRDA:47,2,1,2
BRF:6
BRH:4
end_of_record
TN:
SF:/Users/vg/Documents/Work/froodwebapp/src/containers/Inventory/Bundles/Single/Tabs/Tabs.jsx
FN:27,(anonymous_0)
FN:34,(anonymous_1)
FN:40,(anonymous_2)
FN:44,(anonymous_3)
FN:66,(anonymous_4)
FNF:5
FNH:5
FNDA:5,(anonymous_0)
FNDA:5,(anonymous_1)
FNDA:3,(anonymous_2)
FNDA:3,(anonymous_3)
FNDA:8,(anonymous_4)
DA:18,8
DA:24,8
DA:28,5
DA:29,5
DA:35,5
DA:41,3
DA:42,3
DA:45,3
DA:47,1
DA:50,1
DA:52,1
DA:55,1
DA:57,1
DA:60,1
DA:69,8
DA:73,8
DA:75,8
DA:77,8
DA:116,8
LF:19
LH:19
BRDA:45,0,0,1
BRDA:45,0,1,1
BRDA:45,0,2,1
BRDA:45,0,3,0
BRF:4
BRH:3
end_of_record
TN:
SF:/Users/vg/Documents/Work/froodwebapp/src/containers/Inventory/Bundles/Single/Tabs/index.js
FNF:0
FNH:0
LF:0
LH:0
BRF:0
BRH:0
end_of_record
TN:
SF:/Users/vg/Documents/Work/froodwebapp/src/containers/Inventory/Bundles/Single/Tabs/AssemblyTab/AssemblyForm.jsx
FN:23,(anonymous_0)
FN:34,(anonymous_1)
FN:51,(anonymous_2)
FNF:3
FNH:2
FNDA:0,(anonymous_0)
FNDA:1,(anonymous_1)
FNDA:3,(anonymous_2)
DA:18,10
DA:23,10
DA:28,10
DA:35,1
DA:36,1
DA:41,1
DA:42,0
DA:45,1
DA:55,3
DA:57,3
DA:59,3
DA:129,10
LF:12
LH:11
BRDA:37,0,0,0
BRDA:37,0,1,1
BRDA:38,1,0,0
BRDA:38,1,1,1
BRDA:41,2,0,0
BRDA:41,2,1,1
BRDA:94,3,0,3
BRDA:94,3,1,3
BRDA:115,4,0,0
BRDA:115,4,1,3
BRDA:117,5,0,0
BRDA:117,5,1,3
BRF:12
BRH:7
end_of_record
TN:
SF:/Users/vg/Documents/Work/froodwebapp/src/containers/Inventory/Bundles/Single/Tabs/AssemblyTab/AssemblyTab.jsx
FN:12,(anonymous_0)
FN:24,(anonymous_1)
FN:33,(anonymous_2)
FNF:3
FNH:1
FNDA:0,(anonymous_0)
FNDA:0,(anonymous_1)
FNDA:2,(anonymous_2)
DA:12,9
DA:18,9
DA:26,0
DA:27,0
DA:38,2
DA:40,2
DA:59,9
LF:7
LH:5
BRDA:26,0,0,0
BRDA:26,0,1,0
BRF:2
BRH:0
end_of_record
TN:
SF:/Users/vg/Documents/Work/froodwebapp/src/containers/Inventory/Bundles/Single/Tabs/AssemblyTab/assemblyTabHelpers.js
FNF:0
FNH:0
LF:0
LH:0
BRF:0
BRH:0
end_of_record
TN:
SF:/Users/vg/Documents/Work/froodwebapp/src/containers/Inventory/Bundles/Single/Tabs/ItemsTab/ItemsTab.jsx
FN:21,(anonymous_0)
FN:47,(anonymous_1)
FN:56,(anonymous_2)
FN:62,(anonymous_3)
FN:92,(anonymous_4)
FN:100,(anonymous_5)
FN:120,(anonymous_6)
FN:127,(anonymous_7)
FN:135,(anonymous_8)
FN:153,(anonymous_9)
FNF:10
FNH:4
FNDA:0,(anonymous_0)
FNDA:4,(anonymous_1)
FNDA:0,(anonymous_2)
FNDA:0,(anonymous_3)
FNDA:0,(anonymous_4)
FNDA:1,(anonymous_5)
FNDA:1,(anonymous_6)
FNDA:0,(anonymous_7)
FNDA:0,(anonymous_8)
FNDA:4,(anonymous_9)
DA:19,9
DA:21,9
DA:30,9
DA:38,9
DA:48,4
DA:49,4
DA:58,0
DA:59,0
DA:63,0
DA:66,0
DA:67,0
DA:69,0
DA:75,0
DA:76,0
DA:93,0
DA:101,1
DA:102,1
DA:110,0
DA:121,1
DA:135,0
DA:137,0
DA:158,4
DA:164,4
DA:166,4
DA:202,9
LF:25
LH:13
BRDA:58,0,0,0
BRDA:58,0,1,0
BRDA:66,1,0,0
BRDA:66,1,1,0
BRDA:66,2,0,0
BRDA:66,2,1,0
BRDA:67,3,0,0
BRDA:67,3,1,0
BRDA:67,4,0,0
BRDA:67,4,1,0
BRDA:75,5,0,0
BRDA:75,5,1,0
BRDA:101,6,0,1
BRDA:101,6,1,0
BRF:14
BRH:1
end_of_record
TN:
SF:/Users/vg/Documents/Work/froodwebapp/src/containers/Inventory/Bundles/Single/Tabs/ItemsTab/itemsTabHelpers.js
FN:4,(anonymous_0)
FN:21,(anonymous_1)
FNF:2
FNH:1
FNDA:4,(anonymous_0)
FNDA:0,(anonymous_1)
DA:4,4
DA:22,0
LF:2
LH:1
BRF:0
BRH:0
end_of_record
TN:
SF:/Users/vg/Documents/Work/froodwebapp/src/containers/Inventory/Bundles/Single/Tabs/ItemsTab/modalFields.js
FN:1,(anonymous_0)
FNF:1
FNH:1
FNDA:4,(anonymous_0)
DA:1,4
LF:1
LH:1
BRF:0
BRH:0
end_of_record
TN:
SF:/Users/vg/Documents/Work/froodwebapp/src/containers/Inventory/Bundles/Single/Tabs/MainTab/MainTab.jsx
FN:23,(anonymous_0)
FN:47,(anonymous_1)
FN:54,(anonymous_2)
FN:60,(anonymous_3)
FN:80,(anonymous_4)
FN:98,(anonymous_5)
FNF:6
FNH:3
FNDA:0,(anonymous_0)
FNDA:3,(anonymous_1)
FNDA:0,(anonymous_2)
FNDA:1,(anonymous_3)
FNDA:3,(anonymous_4)
FNDA:0,(anonymous_5)
DA:23,9
DA:34,9
DA:41,9
DA:48,3
DA:49,0
DA:55,0
DA:56,0
DA:61,1
DA:62,0
DA:66,1
DA:96,3
DA:98,3
DA:104,3
DA:241,9
LF:14
LH:10
BRDA:48,0,0,0
BRDA:48,0,1,3
BRDA:55,1,0,0
BRDA:55,1,1,0
BRDA:55,2,0,0
BRDA:55,2,1,0
BRDA:61,3,0,0
BRDA:61,3,1,1
BRF:8
BRH:2
end_of_record
TN:
SF:/Users/vg/Documents/Work/froodwebapp/src/containers/Inventory/Items/All/Items.jsx
FN:11,(anonymous_0)
FN:16,(anonymous_1)
FNF:2
FNH:1
FNDA:0,(anonymous_0)
FNDA:2,(anonymous_1)
DA:11,6
DA:13,6
DA:17,2
LF:3
LH:3
BRF:0
BRH:0
end_of_record
TN:
SF:/Users/vg/Documents/Work/froodwebapp/src/containers/Inventory/Items/All/itemsHelpers.js
FN:3,(anonymous_0)
FN:30,(anonymous_1)
FNF:2
FNH:0
FNDA:0,(anonymous_0)
FNDA:0,(anonymous_1)
DA:3,7
DA:28,7
DA:30,7
DA:31,0
LF:4
LH:3
BRF:0
BRH:0
end_of_record
TN:
SF:/Users/vg/Documents/Work/froodwebapp/src/containers/Inventory/Items/Single/Item.jsx
FN:8,(anonymous_0)
FN:19,(anonymous_1)
FN:29,(anonymous_2)
FNF:3
FNH:2
FNDA:2,(anonymous_0)
FNDA:0,(anonymous_1)
FNDA:2,(anonymous_2)
DA:9,2
DA:10,2
DA:11,2
DA:13,2
DA:20,0
DA:21,0
DA:23,0
DA:33,2
DA:35,2
DA:59,7
LF:10
LH:7
BRDA:37,0,0,2
BRDA:37,0,1,0
BRDA:43,1,0,2
BRDA:43,1,1,0
BRDA:48,2,0,2
BRDA:48,2,1,2
BRF:6
BRH:4
end_of_record
TN:
SF:/Users/vg/Documents/Work/froodwebapp/src/containers/Inventory/Items/Single/Tabs/Tabs.js
FN:26,(anonymous_0)
FN:42,(anonymous_1)
FN:51,(anonymous_2)
FN:57,(anonymous_3)
FN:69,(anonymous_4)
FN:75,(anonymous_5)
FN:79,(anonymous_6)
FN:104,(anonymous_7)
FNF:8
FNH:5
FNDA:0,(anonymous_0)
FNDA:6,(anonymous_1)
FNDA:6,(anonymous_2)
FNDA:0,(anonymous_3)
FNDA:0,(anonymous_4)
FNDA:4,(anonymous_5)
FNDA:4,(anonymous_6)
FNDA:10,(anonymous_7)
DA:24,8
DA:26,8
DA:31,8
DA:43,6
DA:44,6
DA:52,6
DA:58,0
DA:62,0
DA:70,0
DA:76,4
DA:77,4
DA:80,4
DA:82,1
DA:83,1
DA:85,1
DA:86,1
DA:88,1
DA:89,1
DA:91,0
DA:92,0
DA:94,1
DA:95,1
DA:97,0
DA:98,0
DA:109,10
DA:116,10
DA:117,10
DA:118,10
DA:193,8
LF:29
LH:22
BRDA:58,0,0,0
BRDA:58,0,1,0
BRDA:58,1,0,0
BRDA:58,1,1,0
BRDA:58,1,2,0
BRDA:58,1,3,0
BRDA:80,2,0,1
BRDA:80,2,1,1
BRDA:80,2,2,1
BRDA:80,2,3,0
BRDA:80,2,4,1
BRDA:80,2,5,0
BRDA:80,2,6,0
BRDA:117,3,0,10
BRDA:117,3,1,0
BRDA:126,4,0,10
BRDA:126,4,1,10
BRDA:126,4,2,7
BRDA:126,4,3,7
BRDA:178,5,0,10
BRDA:178,5,1,0
BRF:21
BRH:10
end_of_record
TN:
SF:/Users/vg/Documents/Work/froodwebapp/src/containers/Inventory/Items/Single/Tabs/index.js
FNF:0
FNH:0
LF:0
LH:0
BRF:0
BRH:0
end_of_record
TN:
SF:/Users/vg/Documents/Work/froodwebapp/src/containers/Inventory/Items/Single/Tabs/BinsTab/BinsTab.jsx
FN:21,(anonymous_0)
FN:45,(anonymous_1)
FN:54,(anonymous_2)
FN:60,(anonymous_3)
FN:66,(anonymous_4)
FN:73,(anonymous_5)
FN:96,(anonymous_6)
FN:102,(anonymous_7)
FN:109,(anonymous_8)
FN:123,(anonymous_9)
FN:138,(anonymous_10)
FN:146,(anonymous_11)
FN:156,(anonymous_12)
FNF:13
FNH:3
FNDA:0,(anonymous_0)
FNDA:3,(anonymous_1)
FNDA:0,(anonymous_2)
FNDA:0,(anonymous_3)
FNDA:0,(anonymous_4)
FNDA:1,(anonymous_5)
FNDA:0,(anonymous_6)
FNDA:0,(anonymous_7)
FNDA:0,(anonymous_8)
FNDA:3,(anonymous_9)
FNDA:0,(anonymous_10)
FNDA:0,(anonymous_11)
FNDA:0,(anonymous_12)
DA:17,9
DA:19,9
DA:21,9
DA:30,9
DA:36,9
DA:46,3
DA:47,3
DA:56,0
DA:57,0
DA:60,0
DA:67,0
DA:74,1
DA:75,0
DA:85,1
DA:97,0
DA:109,0
DA:111,0
DA:128,3
DA:136,3
DA:138,3
DA:139,0
DA:143,3
DA:145,3
DA:146,0
DA:148,3
DA:155,3
DA:156,3
DA:158,3
DA:159,0
DA:162,3
DA:204,9
LF:31
LH:20
BRDA:56,0,0,0
BRDA:56,0,1,0
BRDA:74,1,0,0
BRDA:74,1,1,1
BRDA:139,2,0,0
BRDA:139,2,1,0
BRDA:145,3,0,0
BRDA:145,3,1,3
BRDA:158,4,0,0
BRDA:158,4,1,3
BRF:10
BRH:3
end_of_record
TN:
SF:/Users/vg/Documents/Work/froodwebapp/src/containers/Inventory/Items/Single/Tabs/BinsTab/binsTabHelpers.js
FN:4,(anonymous_0)
FN:18,(anonymous_1)
FNF:2
FNH:1
FNDA:3,(anonymous_0)
FNDA:0,(anonymous_1)
DA:4,3
DA:19,0
LF:2
LH:1
BRF:0
BRH:0
end_of_record
TN:
SF:/Users/vg/Documents/Work/froodwebapp/src/containers/Inventory/Items/Single/Tabs/BinsTab/modalFields.js
FN:3,(anonymous_0)
FNF:1
FNH:1
FNDA:3,(anonymous_0)
DA:4,3
LF:1
LH:1
BRF:0
BRH:0
end_of_record
TN:
SF:/Users/vg/Documents/Work/froodwebapp/src/containers/Inventory/Items/Single/Tabs/ImagesTab/ImagesTab.jsx
FN:15,(anonymous_0)
FN:29,(anonymous_1)
FN:39,(anonymous_2)
FN:43,(anonymous_3)
FN:46,(anonymous_4)
FN:52,(anonymous_5)
FN:54,(anonymous_6)
FN:58,(anonymous_7)
FN:60,(anonymous_8)
FN:65,(anonymous_9)
FN:67,(anonymous_10)
FN:76,(anonymous_11)
FN:80,(anonymous_12)
FN:93,(anonymous_13)
FN:93,(anonymous_14)
FN:100,(anonymous_15)
FN:106,(anonymous_16)
FN:106,(anonymous_17)
FN:113,(anonymous_18)
FN:152,(anonymous_19)
FNF:20
FNH:0
FNDA:0,(anonymous_0)
FNDA:0,(anonymous_1)
FNDA:0,(anonymous_2)
FNDA:0,(anonymous_3)
FNDA:0,(anonymous_4)
FNDA:0,(anonymous_5)
FNDA:0,(anonymous_6)
FNDA:0,(anonymous_7)
FNDA:0,(anonymous_8)
FNDA:0,(anonymous_9)
FNDA:0,(anonymous_10)
FNDA:0,(anonymous_11)
FNDA:0,(anonymous_12)
FNDA:0,(anonymous_13)
FNDA:0,(anonymous_14)
FNDA:0,(anonymous_15)
FNDA:0,(anonymous_16)
FNDA:0,(anonymous_17)
FNDA:0,(anonymous_18)
FNDA:0,(anonymous_19)
DA:15,8
DA:21,8
DA:30,0
DA:31,0
DA:37,0
DA:40,0
DA:41,0
DA:44,0
DA:47,0
DA:53,0
DA:54,0
DA:59,0
DA:60,0
DA:66,0
DA:67,0
DA:68,0
DA:69,0
DA:71,0
DA:72,0
DA:73,0
DA:77,0
DA:80,0
DA:81,0
DA:90,0
DA:93,0
DA:94,0
DA:101,0
DA:106,0
DA:107,0
DA:117,0
DA:122,0
DA:124,0
DA:153,0
DA:192,8
LF:34
LH:3
BRDA:53,0,0,0
BRDA:53,0,1,0
BRDA:174,1,0,0
BRDA:174,1,1,0
BRF:4
BRH:0
end_of_record
TN:
SF:/Users/vg/Documents/Work/froodwebapp/src/containers/Inventory/Items/Single/Tabs/MainTab/MainTab.jsx
FN:36,(anonymous_0)
FN:72,(anonymous_1)
FN:81,(anonymous_2)
FN:87,(anonymous_3)
FN:99,(anonymous_4)
FN:110,(anonymous_5)
FN:112,(anonymous_6)
FN:114,(anonymous_7)
FN:123,(anonymous_8)
FN:137,(anonymous_9)
FN:140,(anonymous_10)
FN:142,(anonymous_11)
FN:156,(anonymous_12)
FN:170,(anonymous_13)
FN:177,(anonymous_14)
FN:187,(anonymous_15)
FN:189,(anonymous_16)
FN:189,(anonymous_17)
FN:207,(anonymous_18)
FN:226,(anonymous_19)
FN:242,(anonymous_20)
FN:250,(anonymous_21)
FN:251,(anonymous_22)
FN:254,(anonymous_23)
FN:254,(anonymous_24)
FN:257,(anonymous_25)
FN:273,(anonymous_26)
FN:279,(anonymous_27)
FNF:28
FNH:6
FNDA:0,(anonymous_0)
FNDA:5,(anonymous_1)
FNDA:5,(anonymous_2)
FNDA:0,(anonymous_3)
FNDA:1,(anonymous_4)
FNDA:0,(anonymous_5)
FNDA:0,(anonymous_6)
FNDA:0,(anonymous_7)
FNDA:1,(anonymous_8)
FNDA:0,(anonymous_9)
FNDA:0,(anonymous_10)
FNDA:0,(anonymous_11)
FNDA:0,(anonymous_12)
FNDA:0,(anonymous_13)
FNDA:0,(anonymous_14)
FNDA:1,(anonymous_15)
FNDA:0,(anonymous_16)
FNDA:0,(anonymous_17)
FNDA:0,(anonymous_18)
FNDA:0,(anonymous_19)
FNDA:0,(anonymous_20)
FNDA:0,(anonymous_21)
FNDA:0,(anonymous_22)
FNDA:0,(anonymous_23)
FNDA:0,(anonymous_24)
FNDA:0,(anonymous_25)
FNDA:0,(anonymous_26)
FNDA:5,(anonymous_27)
DA:34,9
DA:36,9
DA:58,9
DA:66,9
DA:73,5
DA:74,5
DA:82,5
DA:83,0
DA:89,0
DA:90,0
DA:91,0
DA:92,0
DA:100,1
DA:110,0
DA:112,0
DA:114,0
DA:124,1
DA:137,0
DA:140,0
DA:142,0
DA:157,0
DA:158,0
DA:159,0
DA:165,0
DA:171,0
DA:172,0
DA:177,0
DA:178,0
DA:179,0
DA:181,0
DA:188,1
DA:189,0
DA:190,1
DA:193,0
DA:196,0
DA:198,0
DA:200,0
DA:202,0
DA:203,0
DA:206,0
DA:207,0
DA:209,0
DA:218,0
DA:223,0
DA:224,0
DA:226,0
DA:227,0
DA:229,0
DA:234,0
DA:243,0
DA:244,0
DA:245,0
DA:247,0
DA:250,0
DA:251,0
DA:252,0
DA:254,0
DA:256,0
DA:257,0
DA:258,0
DA:262,0
DA:267,0
DA:274,0
DA:284,5
DA:303,5
DA:304,5
DA:520,9
LF:67
LH:15
BRDA:82,0,0,0
BRDA:82,0,1,5
BRDA:89,1,0,0
BRDA:89,1,1,0
BRDA:89,2,0,0
BRDA:89,2,1,0
BRDA:91,3,0,0
BRDA:91,3,1,0
BRDA:91,4,0,0
BRDA:91,4,1,0
BRDA:160,5,0,0
BRDA:160,5,1,0
BRDA:160,5,2,0
BRDA:171,6,0,0
BRDA:171,6,1,0
BRDA:171,7,0,0
BRDA:171,7,1,0
BRDA:177,8,0,0
BRDA:177,8,1,0
BRDA:177,9,0,0
BRDA:177,9,1,0
BRDA:188,10,0,1
BRDA:188,10,1,0
BRDA:188,11,0,1
BRDA:188,11,1,0
BRDA:188,11,2,0
BRDA:189,12,0,0
BRDA:189,12,1,0
BRDA:198,13,0,0
BRDA:198,13,1,0
BRDA:202,14,0,0
BRDA:202,14,1,0
BRDA:223,15,0,0
BRDA:223,15,1,0
BRDA:243,16,0,0
BRDA:243,16,1,0
BRDA:252,17,0,0
BRDA:252,17,1,0
BRDA:293,18,0,0
BRDA:294,19,0,0
BRDA:305,20,0,5
BRDA:305,20,1,5
BRDA:308,21,0,0
BRDA:308,21,1,5
BRDA:375,22,0,5
BRDA:375,22,1,5
BRDA:405,23,0,5
BRDA:405,23,1,5
BRDA:420,24,0,5
BRDA:420,24,1,5
BRDA:420,24,2,5
BRDA:435,25,0,5
BRDA:435,25,1,5
BRDA:435,25,2,5
BRDA:450,26,0,5
BRDA:450,26,1,5
BRDA:466,27,0,5
BRDA:466,27,1,0
BRDA:470,28,0,0
BRDA:470,28,1,0
BRDA:475,29,0,0
BRDA:475,29,1,0
BRDA:481,30,0,0
BRDA:481,30,1,0
BRDA:488,31,0,5
BRDA:488,31,1,0
BRDA:488,31,2,0
BRDA:497,32,0,5
BRDA:497,32,1,5
BRDA:497,32,2,0
BRF:70
BRH:22
end_of_record
TN:
SF:/Users/vg/Documents/Work/froodwebapp/src/containers/Inventory/Items/Single/Tabs/MainTab/ProductVariants.jsx
FN:13,(anonymous_0)
FN:20,(anonymous_1)
FNF:2
FNH:0
FNDA:0,(anonymous_0)
FNDA:0,(anonymous_1)
DA:13,9
DA:20,9
DA:38,0
DA:96,9
LF:4
LH:3
BRDA:50,0,0,0
BRDA:50,0,1,0
BRDA:50,0,2,0
BRDA:50,0,3,0
BRDA:50,0,4,0
BRDA:50,0,5,0
BRDA:62,1,0,0
BRDA:62,1,1,0
BRDA:75,2,0,0
BRDA:75,2,1,0
BRF:10
BRH:0
end_of_record
TN:
SF:/Users/vg/Documents/Work/froodwebapp/src/containers/Inventory/Items/Single/Tabs/MainTab/mainTabHelpers.js
FN:4,(anonymous_0)
FN:5,(anonymous_1)
FN:5,(anonymous_2)
FN:9,(anonymous_3)
FN:13,(anonymous_4)
FN:24,(anonymous_5)
FN:32,(anonymous_6)
FN:35,(anonymous_7)
FN:44,(anonymous_8)
FN:45,(anonymous_9)
FN:45,(anonymous_10)
FN:60,(anonymous_11)
FN:63,(anonymous_12)
FN:65,(anonymous_13)
FN:76,(anonymous_14)
FN:76,(anonymous_15)
FN:79,(anonymous_16)
FN:85,(anonymous_17)
FN:86,(anonymous_18)
FN:94,(anonymous_19)
FN:97,(anonymous_20)
FN:98,(anonymous_21)
FNF:22
FNH:0
FNDA:0,(anonymous_0)
FNDA:0,(anonymous_1)
FNDA:0,(anonymous_2)
FNDA:0,(anonymous_3)
FNDA:0,(anonymous_4)
FNDA:0,(anonymous_5)
FNDA:0,(anonymous_6)
FNDA:0,(anonymous_7)
FNDA:0,(anonymous_8)
FNDA:0,(anonymous_9)
FNDA:0,(anonymous_10)
FNDA:0,(anonymous_11)
FNDA:0,(anonymous_12)
FNDA:0,(anonymous_13)
FNDA:0,(anonymous_14)
FNDA:0,(anonymous_15)
FNDA:0,(anonymous_16)
FNDA:0,(anonymous_17)
FNDA:0,(anonymous_18)
FNDA:0,(anonymous_19)
FNDA:0,(anonymous_20)
FNDA:0,(anonymous_21)
DA:4,9
DA:5,0
DA:6,0
DA:9,9
DA:10,0
DA:11,0
DA:13,0
DA:21,0
DA:24,9
DA:31,0
DA:32,0
DA:33,0
DA:35,0
DA:37,0
DA:44,0
DA:45,0
DA:46,0
DA:48,0
DA:50,0
DA:52,0
DA:53,0
DA:55,0
DA:57,0
DA:60,9
DA:63,0
DA:65,9
DA:66,0
DA:67,0
DA:71,0
DA:72,0
DA:73,0
DA:76,9
DA:79,0
DA:85,9
DA:86,0
DA:87,0
DA:94,0
DA:97,0
DA:98,0
DA:100,0
DA:103,0
LF:41
LH:7
BRDA:10,0,0,0
BRDA:10,0,1,0
BRDA:31,1,0,0
BRDA:31,1,1,0
BRDA:52,2,0,0
BRDA:52,2,1,0
BRF:6
BRH:0
end_of_record
TN:
SF:/Users/vg/Documents/Work/froodwebapp/src/containers/Inventory/Items/Single/Tabs/MainTab/productVariantsColumns.js
FN:3,(anonymous_0)
FN:28,(anonymous_1)
FN:46,(anonymous_2)
FNF:3
FNH:0
FNDA:0,(anonymous_0)
FNDA:0,(anonymous_1)
FNDA:0,(anonymous_2)
DA:3,10
DA:17,10
DA:28,10
DA:36,0
DA:38,0
DA:46,0
DA:47,0
DA:48,0
DA:55,0
LF:9
LH:3
BRDA:47,0,0,0
BRDA:47,0,1,0
BRF:2
BRH:0
end_of_record
TN:
SF:/Users/vg/Documents/Work/froodwebapp/src/containers/Inventory/Items/Single/Tabs/StockLifeCycleTab/StockLifeCycleTab.jsx
FN:14,(anonymous_0)
FN:29,(anonymous_1)
FN:36,(anonymous_2)
FN:44,(anonymous_3)
FN:46,(anonymous_4)
FN:72,(anonymous_5)
FN:78,(anonymous_6)
FN:95,(anonymous_7)
FN:112,(anonymous_8)
FN:120,(anonymous_9)
FN:124,(anonymous_10)
FN:128,(anonymous_11)
FN:140,(anonymous_12)
FN:152,(anonymous_13)
FNF:14
FNH:0
FNDA:0,(anonymous_0)
FNDA:0,(anonymous_1)
FNDA:0,(anonymous_2)
FNDA:0,(anonymous_3)
FNDA:0,(anonymous_4)
FNDA:0,(anonymous_5)
FNDA:0,(anonymous_6)
FNDA:0,(anonymous_7)
FNDA:0,(anonymous_8)
FNDA:0,(anonymous_9)
FNDA:0,(anonymous_10)
FNDA:0,(anonymous_11)
FNDA:0,(anonymous_12)
FNDA:0,(anonymous_13)
DA:14,8
DA:21,8
DA:30,0
DA:31,0
DA:37,0
DA:38,0
DA:44,0
DA:46,0
DA:48,0
DA:49,0
DA:59,0
DA:69,0
DA:73,0
DA:83,0
DA:85,0
DA:100,0
DA:102,0
DA:113,0
DA:114,0
DA:121,0
DA:125,0
DA:129,0
DA:131,0
DA:143,0
DA:150,0
DA:152,0
DA:154,0
DA:179,8
LF:28
LH:3
BRDA:37,0,0,0
BRDA:37,0,1,0
BRDA:48,1,0,0
BRDA:48,1,1,0
BRF:4
BRH:0
end_of_record
TN:
SF:/Users/vg/Documents/Work/froodwebapp/src/containers/Inventory/Items/Single/Tabs/StockLifeCycleTab/stockLifeCycleTabHelpers.js
FN:4,(anonymous_0)
FN:24,(anonymous_1)
FNF:2
FNH:0
FNDA:0,(anonymous_0)
FNDA:0,(anonymous_1)
DA:10,0
DA:25,0
LF:2
LH:0
BRDA:30,0,0,0
BRDA:30,0,1,0
BRF:2
BRH:0
end_of_record
TN:
SF:/Users/vg/Documents/Work/froodwebapp/src/containers/Inventory/Items/Single/Tabs/SuppliersTab/SuppliersTab.jsx
FN:18,(anonymous_0)
FN:44,(anonymous_1)
FN:54,(anonymous_2)
FN:60,(anonymous_3)
FN:66,(anonymous_4)
FN:72,(anonymous_5)
FN:76,(anonymous_6)
FN:80,(anonymous_7)
FN:88,(anonymous_8)
FN:131,(anonymous_9)
FN:146,(anonymous_10)
FN:151,(anonymous_11)
FNF:12
FNH:4
FNDA:0,(anonymous_0)
FNDA:2,(anonymous_1)
FNDA:0,(anonymous_2)
FNDA:0,(anonymous_3)
FNDA:0,(anonymous_4)
FNDA:0,(anonymous_5)
FNDA:0,(anonymous_6)
FNDA:0,(anonymous_7)
FNDA:0,(anonymous_8)
FNDA:2,(anonymous_9)
FNDA:2,(anonymous_10)
FNDA:2,(anonymous_11)
DA:16,9
DA:18,9
DA:26,9
DA:32,9
DA:45,2
DA:46,2
DA:56,0
DA:57,0
DA:60,0
DA:67,0
DA:73,0
DA:76,0
DA:81,0
DA:97,0
DA:99,0
DA:100,0
DA:115,0
DA:137,2
DA:144,2
DA:146,2
DA:147,2
DA:150,2
DA:151,2
DA:154,2
DA:201,9
LF:25
LH:14
BRDA:56,0,0,0
BRDA:56,0,1,0
BRDA:99,1,0,0
BRDA:99,1,1,0
BRDA:147,2,0,2
BRDA:147,2,1,2
BRDA:150,3,0,2
BRDA:150,3,1,0
BRF:8
BRH:3
end_of_record
TN:
SF:/Users/vg/Documents/Work/froodwebapp/src/containers/Inventory/Items/Single/Tabs/SuppliersTab/modalFields.js
FN:3,(anonymous_0)
FNF:1
FNH:1
FNDA:2,(anonymous_0)
DA:3,2
LF:1
LH:1
BRF:0
BRH:0
end_of_record
TN:
SF:/Users/vg/Documents/Work/froodwebapp/src/containers/Inventory/Items/Single/Tabs/SuppliersTab/suppliersTabHelpers.js
FN:5,(anonymous_0)
FN:29,(anonymous_1)
FN:34,(anonymous_2)
FNF:3
FNH:1
FNDA:2,(anonymous_0)
FNDA:0,(anonymous_1)
FNDA:0,(anonymous_2)
DA:5,2
DA:30,0
DA:35,0
LF:3
LH:1
BRF:0
BRH:0
end_of_record
TN:
SF:/Users/vg/Documents/Work/froodwebapp/src/containers/Inventory/Items/Single/Tabs/UOMTab/UOMTab.jsx
FN:22,(anonymous_0)
FN:47,(anonymous_1)
FN:55,(anonymous_2)
FN:61,(anonymous_3)
FN:67,(anonymous_4)
FN:74,(anonymous_5)
FN:98,(anonymous_6)
FN:105,(anonymous_7)
FN:113,(anonymous_8)
FN:127,(anonymous_9)
FN:143,(anonymous_10)
FNF:11
FNH:4
FNDA:0,(anonymous_0)
FNDA:4,(anonymous_1)
FNDA:0,(anonymous_2)
FNDA:0,(anonymous_3)
FNDA:0,(anonymous_4)
FNDA:1,(anonymous_5)
FNDA:1,(anonymous_6)
FNDA:0,(anonymous_7)
FNDA:0,(anonymous_8)
FNDA:4,(anonymous_9)
FNDA:0,(anonymous_10)
DA:18,9
DA:20,9
DA:22,9
DA:31,9
DA:38,9
DA:48,4
DA:49,4
DA:57,0
DA:58,0
DA:61,0
DA:68,0
DA:75,1
DA:76,0
DA:85,1
DA:99,1
DA:106,0
DA:113,0
DA:115,0
DA:131,4
DA:138,4
DA:140,4
DA:142,4
DA:143,0
DA:145,4
DA:151,4
DA:193,9
LF:26
LH:17
BRDA:57,0,0,0
BRDA:57,0,1,0
BRDA:75,1,0,0
BRDA:75,1,1,1
BRDA:142,2,0,0
BRDA:142,2,1,4
BRF:6
BRH:2
end_of_record
TN:
SF:/Users/vg/Documents/Work/froodwebapp/src/containers/Inventory/Items/Single/Tabs/UOMTab/modalFields.js
FN:3,(anonymous_0)
FNF:1
FNH:1
FNDA:4,(anonymous_0)
DA:4,4
LF:1
LH:1
BRF:0
BRH:0
end_of_record
TN:
SF:/Users/vg/Documents/Work/froodwebapp/src/containers/Inventory/Items/Single/Tabs/UOMTab/uomTabHelpers.js
FN:4,(anonymous_0)
FN:19,(anonymous_1)
FN:28,(anonymous_2)
FN:38,(anonymous_3)
FN:39,(anonymous_4)
FNF:5
FNH:1
FNDA:4,(anonymous_0)
FNDA:0,(anonymous_1)
FNDA:0,(anonymous_2)
FNDA:0,(anonymous_3)
FNDA:0,(anonymous_4)
DA:4,10
DA:19,0
DA:29,0
DA:38,10
DA:39,0
DA:40,0
LF:6
LH:2
BRF:0
BRH:0
end_of_record
TN:
SF:/Users/vg/Documents/Work/froodwebapp/src/containers/Inventory/StockCount/All/StockCounts.jsx
FN:12,(anonymous_0)
FN:18,(anonymous_1)
FNF:2
FNH:1
FNDA:0,(anonymous_0)
FNDA:2,(anonymous_1)
DA:12,6
DA:14,6
DA:19,2
LF:3
LH:3
BRF:0
BRH:0
end_of_record
TN:
SF:/Users/vg/Documents/Work/froodwebapp/src/containers/Inventory/StockCount/All/stockCountHelpers.js
FN:3,(anonymous_0)
FN:30,(anonymous_1)
FNF:2
FNH:0
FNDA:0,(anonymous_0)
FNDA:0,(anonymous_1)
DA:3,7
DA:28,7
DA:30,7
DA:31,0
LF:4
LH:3
BRF:0
BRH:0
end_of_record
TN:
SF:/Users/vg/Documents/Work/froodwebapp/src/containers/Inventory/StockCount/Single/StockCountContainer.jsx
FN:8,(anonymous_0)
FN:15,(anonymous_1)
FN:23,(anonymous_2)
FN:33,(anonymous_3)
FNF:4
FNH:2
FNDA:0,(anonymous_0)
FNDA:2,(anonymous_1)
FNDA:0,(anonymous_2)
FNDA:2,(anonymous_3)
DA:8,7
DA:16,2
DA:17,2
DA:24,0
DA:26,0
DA:37,2
DA:39,2
DA:48,7
LF:8
LH:6
BRF:0
BRH:0
end_of_record
TN:
SF:/Users/vg/Documents/Work/froodwebapp/src/containers/Inventory/StockCount/Single/StockCount/StockCount.jsx
FN:25,(anonymous_0)
FN:46,(anonymous_1)
FN:53,(anonymous_2)
FN:60,(anonymous_3)
FN:72,(anonymous_4)
FN:80,(anonymous_5)
FN:84,(anonymous_6)
FN:92,(anonymous_7)
FN:94,(anonymous_8)
FN:102,(anonymous_9)
FN:104,(anonymous_10)
FN:114,(anonymous_11)
FNF:12
FNH:7
FNDA:0,(anonymous_0)
FNDA:4,(anonymous_1)
FNDA:4,(anonymous_2)
FNDA:0,(anonymous_3)
FNDA:5,(anonymous_4)
FNDA:5,(anonymous_5)
FNDA:0,(anonymous_6)
FNDA:0,(anonymous_7)
FNDA:0,(anonymous_8)
FNDA:1,(anonymous_9)
FNDA:1,(anonymous_10)
FNDA:5,(anonymous_11)
DA:23,8
DA:25,8
DA:36,8
DA:47,4
DA:48,4
DA:54,4
DA:55,4
DA:56,0
DA:61,0
DA:62,0
DA:65,0
DA:66,0
DA:73,5
DA:74,5
DA:81,5
DA:85,0
DA:86,0
DA:87,0
DA:93,0
DA:94,0
DA:95,0
DA:97,0
DA:103,1
DA:104,1
DA:105,1
DA:116,5
DA:121,5
DA:122,5
DA:124,5
DA:167,8
LF:30
LH:18
BRDA:55,0,0,0
BRDA:55,0,1,4
BRDA:61,1,0,0
BRDA:61,1,1,0
BRDA:65,2,0,0
BRDA:65,2,1,0
BRDA:73,3,0,5
BRDA:73,3,1,0
BRDA:81,4,0,5
BRDA:81,4,1,5
BRDA:137,5,0,5
BRDA:137,5,1,0
BRDA:137,5,2,0
BRF:13
BRH:5
end_of_record
TN:
SF:/Users/vg/Documents/Work/froodwebapp/src/containers/Inventory/StockCount/Single/StockCount/StockCountForm.jsx
FN:24,(anonymous_0)
FN:46,(anonymous_1)
FN:53,(anonymous_2)
FN:55,(anonymous_3)
FN:83,(anonymous_4)
FN:93,(anonymous_5)
FN:95,(anonymous_6)
FN:101,(anonymous_7)
FN:120,(anonymous_8)
FN:177,(anonymous_9)
FN:191,(anonymous_10)
FN:205,(anonymous_11)
FNF:12
FNH:6
FNDA:0,(anonymous_0)
FNDA:3,(anonymous_1)
FNDA:0,(anonymous_2)
FNDA:0,(anonymous_3)
FNDA:3,(anonymous_4)
FNDA:3,(anonymous_5)
FNDA:3,(anonymous_6)
FNDA:1,(anonymous_7)
FNDA:3,(anonymous_8)
FNDA:0,(anonymous_9)
FNDA:0,(anonymous_10)
FNDA:0,(anonymous_11)
DA:22,9
DA:24,9
DA:32,9
DA:39,9
DA:47,3
DA:48,3
DA:54,0
DA:55,0
DA:56,0
DA:61,0
DA:62,0
DA:63,0
DA:68,0
DA:69,0
DA:77,0
DA:78,0
DA:84,3
DA:85,3
DA:86,3
DA:87,3
DA:88,3
DA:90,3
DA:94,3
DA:95,3
DA:96,3
DA:98,0
DA:103,1
DA:104,1
DA:105,1
DA:108,0
DA:109,0
DA:114,0
DA:123,3
DA:131,3
DA:132,3
DA:133,3
DA:134,3
DA:177,0
DA:191,0
DA:205,0
DA:231,9
LF:41
LH:24
BRDA:54,0,0,0
BRDA:54,0,1,0
BRDA:54,1,0,0
BRDA:54,1,1,0
BRDA:61,2,0,0
BRDA:61,2,1,0
BRDA:61,3,0,0
BRDA:61,3,1,0
BRDA:68,4,0,0
BRDA:68,4,1,0
BRDA:77,5,0,0
BRDA:77,5,1,0
BRDA:85,6,0,3
BRDA:85,6,1,0
BRDA:85,7,0,3
BRDA:85,7,1,3
BRDA:86,8,0,3
BRDA:86,8,1,0
BRDA:87,9,0,0
BRDA:87,9,1,3
BRDA:88,10,0,0
BRDA:88,10,1,3
BRDA:94,11,0,3
BRDA:94,11,1,0
BRDA:103,12,0,1
BRDA:103,12,1,0
BRDA:104,13,0,1
BRDA:104,13,1,0
BRDA:108,14,0,0
BRDA:108,14,1,0
BRDA:142,15,0,3
BRDA:142,15,1,3
BRDA:142,15,2,0
BRDA:210,16,0,3
BRDA:210,16,1,3
BRF:35
BRH:13
end_of_record
TN:
SF:/Users/vg/Documents/Work/froodwebapp/src/containers/Inventory/StockCount/Single/StockCount/stockCountHelpers.js
FN:6,(anonymous_0)
FN:28,(anonymous_1)
FNF:2
FNH:0
FNDA:0,(anonymous_0)
FNDA:0,(anonymous_1)
DA:6,0
DA:29,0
LF:2
LH:0
BRF:0
BRH:0
end_of_record
TN:
SF:/Users/vg/Documents/Work/froodwebapp/src/containers/Purchase/Orders/All/Orders.jsx
FN:12,(anonymous_0)
FN:17,(anonymous_1)
FNF:2
FNH:0
FNDA:0,(anonymous_0)
FNDA:0,(anonymous_1)
DA:12,6
DA:14,6
DA:18,0
LF:3
LH:2
BRF:0
BRH:0
end_of_record
TN:
SF:/Users/vg/Documents/Work/froodwebapp/src/containers/Purchase/Orders/All/purchasesHelpers.js
FN:3,(anonymous_0)
FN:30,(anonymous_1)
FNF:2
FNH:0
FNDA:0,(anonymous_0)
FNDA:0,(anonymous_1)
DA:3,6
DA:28,6
DA:30,6
DA:31,0
LF:4
LH:3
BRF:0
BRH:0
end_of_record
TN:
SF:/Users/vg/Documents/Work/froodwebapp/src/containers/Purchase/Orders/Single/Order.jsx
FN:26,(anonymous_0)
FN:53,(anonymous_1)
FN:67,(anonymous_2)
FN:79,(anonymous_3)
FN:88,(anonymous_4)
FN:100,(anonymous_5)
FN:131,(anonymous_6)
FN:158,(anonymous_7)
FN:164,(anonymous_8)
FN:170,(anonymous_9)
FNF:10
FNH:0
FNDA:0,(anonymous_0)
FNDA:0,(anonymous_1)
FNDA:0,(anonymous_2)
FNDA:0,(anonymous_3)
FNDA:0,(anonymous_4)
FNDA:0,(anonymous_5)
FNDA:0,(anonymous_6)
FNDA:0,(anonymous_7)
FNDA:0,(anonymous_8)
FNDA:0,(anonymous_9)
DA:26,6
DA:32,6
DA:40,6
DA:45,6
DA:54,0
DA:55,0
DA:56,0
DA:58,0
DA:68,0
DA:69,0
DA:71,0
DA:82,0
DA:85,0
DA:88,0
DA:91,0
DA:92,0
DA:94,0
DA:101,0
DA:102,0
DA:106,0
DA:107,0
DA:108,0
DA:117,0
DA:132,0
DA:133,0
DA:137,0
DA:138,0
DA:159,0
DA:165,0
DA:177,0
DA:186,0
DA:188,0
DA:225,6
LF:33
LH:5
BRDA:68,0,0,0
BRDA:68,0,1,0
BRDA:82,1,0,0
BRDA:82,1,1,0
BRDA:82,2,0,0
BRDA:82,2,1,0
BRDA:82,2,2,0
BRDA:82,2,3,0
BRDA:101,3,0,0
BRDA:101,3,1,0
BRDA:107,4,0,0
BRDA:107,4,1,0
BRDA:132,5,0,0
BRDA:132,5,1,0
BRF:14
BRH:0
end_of_record
TN:
SF:/Users/vg/Documents/Work/froodwebapp/src/containers/Purchase/Orders/Single/modalFields.js
FN:1,(anonymous_0)
FNF:1
FNH:0
FNDA:0,(anonymous_0)
DA:1,0
LF:1
LH:0
BRF:0
BRH:0
end_of_record
TN:
SF:/Users/vg/Documents/Work/froodwebapp/src/containers/Purchase/Orders/Single/orderHelpers.js
FN:1,(anonymous_0)
FN:20,(anonymous_1)
FN:31,(anonymous_2)
FN:39,(anonymous_3)
FN:53,(anonymous_4)
FNF:5
FNH:0
FNDA:0,(anonymous_0)
FNDA:0,(anonymous_1)
FNDA:0,(anonymous_2)
FNDA:0,(anonymous_3)
FNDA:0,(anonymous_4)
DA:1,6
DA:20,0
DA:31,6
DA:39,6
DA:40,0
DA:42,0
DA:44,0
DA:47,0
DA:49,0
DA:53,6
DA:54,0
DA:56,0
DA:58,0
DA:60,0
DA:62,0
LF:15
LH:4
BRDA:14,0,0,0
BRDA:14,0,1,0
BRDA:17,1,0,0
BRDA:17,1,1,0
BRDA:18,2,0,0
BRDA:18,2,1,0
BRDA:19,3,0,0
BRDA:19,3,1,0
BRDA:22,4,0,0
BRDA:22,4,1,0
BRDA:23,5,0,0
BRDA:23,5,1,0
BRDA:27,6,0,0
BRDA:27,6,1,0
BRDA:28,7,0,0
BRDA:28,7,1,0
BRDA:40,8,0,0
BRDA:40,8,1,0
BRDA:40,8,2,0
BRDA:40,8,3,0
BRDA:40,8,4,0
BRDA:54,9,0,0
BRDA:54,9,1,0
BRDA:54,9,2,0
BRDA:54,9,3,0
BRF:25
BRH:0
end_of_record
TN:
SF:/Users/vg/Documents/Work/froodwebapp/src/containers/Purchase/Orders/Single/Sections/index.js
FNF:0
FNH:0
LF:0
LH:0
BRF:0
BRH:0
end_of_record
TN:
SF:/Users/vg/Documents/Work/froodwebapp/src/containers/Purchase/Orders/Single/Sections/OrderInfo/OrderInfo.jsx
FN:16,(anonymous_0)
FN:30,(anonymous_1)
FNF:2
FNH:0
FNDA:0,(anonymous_0)
FNDA:0,(anonymous_1)
DA:14,6
DA:16,6
DA:47,0
DA:49,0
DA:51,0
DA:90,6
LF:6
LH:3
BRDA:54,0,0,0
BRDA:54,0,1,0
BRF:2
BRH:0
end_of_record
TN:
SF:/Users/vg/Documents/Work/froodwebapp/src/containers/Purchase/Orders/Single/Sections/OrderInfo/getColorByStatus.js
FN:27,(anonymous_0)
FN:28,(anonymous_1)
FNF:2
FNH:0
FNDA:0,(anonymous_0)
FNDA:0,(anonymous_1)
DA:1,6
DA:28,0
DA:30,0
LF:3
LH:1
BRDA:30,0,0,0
BRDA:30,0,1,0
BRF:2
BRH:0
end_of_record
TN:
SF:/Users/vg/Documents/Work/froodwebapp/src/containers/Purchase/Orders/Single/Sections/OrderInfo/Address/Address.jsx
FN:14,(anonymous_0)
FN:26,(anonymous_1)
FN:37,(anonymous_2)
FN:67,(anonymous_3)
FN:71,(anonymous_4)
FN:75,(anonymous_5)
FN:97,(anonymous_6)
FN:105,(anonymous_7)
FNF:8
FNH:0
FNDA:0,(anonymous_0)
FNDA:0,(anonymous_1)
FNDA:0,(anonymous_2)
FNDA:0,(anonymous_3)
FNDA:0,(anonymous_4)
FNDA:0,(anonymous_5)
FNDA:0,(anonymous_6)
FNDA:0,(anonymous_7)
DA:12,6
DA:14,6
DA:20,6
DA:28,0
DA:31,0
DA:38,0
DA:40,0
DA:42,0
DA:43,0
DA:53,0
DA:61,0
DA:68,0
DA:72,0
DA:76,0
DA:78,0
DA:81,0
DA:82,0
DA:83,0
DA:84,0
DA:85,0
DA:86,0
DA:87,0
DA:88,0
DA:91,0
DA:103,0
DA:105,0
DA:107,0
DA:162,6
LF:28
LH:4
BRDA:28,0,0,0
BRDA:28,0,1,0
BRDA:28,1,0,0
BRDA:28,1,1,0
BRDA:28,1,2,0
BRDA:42,2,0,0
BRDA:42,2,1,0
BRDA:81,3,0,0
BRDA:81,3,1,0
BRDA:84,4,0,0
BRDA:84,4,1,0
BRDA:87,5,0,0
BRDA:87,5,1,0
BRDA:119,6,0,0
BRDA:119,6,1,0
BRF:15
BRH:0
end_of_record
TN:
SF:/Users/vg/Documents/Work/froodwebapp/src/containers/Purchase/Orders/Single/Sections/OrderInfo/OrderCommonData/OrderCommonData.jsx
FN:11,(anonymous_0)
FNF:1
FNH:0
FNDA:0,(anonymous_0)
DA:11,6
DA:27,0
DA:113,6
LF:3
LH:2
BRDA:43,0,0,0
BRDA:43,0,1,0
BRF:2
BRH:0
end_of_record
TN:
SF:/Users/vg/Documents/Work/froodwebapp/src/containers/Purchase/Orders/Single/Sections/Tabs/Tabs.jsx
FN:13,(anonymous_0)
FN:16,(anonymous_1)
FNF:2
FNH:0
FNDA:0,(anonymous_0)
FNDA:0,(anonymous_1)
DA:10,6
DA:21,0
DA:23,0
DA:48,6
LF:4
LH:2
BRF:0
BRH:0
end_of_record
TN:
SF:/Users/vg/Documents/Work/froodwebapp/src/containers/Purchase/Orders/Single/Sections/Tabs/index.js
FNF:0
FNH:0
LF:0
LH:0
BRF:0
BRH:0
end_of_record
TN:
SF:/Users/vg/Documents/Work/froodwebapp/src/containers/Purchase/Orders/Single/Sections/Tabs/OrderTab/OrderTab.jsx
FN:13,(anonymous_0)
FN:19,(anonymous_1)
FNF:2
FNH:0
FNDA:0,(anonymous_0)
FNDA:0,(anonymous_1)
DA:11,6
DA:13,6
DA:25,0
DA:33,0
DA:35,0
DA:37,0
DA:67,6
LF:7
LH:3
BRDA:42,0,0,0
BRDA:42,0,1,0
BRF:2
BRH:0
end_of_record
TN:
[...]
BRDA:68,2,6,1
BRDA:68,2,7,2
BRDA:68,2,8,1
BRDA:68,2,9,1
BRDA:68,2,10,0
BRDA:68,2,11,1
BRDA:68,2,12,0
BRDA:124,3,0,0
BRDA:124,3,1,1
BRDA:149,4,0,0
BRDA:149,4,1,1
BRDA:158,5,0,0
BRDA:158,5,1,0
BRDA:158,6,0,0
BRDA:158,6,1,0
BRDA:175,7,0,0
BRDA:175,7,1,0
BRF:25
BRH:13
end_of_record
TN:
SF:/Users/vg/Documents/Work/froodwebapp/src/redux-base/reducers/purchase/supplier.js
FN:42,supplier
FNF:1
FNH:1
FNDA:36,supplier
DA:23,1
DA:43,36
DA:61,17
DA:71,1
DA:78,2
DA:86,1
DA:93,2
DA:99,1
DA:107,1
DA:115,3
DA:122,1
DA:129,1
DA:136,1
DA:143,1
DA:149,1
DA:155,1
DA:160,2
DA:165,0
LF:18
LH:17
BRDA:42,0,0,0
BRDA:42,1,0,0
BRDA:43,2,0,1
BRDA:43,2,1,2
BRDA:43,2,2,3
BRDA:43,2,3,4
BRDA:43,2,4,5
BRDA:43,2,5,6
BRDA:43,2,6,7
BRDA:43,2,7,8
BRDA:43,2,8,9
BRDA:43,2,9,10
BRDA:43,2,10,11
BRDA:43,2,11,12
BRDA:43,2,12,13
BRDA:43,2,13,14
BRDA:43,2,14,15
BRDA:43,2,15,16
BRDA:43,2,16,17
BRDA:43,2,17,1
BRDA:43,2,18,1
BRDA:43,2,19,2
BRDA:43,2,20,1
BRDA:43,2,21,1
BRDA:43,2,22,2
BRDA:43,2,23,1
BRDA:43,2,24,1
BRDA:43,2,25,1
BRDA:43,2,26,2
BRDA:43,2,27,3
BRDA:43,2,28,1
BRDA:43,2,29,1
BRDA:43,2,30,1
BRDA:43,2,31,1
BRDA:43,2,32,1
BRDA:43,2,33,1
BRDA:43,2,34,2
BRDA:43,2,35,0
BRF:38
BRH:35
end_of_record
TN:
SF:/Users/vg/Documents/Work/froodwebapp/src/redux-base/reducers/sales/customer.js
FN:12,customer
FNF:1
FNH:1
FNDA:5,customer
DA:7,1
DA:13,5
DA:15,1
DA:22,1
DA:28,1
DA:30,1
DA:35,1
LF:7
LH:7
BRDA:12,0,0,0
BRDA:12,1,0,0
BRDA:13,2,0,1
BRDA:13,2,1,1
BRDA:13,2,2,1
BRDA:13,2,3,1
BRDA:13,2,4,1
BRF:7
BRH:5
end_of_record
TN:
SF:/Users/vg/Documents/Work/froodwebapp/src/redux-base/reducers/sales/customerProfile.js
FN:28,customerProfile
FNF:1
FNH:1
FNDA:19,customerProfile
DA:16,1
DA:29,19
DA:40,8
DA:47,2
DA:59,1
DA:65,1
DA:73,3
DA:80,0
DA:87,1
DA:92,1
DA:94,1
DA:99,1
LF:12
LH:11
BRDA:28,0,0,0
BRDA:28,1,0,0
BRDA:29,2,0,1
BRDA:29,2,1,2
BRDA:29,2,2,3
BRDA:29,2,3,4
BRDA:29,2,4,5
BRDA:29,2,5,6
BRDA:29,2,6,7
BRDA:29,2,7,7
BRDA:29,2,8,7
BRDA:29,2,9,8
BRDA:29,2,10,1
BRDA:29,2,11,2
BRDA:29,2,12,1
BRDA:29,2,13,1
BRDA:29,2,14,1
BRDA:29,2,15,2
BRDA:29,2,16,3
BRDA:29,2,17,0
BRDA:29,2,18,0
BRDA:29,2,19,1
BRDA:29,2,20,1
BRDA:29,2,21,1
BRDA:29,2,22,1
BRF:25
BRH:21
end_of_record
TN:
SF:/Users/vg/Documents/Work/froodwebapp/src/redux-base/reducers/sales/order.js
FN:87,order
FN:148,(anonymous_1)
FN:150,(anonymous_2)
FN:152,(anonymous_3)
FN:170,(anonymous_4)
FN:171,(anonymous_5)
FNF:6
FNH:6
FNDA:27,order
FNDA:2,(anonymous_1)
FNDA:2,(anonymous_2)
FNDA:2,(anonymous_3)
FNDA:1,(anonymous_4)
FNDA:1,(anonymous_5)
DA:22,1
DA:75,1
DA:88,27
DA:103,13
DA:112,3
DA:131,2
DA:138,2
DA:145,2
DA:148,2
DA:150,2
DA:152,2
DA:161,2
DA:167,1
DA:170,1
DA:171,1
DA:178,1
DA:184,0
DA:187,1
DA:192,0
LF:19
LH:17
BRDA:87,0,0,0
BRDA:87,1,0,0
BRDA:88,2,0,1
BRDA:88,2,1,2
BRDA:88,2,2,3
BRDA:88,2,3,4
BRDA:88,2,4,5
BRDA:88,2,5,6
BRDA:88,2,6,7
BRDA:88,2,7,8
BRDA:88,2,8,10
BRDA:88,2,9,10
BRDA:88,2,10,11
BRDA:88,2,11,12
BRDA:88,2,12,13
BRDA:88,2,13,1
BRDA:88,2,14,2
BRDA:88,2,15,3
BRDA:88,2,16,1
BRDA:88,2,17,2
BRDA:88,2,18,1
BRDA:88,2,19,2
BRDA:88,2,20,1
BRDA:88,2,21,2
BRDA:88,2,22,1
BRDA:88,2,23,2
BRDA:88,2,24,1
BRDA:88,2,25,1
BRDA:88,2,26,0
BRDA:88,2,27,1
BRDA:88,2,28,0
BRF:31
BRH:27
end_of_record
TN:
SF:/Users/vg/Documents/Work/froodwebapp/src/redux-base/reducers/sales/promotion.js
FN:28,promotion
FNF:1
FNH:1
FNDA:10,promotion
DA:10,1
DA:29,10
DA:36,3
DA:43,1
DA:50,2
DA:57,2
DA:62,1
DA:67,0
DA:68,0
DA:70,0
DA:73,1
LF:11
LH:8
BRDA:28,0,0,0
BRDA:28,1,0,0
BRDA:29,2,0,1
BRDA:29,2,1,2
BRDA:29,2,2,3
BRDA:29,2,3,3
BRDA:29,2,4,3
BRDA:29,2,5,1
BRDA:29,2,6,1
BRDA:29,2,7,2
BRDA:29,2,8,1
BRDA:29,2,9,2
BRDA:29,2,10,1
BRDA:29,2,11,0
BRDA:29,2,12,1
BRDA:67,3,0,0
BRDA:67,3,1,0
BRF:17
BRH:12
end_of_record
TN:
SF:/Users/vg/Documents/Work/froodwebapp/src/redux-base/reducers/settings/inventory/productCategories.js
FN:16,productCategories
FNF:1
FNH:1
FNDA:10,productCategories
DA:10,1
DA:17,10
DA:22,4
DA:28,1
DA:36,3
DA:42,1
DA:47,1
LF:7
LH:7
BRDA:16,0,0,0
BRDA:16,1,0,0
BRDA:17,2,0,1
BRDA:17,2,1,2
BRDA:17,2,2,3
BRDA:17,2,3,4
BRDA:17,2,4,1
BRDA:17,2,5,1
BRDA:17,2,6,2
BRDA:17,2,7,3
BRDA:17,2,8,1
BRDA:17,2,9,1
BRF:12
BRH:10
end_of_record
TN:
SF:/Users/vg/Documents/Work/froodwebapp/src/redux-base/reducers/settings/sales/channel.js
FN:14,channel
FNF:1
FNH:1
FNDA:5,channel
DA:8,1
DA:15,5
DA:18,2
DA:23,1
DA:30,1
DA:35,1
DA:37,0
DA:42,0
LF:8
LH:6
BRDA:14,0,0,0
BRDA:14,1,0,0
BRDA:15,2,0,1
BRDA:15,2,1,2
BRDA:15,2,2,1
BRDA:15,2,3,1
BRDA:15,2,4,1
BRDA:15,2,5,0
BRDA:15,2,6,0
BRF:9
BRH:5
end_of_record
TN:
SF:/Users/vg/Documents/Work/froodwebapp/src/redux-base/reducers/settings/sales/channels.js
FN:13,channels
FN:31,(anonymous_1)
FNF:2
FNH:1
FNDA:6,channels
FNDA:0,(anonymous_1)
DA:8,1
DA:14,6
DA:17,2
DA:22,1
DA:28,1
DA:31,0
DA:34,1
DA:39,1
LF:8
LH:7
BRDA:13,0,0,0
BRDA:13,1,0,0
BRDA:14,2,0,1
BRDA:14,2,1,2
BRDA:14,2,2,1
BRDA:14,2,3,1
BRDA:14,2,4,1
BRDA:14,2,5,1
BRDA:31,3,0,0
BRDA:31,3,1,0
BRF:10
BRH:6
end_of_record
TN:
SF:/Users/vg/Documents/Work/froodwebapp/src/redux-base/reducers/settings/sales/fulfilment.js
FN:29,transporters
FNF:1
FNH:1
FNDA:26,transporters
DA:19,1
DA:30,26
DA:42,11
DA:50,1
DA:56,1
DA:63,1
DA:69,1
DA:75,1
DA:81,1
DA:87,1
DA:93,1
DA:100,2
DA:106,1
DA:111,1
DA:117,1
DA:123,1
DA:128,1
LF:17
LH:17
BRDA:29,0,0,0
BRDA:29,1,0,0
BRDA:30,2,0,1
BRDA:30,2,1,2
BRDA:30,2,2,3
BRDA:30,2,3,4
BRDA:30,2,4,5
BRDA:30,2,5,6
BRDA:30,2,6,7
BRDA:30,2,7,8
BRDA:30,2,8,9
BRDA:30,2,9,10
BRDA:30,2,10,11
BRDA:30,2,11,1
BRDA:30,2,12,1
BRDA:30,2,13,1
BRDA:30,2,14,1
BRDA:30,2,15,1
BRDA:30,2,16,1
BRDA:30,2,17,1
BRDA:30,2,18,1
BRDA:30,2,19,1
BRDA:30,2,20,2
BRDA:30,2,21,1
BRDA:30,2,22,1
BRDA:30,2,23,1
BRDA:30,2,24,1
BRDA:30,2,25,1
BRF:28
BRH:26
end_of_record
TN:
SF:/Users/vg/Documents/Work/froodwebapp/src/redux-base/reducers/settings/system/locations.js
FN:32,locations
FNF:1
FNH:1
FNDA:25,locations
DA:19,1
DA:33,25
DA:45,11
DA:54,1
DA:59,1
DA:64,1
DA:72,3
DA:78,1
DA:83,1
DA:91,2
DA:97,1
DA:104,1
DA:110,1
DA:115,1
LF:14
LH:14
BRDA:32,0,0,0
BRDA:32,1,0,0
BRDA:33,2,0,1
BRDA:33,2,1,2
BRDA:33,2,2,3
BRDA:33,2,3,4
BRDA:33,2,4,5
BRDA:33,2,5,6
BRDA:33,2,6,7
BRDA:33,2,7,8
BRDA:33,2,8,9
BRDA:33,2,9,10
BRDA:33,2,10,11
BRDA:33,2,11,1
BRDA:33,2,12,1
BRDA:33,2,13,1
BRDA:33,2,14,1
BRDA:33,2,15,2
BRDA:33,2,16,3
BRDA:33,2,17,1
BRDA:33,2,18,1
BRDA:33,2,19,1
BRDA:33,2,20,2
BRDA:33,2,21,1
BRDA:33,2,22,1
BRDA:33,2,23,1
BRDA:33,2,24,1
BRDA:33,2,25,1
BRF:28
BRH:26
end_of_record
TN:
SF:/Users/vg/Documents/Work/froodwebapp/src/redux-base/reducers/settings/system/numericPage.js
FN:10,numeric
FNF:1
FNH:1
FNDA:4,numeric
DA:4,1
DA:11,4
DA:13,1
DA:18,1
DA:25,1
DA:32,1
LF:6
LH:6
BRDA:10,0,0,0
BRDA:10,1,0,0
BRDA:11,2,0,1
BRDA:11,2,1,1
BRDA:11,2,2,1
BRDA:11,2,3,1
BRF:6
BRH:4
end_of_record
TN:
SF:/Users/vg/Documents/Work/froodwebapp/src/redux-base/reducers/settings/system/paymentTerms.js
FN:17,paymentTerms
FNF:1
FNH:1
FNDA:10,paymentTerms
DA:10,1
DA:18,10
DA:22,3
DA:27,1
DA:35,3
DA:42,1
DA:50,1
DA:55,1
LF:8
LH:8
BRDA:17,0,0,0
BRDA:17,1,0,0
BRDA:18,2,0,1
BRDA:18,2,1,2
BRDA:18,2,2,3
BRDA:18,2,3,1
BRDA:18,2,4,1
BRDA:18,2,5,2
BRDA:18,2,6,3
BRDA:18,2,7,1
BRDA:18,2,8,1
BRDA:18,2,9,1
BRF:12
BRH:10
end_of_record
TN:
SF:/Users/vg/Documents/Work/froodwebapp/src/redux-base/reducers/settings/system/priceList.js
FN:20,priceLists
FN:56,(anonymous_1)
FNF:2
FNH:2
FNDA:13,priceLists
FNDA:2,(anonymous_1)
DA:11,1
DA:21,13
DA:27,5
DA:32,1
DA:40,2
DA:47,1
DA:53,1
DA:56,2
DA:59,1
DA:64,1
DA:65,0
DA:67,1
DA:70,1
LF:13
LH:12
BRDA:20,0,0,0
BRDA:20,1,0,0
BRDA:21,2,0,1
BRDA:21,2,1,2
BRDA:21,2,2,3
BRDA:21,2,3,4
BRDA:21,2,4,5
BRDA:21,2,5,1
BRDA:21,2,6,1
BRDA:21,2,7,2
BRDA:21,2,8,1
BRDA:21,2,9,1
BRDA:21,2,10,1
BRDA:21,2,11,1
BRDA:21,2,12,1
BRDA:56,3,0,1
BRDA:56,3,1,1
BRDA:64,4,0,0
BRDA:64,4,1,1
BRF:19
BRH:16
end_of_record
TN:
SF:/Users/vg/Documents/Work/froodwebapp/src/redux-base/reducers/settings/system/priceLists.js
FN:12,priceLists
FNF:1
FNH:1
FNDA:4,priceLists
DA:7,1
DA:13,4
DA:15,1
DA:20,1
DA:26,1
DA:31,1
LF:6
LH:6
BRDA:12,0,0,0
BRDA:12,1,0,0
BRDA:13,2,0,1
BRDA:13,2,1,1
BRDA:13,2,2,1
BRDA:13,2,3,1
BRF:6
BRH:4
end_of_record
TN:
SF:/Users/vg/Documents/Work/froodwebapp/src/redux-base/reducers/settings/system/taxes.js
FN:22,taxes
FNF:1
FNH:1
FNDA:18,taxes
DA:14,1
DA:23,18
DA:30,6
DA:35,1
DA:40,1
DA:49,2
DA:56,1
DA:63,1
DA:68,1
DA:78,2
DA:85,1
DA:92,1
DA:97,1
LF:13
LH:13
BRDA:22,0,0,0
BRDA:22,1,0,0
BRDA:23,2,0,1
BRDA:23,2,1,2
BRDA:23,2,2,3
BRDA:23,2,3,4
BRDA:23,2,4,5
BRDA:23,2,5,6
BRDA:23,2,6,1
BRDA:23,2,7,1
BRDA:23,2,8,1
BRDA:23,2,9,2
BRDA:23,2,10,1
BRDA:23,2,11,1
BRDA:23,2,12,1
BRDA:23,2,13,1
BRDA:23,2,14,2
BRDA:23,2,15,1
BRDA:23,2,16,1
BRDA:23,2,17,1
BRF:20
BRH:18
end_of_record
TN:
SF:/Users/vg/Documents/Work/froodwebapp/src/redux-base/reducers/settings/system/uom.js
FN:24,uom
FNF:1
FNH:1
FNDA:20,uom
DA:16,1
DA:25,20
DA:34,8
DA:39,1
DA:47,2
DA:52,1
DA:59,3
DA:65,1
DA:74,3
DA:80,1
LF:10
LH:10
BRDA:24,0,0,0
BRDA:24,1,0,0
BRDA:25,2,0,1
BRDA:25,2,1,2
BRDA:25,2,2,3
BRDA:25,2,3,4
BRDA:25,2,4,5
BRDA:25,2,5,6
BRDA:25,2,6,7
BRDA:25,2,7,8
BRDA:25,2,8,1
BRDA:25,2,9,1
BRDA:25,2,10,2
BRDA:25,2,11,1
BRDA:25,2,12,1
BRDA:25,2,13,2
BRDA:25,2,14,3
BRDA:25,2,15,1
BRDA:25,2,16,1
BRDA:25,2,17,2
BRDA:25,2,18,3
BRDA:25,2,19,1
BRF:22
BRH:20
end_of_record
TN:
SF:/Users/vg/Documents/Work/froodwebapp/src/redux-base/reducers/settings/system/users.js
FN:26,users
FNF:1
FNH:1
FNDA:22,users
DA:16,1
DA:27,22
DA:38,10
DA:48,3
DA:56,3
DA:62,1
DA:68,1
DA:75,1
DA:81,1
DA:88,1
DA:93,1
LF:11
LH:11
BRDA:26,0,0,0
BRDA:26,1,0,0
BRDA:27,2,0,1
BRDA:27,2,1,2
BRDA:27,2,2,3
BRDA:27,2,3,4
BRDA:27,2,4,5
BRDA:27,2,5,6
BRDA:27,2,6,7
BRDA:27,2,7,8
BRDA:27,2,8,9
BRDA:27,2,9,10
BRDA:27,2,10,1
BRDA:27,2,11,2
BRDA:27,2,12,3
BRDA:27,2,13,1
BRDA:27,2,14,2
BRDA:27,2,15,3
BRDA:27,2,16,1
BRDA:27,2,17,1
BRDA:27,2,18,1
BRDA:27,2,19,1
BRDA:27,2,20,1
BRDA:27,2,21,1
BRF:24
BRH:22
end_of_record
TN:
SF:/Users/vg/Documents/Work/froodwebapp/src/redux-base/sagas/actionsHelper.js
FN:8,(anonymous_0)
FN:9,(anonymous_1)
FN:40,(anonymous_2)
FN:41,(anonymous_3)
FNF:4
FNH:4
FNDA:6270,(anonymous_0)
FNDA:46550,(anonymous_1)
FNDA:1710,(anonymous_2)
FNDA:15390,(anonymous_3)
DA:1,190
DA:2,190
DA:3,190
DA:4,190
DA:5,190
DA:6,190
DA:8,190
DA:9,6270
DA:10,46550
DA:12,2660
DA:13,2660
DA:17,10450
DA:18,10450
DA:20,10260
DA:21,10260
DA:25,11970
DA:26,11970
DA:29,4750
DA:30,4750
DA:32,3040
DA:33,3040
DA:35,3420
DA:40,190
DA:41,15390
DA:42,1710
LF:25
LH:25
BRDA:10,0,0,2660
BRDA:10,0,1,1900
BRDA:10,0,2,3610
BRDA:10,0,3,10450
BRDA:10,0,4,10260
BRDA:10,0,5,1710
BRDA:10,0,6,3420
BRDA:10,0,7,11970
BRDA:10,0,8,1710
BRDA:10,0,9,4750
BRDA:10,0,10,3040
BRDA:10,0,11,3420
BRF:12
BRH:12
end_of_record
TN:
SF:/Users/vg/Documents/Work/froodwebapp/src/redux-base/sagas/commonSagas/autoCompleteSaga.js
FN:8,autoCompleteSaga
FN:11,(anonymous_1)
FN:22,throttleAutoCompleteSaga
FNF:3
FNH:1
FNDA:1,autoCompleteSaga
FNDA:0,(anonymous_1)
FNDA:0,throttleAutoCompleteSaga
DA:9,1
DA:10,1
DA:11,1
DA:13,1
DA:14,1
DA:15,1
DA:17,0
DA:23,0
LF:8
LH:6
BRDA:9,0,0,1
BRDA:9,0,1,0
BRDA:13,1,0,1
BRDA:13,1,1,0
BRF:4
BRH:2
end_of_record
TN:
SF:/Users/vg/Documents/Work/froodwebapp/src/redux-base/sagas/commonSagas/commonDataSaga.js
FN:11,commonDataSaga
FN:18,(anonymous_1)
FNF:2
FNH:1
FNDA:1,commonDataSaga
FNDA:0,(anonymous_1)
DA:12,1
DA:13,1
DA:15,1
DA:18,1
DA:20,1
DA:21,1
DA:22,1
DA:24,0
DA:27,0
LF:9
LH:7
BRDA:20,0,0,1
BRDA:20,0,1,0
BRF:2
BRH:1
end_of_record
TN:
SF:/Users/vg/Documents/Work/froodwebapp/src/redux-base/sagas/commonSagas/deleteSaga.js
FN:8,deleteSaga
FN:16,(anonymous_1)
FNF:2
FNH:1
FNDA:1,deleteSaga
FNDA:0,(anonymous_1)
DA:9,1
DA:10,2
DA:11,2
DA:13,1
DA:16,1
DA:18,1
DA:19,1
DA:20,1
DA:22,0
DA:25,0
LF:10
LH:8
BRDA:18,0,0,1
BRDA:18,0,1,0
BRF:2
BRH:1
end_of_record
TN:
SF:/Users/vg/Documents/Work/froodwebapp/src/redux-base/sagas/commonSagas/getSaga.js
FN:8,getSaga
FN:15,(anonymous_1)
FNF:2
FNH:1
FNDA:1,getSaga
FNDA:0,(anonymous_1)
DA:9,1
DA:10,2
DA:11,2
DA:12,1
DA:15,1
DA:17,1
DA:18,1
DA:19,1
DA:21,0
DA:24,0
LF:10
LH:8
BRDA:17,0,0,1
BRDA:17,0,1,0
BRF:2
BRH:1
end_of_record
TN:
SF:/Users/vg/Documents/Work/froodwebapp/src/redux-base/sagas/commonSagas/getSagaParallel.js
FN:8,getSagaParallel
FN:15,(anonymous_1)
FN:25,(anonymous_2)
FN:27,(anonymous_3)
FN:33,(anonymous_4)
FN:36,(anonymous_5)
FNF:6
FNH:5
FNDA:1,getSagaParallel
FNDA:2,(anonymous_1)
FNDA:2,(anonymous_2)
FNDA:0,(anonymous_3)
FNDA:1,(anonymous_4)
FNDA:1,(anonymous_5)
DA:9,1
DA:10,2
DA:11,2
DA:13,1
DA:15,1
DA:16,2
DA:17,0
DA:19,2
DA:23,1
DA:25,1
DA:26,2
DA:27,0
DA:31,1
DA:33,1
DA:35,1
DA:36,1
DA:38,1
DA:40,0
DA:43,0
LF:19
LH:15
BRDA:16,0,0,0
BRDA:16,0,1,2
BRDA:16,1,0,2
BRDA:16,1,1,0
BRDA:35,2,0,1
BRDA:35,2,1,0
BRF:6
BRH:3
end_of_record
TN:
SF:/Users/vg/Documents/Work/froodwebapp/src/redux-base/sagas/commonSagas/postSaga.js
FN:8,postSaga
FN:16,(anonymous_1)
FNF:2
FNH:1
FNDA:1,postSaga
FNDA:0,(anonymous_1)
DA:9,1
DA:10,2
DA:11,2
DA:13,1
DA:16,1
DA:18,1
DA:19,1
DA:20,1
DA:22,0
DA:25,0
LF:10
LH:8
BRDA:18,0,0,1
BRDA:18,0,1,0
BRF:2
BRH:1
end_of_record
TN:
SF:/Users/vg/Documents/Work/froodwebapp/src/redux-base/sagas/commonSagas/putSaga.js
FN:8,putSaga
FN:16,(anonymous_1)
FNF:2
FNH:1
FNDA:1,putSaga
FNDA:0,(anonymous_1)
DA:9,1
DA:10,2
DA:11,2
DA:13,1
DA:16,1
DA:18,1
DA:19,1
DA:20,1
DA:22,0
DA:25,0
LF:10
LH:8
BRDA:18,0,0,1
BRDA:18,0,1,0
BRF:2
BRH:1
end_of_record
TN:
SF:/Users/vg/Documents/Work/froodwebapp/src/redux-base/sagas/login/authorize.js
FN:11,authorize
FN:21,(anonymous_1)
FNF:2
FNH:1
FNDA:1,authorize
FNDA:0,(anonymous_1)
DA:13,1
DA:14,1
DA:16,1
DA:18,1
DA:21,1
DA:23,1
DA:25,1
DA:27,1
DA:28,1
DA:31,1
DA:33,1
DA:36,0
DA:40,0
LF:13
LH:11
BRDA:23,0,0,1
BRDA:23,0,1,0
BRF:2
BRH:1
end_of_record
TN:
SF:/Users/vg/Documents/Work/froodwebapp/src/utils/commonUtils.js
FN:1,(anonymous_0)
FN:5,(anonymous_1)
FN:11,(anonymous_2)
FN:15,(anonymous_3)
FN:19,(anonymous_4)
FN:19,(anonymous_5)
FN:19,(anonymous_6)
FNF:7
FNH:6
FNDA:1,(anonymous_0)
FNDA:0,(anonymous_1)
FNDA:2,(anonymous_2)
FNDA:1,(anonymous_3)
FNDA:2,(anonymous_4)
FNDA:4,(anonymous_5)
FNDA:2,(anonymous_6)
DA:1,190
DA:2,1
DA:5,190
DA:6,0
DA:7,0
DA:8,0
DA:11,190
DA:12,2
DA:15,190
DA:16,1
DA:19,190
LF:11
LH:8
BRDA:12,0,0,1
BRDA:12,0,1,1
BRDA:16,1,0,1
BRDA:16,1,1,0
BRF:4
BRH:3
end_of_record
TN:
SF:/Users/vg/Documents/Work/froodwebapp/src/utils/index.js
FNF:0
FNH:0
LF:0
LH:0
BRF:0
BRH:0
end_of_record
TN:
SF:/Users/vg/Documents/Work/froodwebapp/src/utils/inputFormatters.js
FN:2,(anonymous_0)
FN:4,(anonymous_1)
FN:6,(anonymous_2)
FNF:3
FNH:0
FNDA:0,(anonymous_0)
FNDA:0,(anonymous_1)
FNDA:0,(anonymous_2)
DA:2,190
DA:4,190
DA:6,190
DA:7,0
DA:9,0
DA:11,0
LF:6
LH:3
BRDA:7,0,0,0
BRDA:7,0,1,0
BRF:2
BRH:0
end_of_record
TN:
SF:/Users/vg/Documents/Work/froodwebapp/src/utils/inputParsers.js
FN:3,(anonymous_0)
FN:5,(anonymous_1)
FNF:2
FNH:1
FNDA:0,(anonymous_0)
FNDA:1,(anonymous_1)
DA:3,190
DA:5,190
LF:2
LH:2
BRF:0
BRH:0
end_of_record
TN:
SF:/Users/vg/Documents/Work/froodwebapp/src/utils/mapHelpers.js
FN:7,(anonymous_0)
FN:8,(anonymous_1)
FN:11,(anonymous_2)
FN:11,(anonymous_3)
FN:11,(anonymous_4)
FN:19,(anonymous_5)
FNF:6
FNH:6
FNDA:94,(anonymous_0)
FNDA:6,(anonymous_1)
FNDA:3,(anonymous_2)
FNDA:8,(anonymous_3)
FNDA:16,(anonymous_4)
FNDA:2,(anonymous_5)
DA:7,190
DA:8,94
DA:11,190
DA:19,190
DA:20,2
DA:21,1
DA:22,1
DA:23,1
DA:25,0
LF:9
LH:8
BRDA:20,0,0,1
BRDA:20,0,1,1
BRDA:20,1,0,2
BRDA:20,1,1,2
BRDA:20,1,2,1
BRDA:22,2,0,1
BRDA:22,2,1,0
BRF:7
BRH:6
end_of_record
TN:
SF:/Users/vg/Documents/Work/froodwebapp/src/utils/prepareHelpers.js
FN:6,(anonymous_0)
FN:7,(anonymous_1)
FN:19,(anonymous_2)
FN:20,(anonymous_3)
FNF:4
FNH:4
FNDA:1,(anonymous_0)
FNDA:2,(anonymous_1)
FNDA:10,(anonymous_2)
FNDA:12,(anonymous_3)
DA:6,190
DA:7,2
DA:19,190
DA:20,12
LF:4
LH:4
BRF:0
BRH:0
end_of_record
TN:
SF:/Users/vg/Documents/Work/froodwebapp/src/utils/renderHelpers.js
FN:10,(anonymous_0)
FN:10,(anonymous_1)
FNF:2
FNH:2
FNDA:869,(anonymous_0)
FNDA:1,(anonymous_1)
DA:10,869
DA:11,1
LF:2
LH:2
BRDA:14,0,0,1
BRDA:14,0,1,0
BRDA:69,1,0,1
BRDA:69,1,1,1
BRF:4
BRH:3
end_of_record
TN:
SF:/Users/vg/Documents/Work/froodwebapp/src/utils/sagaHelpers.js
FN:8,(anonymous_0)
FN:36,(anonymous_1)
FNF:2
FNH:2
FNDA:13,(anonymous_0)
FNDA:195,(anonymous_1)
DA:8,190
DA:9,13
DA:26,13
DA:28,13
DA:29,0
DA:32,13
DA:33,0
DA:36,13
DA:37,195
DA:38,4
DA:39,191
DA:40,10
DA:45,13
DA:47,13
LF:14
LH:12
BRDA:28,0,0,0
BRDA:28,0,1,13
BRDA:32,1,0,0
BRDA:32,1,1,13
BRDA:32,2,0,13
BRDA:32,2,1,0
BRDA:37,3,0,4
BRDA:37,3,1,191
BRDA:37,4,0,195
BRDA:37,4,1,14
BRDA:39,5,0,10
BRDA:39,5,1,181
BRDA:45,6,0,0
BRDA:45,6,1,13
BRF:14
BRH:10
end_of_record
TN:
SF:/Users/vg/Documents/Work/froodwebapp/src/utils/apiHelpers/ApiClient.js
FN:6,(anonymous_0)
FN:8,(anonymous_1)
FN:9,(anonymous_2)
FN:16,(anonymous_3)
FN:18,(anonymous_4)
FN:28,(anonymous_5)
FN:36,(anonymous_6)
FNF:7
FNH:3
FNDA:3,(anonymous_0)
FNDA:15,(anonymous_1)
FNDA:0,(anonymous_2)
FNDA:0,(anonymous_3)
FNDA:0,(anonymous_4)
FNDA:0,(anonymous_5)
FNDA:3,(anonymous_6)
DA:7,3
DA:9,15
DA:12,0
DA:16,0
DA:18,0
DA:19,0
DA:25,0
DA:28,0
DA:31,0
DA:37,3
DA:38,3
LF:11
LH:4
BRDA:18,0,0,0
BRDA:18,0,1,0
BRDA:18,1,0,0
BRDA:18,1,1,0
BRDA:28,2,0,0
BRDA:28,2,1,0
BRDA:37,3,0,3
BRDA:37,3,1,0
BRF:8
BRH:1
end_of_record
TN:
SF:/Users/vg/Documents/Work/froodwebapp/src/utils/apiHelpers/ApiToken.js
FN:8,(anonymous_0)
FN:15,(anonymous_1)
FN:20,(anonymous_2)
FN:24,(anonymous_3)
FN:29,(anonymous_4)
FN:35,(anonymous_5)
FN:40,(anonymous_6)
FN:44,(anonymous_7)
FN:51,(anonymous_8)
FN:67,(anonymous_9)
FN:74,(anonymous_10)
FN:80,(anonymous_11)
FNF:12
FNH:12
FNDA:13,(anonymous_0)
FNDA:4,(anonymous_1)
FNDA:1,(anonymous_2)
FNDA:1,(anonymous_3)
FNDA:4,(anonymous_4)
FNDA:15,(anonymous_5)
FNDA:3,(anonymous_6)
FNDA:17,(anonymous_7)
FNDA:3,(anonymous_8)
FNDA:1,(anonymous_9)
FNDA:2,(anonymous_10)
FNDA:2,(anonymous_11)
DA:9,13
DA:16,4
DA:21,1
DA:26,1
DA:30,4
DA:36,15
DA:37,15
DA:41,3
DA:46,17
DA:52,3
DA:53,2
DA:56,1
DA:68,1
DA:69,1
DA:71,1
DA:75,2
DA:77,2
DA:81,2
LF:18
LH:18
BRDA:46,0,0,13
BRDA:46,0,1,4
BRDA:52,1,0,2
BRDA:52,1,1,1
BRF:4
BRH:4
end_of_record
TN:
SF:/Users/vg/Documents/Work/froodwebapp/src/utils/reduxHelpers/reduxHelpers.js
FN:7,(anonymous_0)
FN:19,(anonymous_1)
FN:23,(anonymous_2)
FN:30,(anonymous_3)
FN:44,(anonymous_4)
FN:48,(anonymous_5)
FN:55,(anonymous_6)
FNF:7
FNH:5
FNDA:46950,(anonymous_0)
FNDA:40471,(anonymous_1)
FNDA:1,(anonymous_2)
FNDA:0,(anonymous_3)
FNDA:2661,(anonymous_4)
FNDA:1,(anonymous_5)
FNDA:0,(anonymous_6)
DA:7,46950
DA:19,190
DA:23,40471
DA:24,1
DA:30,0
DA:44,190
DA:48,2661
DA:49,1
DA:55,0
LF:9
LH:7
BRDA:28,0,0,1
BRDA:28,0,1,0
BRDA:53,1,0,1
BRDA:53,1,1,1
BRF:4
BRH:3
end_of_record
TN:
SF:/Users/vg/Documents/Work/froodwebapp/src/utils/reduxHelpers/mainContainer/getMainContainerReducer.js
FN:25,(anonymous_0)
FN:25,(anonymous_1)
FNF:2
FNH:2
FNDA:14,(anonymous_0)
FNDA:14,(anonymous_1)
DA:5,190
DA:25,14
DA:26,14
DA:29,1
DA:39,1
DA:50,3
DA:55,1
DA:61,1
DA:70,1
DA:77,1
DA:83,1
DA:90,1
DA:95,1
DA:103,0
DA:111,1
DA:117,0
DA:128,1
DA:135,0
LF:18
LH:15
BRDA:25,0,0,0
BRDA:25,1,0,0
BRDA:26,2,0,1
BRDA:26,2,1,1
BRDA:26,2,2,1
BRDA:26,2,3,2
BRDA:26,2,4,3
BRDA:26,2,5,1
BRDA:26,2,6,1
BRDA:26,2,7,1
BRDA:26,2,8,1
BRDA:26,2,9,1
BRDA:26,2,10,1
BRDA:26,2,11,1
BRDA:26,2,12,0
BRDA:26,2,13,1
BRDA:26,2,14,0
BRDA:26,2,15,1
BRDA:26,2,16,0
BRF:19
BRH:14
end_of_record
TN:
SF:/Users/vg/Documents/Work/froodwebapp/src/utils/reduxHelpers/mainContainer/getMainContainerState.js
FN:8,(anonymous_0)
FNF:1
FNH:1
FNDA:1,(anonymous_0)
DA:8,1
LF:1
LH:1
BRF:0
BRH:0
end_of_record
TN:
SF:/Users/vg/Documents/Work/froodwebapp/src/utils/reduxHelpers/mainContainer/mainContainerReduxHelpers.js
FN:10,(anonymous_0)
FN:27,(anonymous_1)
FN:35,(anonymous_2)
FNF:3
FNH:2
FNDA:1712,(anonymous_0)
FNDA:1710,(anonymous_1)
FNDA:0,(anonymous_2)
DA:10,1712
DA:27,1710
DA:35,0
LF:3
LH:2
BRF:0
BRH:0
end_of_record
TN:
SF:/Users/vg/Documents/Work/froodwebapp/src/utils/staticData/operators.js
FNF:0
FNH:0
DA:1,190
DA:40,190
LF:2
LH:2
BRF:0
BRH:0
end_of_record
TN:
SF:/Users/vg/Documents/Work/froodwebapp/tests/file-mock.js
FNF:0
FNH:0
DA:1,136
LF:1
LH:1
BRF:0
BRH:0
end_of_record
TN:
SF:/Users/vg/Documents/Work/froodwebapp/tests/test-setup.js
FN:5,(anonymous_0)
FNF:1
FNH:1
FNDA:154,(anonymous_0)
DA:4,222
DA:5,222
DA:6,154
LF:3
LH:3
BRDA:5,0,0,222
BRDA:5,0,1,222
BRF:2
BRH:2
end_of_record
